[0.196s] DEBUG:colcon:Command line arguments: ['/usr/bin/colcon', 'build']
[0.196s] DEBUG:colcon:Parsed command line arguments: Namespace(log_base=None, log_level=None, verb_name='build', build_base='build', install_base='install', merge_install=False, symlink_install=False, test_result_base=None, continue_on_error=False, executor='parallel', parallel_workers=8, event_handlers=None, ignore_user_meta=False, metas=['./colcon.meta'], base_paths=['.'], packages_ignore=None, packages_ignore_regex=None, paths=None, packages_up_to=None, packages_up_to_regex=None, packages_above=None, packages_above_and_dependencies=None, packages_above_depth=None, packages_select_by_dep=None, packages_skip_by_dep=None, packages_skip_up_to=None, packages_select_build_failed=False, packages_skip_build_finished=False, packages_select_test_failures=False, packages_skip_test_passed=False, packages_select=None, packages_skip=None, packages_select_regex=None, packages_skip_regex=None, packages_start=None, packages_end=None, allow_overriding=[], cmake_args=None, cmake_target=None, cmake_target_skip_unavailable=False, cmake_clean_cache=False, cmake_clean_first=False, cmake_force_configure=False, ament_cmake_args=None, catkin_cmake_args=None, catkin_skip_building_tests=False, verb_parser=<colcon_defaults.argument_parser.defaults.DefaultArgumentsDecorator object at 0xffff8a44cd30>, verb_extension=<colcon_core.verb.build.BuildVerb object at 0xffff8a56d900>, main=<bound method BuildVerb.main of <colcon_core.verb.build.BuildVerb object at 0xffff8a56d900>>)
[0.526s] Level 1:colcon.colcon_core.package_discovery:discover_packages(colcon_meta) check parameters
[0.527s] Level 1:colcon.colcon_core.package_discovery:discover_packages(recursive) check parameters
[0.527s] Level 1:colcon.colcon_core.package_discovery:discover_packages(ignore) check parameters
[0.527s] Level 1:colcon.colcon_core.package_discovery:discover_packages(path) check parameters
[0.527s] Level 1:colcon.colcon_core.package_discovery:discover_packages(colcon_meta) discover
[0.527s] Level 1:colcon.colcon_core.package_discovery:discover_packages(recursive) discover
[0.527s] INFO:colcon.colcon_core.package_discovery:Crawling recursively for packages in '/home/josh_ym_lee/RBE4540FinalProjectGroup1/project_ws'
[0.527s] Level 1:colcon.colcon_core.package_identification:_identify(.) by extensions ['ignore', 'ignore_ament_install']
[0.527s] Level 1:colcon.colcon_core.package_identification:_identify(.) by extension 'ignore'
[0.527s] Level 1:colcon.colcon_core.package_identification:_identify(.) by extension 'ignore_ament_install'
[0.527s] Level 1:colcon.colcon_core.package_identification:_identify(.) by extensions ['colcon_pkg']
[0.527s] Level 1:colcon.colcon_core.package_identification:_identify(.) by extension 'colcon_pkg'
[0.527s] Level 1:colcon.colcon_core.package_identification:_identify(.) by extensions ['colcon_meta']
[0.527s] Level 1:colcon.colcon_core.package_identification:_identify(.) by extension 'colcon_meta'
[0.527s] Level 1:colcon.colcon_core.package_identification:_identify(.) by extensions ['ros']
[0.527s] Level 1:colcon.colcon_core.package_identification:_identify(.) by extension 'ros'
[0.548s] Level 1:colcon.colcon_core.package_identification:_identify(.) by extensions ['cmake', 'python']
[0.548s] Level 1:colcon.colcon_core.package_identification:_identify(.) by extension 'cmake'
[0.548s] Level 1:colcon.colcon_core.package_identification:_identify(.) by extension 'python'
[0.548s] Level 1:colcon.colcon_core.package_identification:_identify(.) by extensions ['python_setup_py']
[0.548s] Level 1:colcon.colcon_core.package_identification:_identify(.) by extension 'python_setup_py'
[0.548s] Level 1:colcon.colcon_core.package_identification:_identify(build) by extensions ['ignore', 'ignore_ament_install']
[0.548s] Level 1:colcon.colcon_core.package_identification:_identify(build) by extension 'ignore'
[0.548s] Level 1:colcon.colcon_core.package_identification:_identify(build) ignored
[0.548s] Level 1:colcon.colcon_core.package_identification:_identify(install) by extensions ['ignore', 'ignore_ament_install']
[0.549s] Level 1:colcon.colcon_core.package_identification:_identify(install) by extension 'ignore'
[0.549s] Level 1:colcon.colcon_core.package_identification:_identify(install) ignored
[0.549s] Level 1:colcon.colcon_core.package_identification:_identify(log) by extensions ['ignore', 'ignore_ament_install']
[0.549s] Level 1:colcon.colcon_core.package_identification:_identify(log) by extension 'ignore'
[0.549s] Level 1:colcon.colcon_core.package_identification:_identify(log) ignored
[0.549s] Level 1:colcon.colcon_core.package_identification:_identify(src) by extensions ['ignore', 'ignore_ament_install']
[0.549s] Level 1:colcon.colcon_core.package_identification:_identify(src) by extension 'ignore'
[0.549s] Level 1:colcon.colcon_core.package_identification:_identify(src) by extension 'ignore_ament_install'
[0.549s] Level 1:colcon.colcon_core.package_identification:_identify(src) by extensions ['colcon_pkg']
[0.549s] Level 1:colcon.colcon_core.package_identification:_identify(src) by extension 'colcon_pkg'
[0.549s] Level 1:colcon.colcon_core.package_identification:_identify(src) by extensions ['colcon_meta']
[0.549s] Level 1:colcon.colcon_core.package_identification:_identify(src) by extension 'colcon_meta'
[0.550s] Level 1:colcon.colcon_core.package_identification:_identify(src) by extensions ['ros']
[0.550s] Level 1:colcon.colcon_core.package_identification:_identify(src) by extension 'ros'
[0.550s] Level 1:colcon.colcon_core.package_identification:_identify(src) by extensions ['cmake', 'python']
[0.550s] Level 1:colcon.colcon_core.package_identification:_identify(src) by extension 'cmake'
[0.550s] Level 1:colcon.colcon_core.package_identification:_identify(src) by extension 'python'
[0.550s] Level 1:colcon.colcon_core.package_identification:_identify(src) by extensions ['python_setup_py']
[0.550s] Level 1:colcon.colcon_core.package_identification:_identify(src) by extension 'python_setup_py'
[0.550s] Level 1:colcon.colcon_core.package_identification:_identify(src/josh_code) by extensions ['ignore', 'ignore_ament_install']
[0.550s] Level 1:colcon.colcon_core.package_identification:_identify(src/josh_code) by extension 'ignore'
[0.550s] Level 1:colcon.colcon_core.package_identification:_identify(src/josh_code) by extension 'ignore_ament_install'
[0.550s] Level 1:colcon.colcon_core.package_identification:_identify(src/josh_code) by extensions ['colcon_pkg']
[0.550s] Level 1:colcon.colcon_core.package_identification:_identify(src/josh_code) by extension 'colcon_pkg'
[0.550s] Level 1:colcon.colcon_core.package_identification:_identify(src/josh_code) by extensions ['colcon_meta']
[0.550s] Level 1:colcon.colcon_core.package_identification:_identify(src/josh_code) by extension 'colcon_meta'
[0.550s] Level 1:colcon.colcon_core.package_identification:_identify(src/josh_code) by extensions ['ros']
[0.550s] Level 1:colcon.colcon_core.package_identification:_identify(src/josh_code) by extension 'ros'
[0.554s] DEBUG:colcon.colcon_core.package_identification:Package 'src/josh_code' with type 'ros.ament_python' and name 'josh_code'
[0.555s] Level 1:colcon.colcon_core.package_identification:_identify(src/pcl) by extensions ['ignore', 'ignore_ament_install']
[0.555s] Level 1:colcon.colcon_core.package_identification:_identify(src/pcl) by extension 'ignore'
[0.555s] Level 1:colcon.colcon_core.package_identification:_identify(src/pcl) by extension 'ignore_ament_install'
[0.555s] Level 1:colcon.colcon_core.package_identification:_identify(src/pcl) by extensions ['colcon_pkg']
[0.555s] Level 1:colcon.colcon_core.package_identification:_identify(src/pcl) by extension 'colcon_pkg'
[0.555s] Level 1:colcon.colcon_core.package_identification:_identify(src/pcl) by extensions ['colcon_meta']
[0.555s] Level 1:colcon.colcon_core.package_identification:_identify(src/pcl) by extension 'colcon_meta'
[0.555s] Level 1:colcon.colcon_core.package_identification:_identify(src/pcl) by extensions ['ros']
[0.555s] Level 1:colcon.colcon_core.package_identification:_identify(src/pcl) by extension 'ros'
[0.556s] DEBUG:colcon.colcon_core.package_identification:Package 'src/pcl' with type 'ros.ament_cmake' and name 'pcl'
[0.556s] Level 1:colcon.colcon_core.package_identification:_identify(src/vbm_project_env) by extensions ['ignore', 'ignore_ament_install']
[0.556s] Level 1:colcon.colcon_core.package_identification:_identify(src/vbm_project_env) by extension 'ignore'
[0.556s] Level 1:colcon.colcon_core.package_identification:_identify(src/vbm_project_env) by extension 'ignore_ament_install'
[0.556s] Level 1:colcon.colcon_core.package_identification:_identify(src/vbm_project_env) by extensions ['colcon_pkg']
[0.556s] Level 1:colcon.colcon_core.package_identification:_identify(src/vbm_project_env) by extension 'colcon_pkg'
[0.556s] Level 1:colcon.colcon_core.package_identification:_identify(src/vbm_project_env) by extensions ['colcon_meta']
[0.556s] Level 1:colcon.colcon_core.package_identification:_identify(src/vbm_project_env) by extension 'colcon_meta'
[0.556s] Level 1:colcon.colcon_core.package_identification:_identify(src/vbm_project_env) by extensions ['ros']
[0.556s] Level 1:colcon.colcon_core.package_identification:_identify(src/vbm_project_env) by extension 'ros'
[0.557s] DEBUG:colcon.colcon_core.package_identification:Package 'src/vbm_project_env' with type 'ros.ament_cmake' and name 'vbm_project_env'
[0.557s] Level 1:colcon.colcon_core.package_discovery:discover_packages(recursive) using defaults
[0.557s] Level 1:colcon.colcon_core.package_discovery:discover_packages(ignore) discover
[0.557s] Level 1:colcon.colcon_core.package_discovery:discover_packages(ignore) using defaults
[0.557s] Level 1:colcon.colcon_core.package_discovery:discover_packages(path) discover
[0.557s] Level 1:colcon.colcon_core.package_discovery:discover_packages(path) using defaults
[0.612s] Level 1:colcon.colcon_core.package_discovery:discover_packages(prefix_path) check parameters
[0.612s] Level 1:colcon.colcon_core.package_discovery:discover_packages(prefix_path) discover
[0.623s] DEBUG:colcon.colcon_installed_package_information.package_discovery:Found 3 installed packages in /home/josh_ym_lee/RBE4540FinalProjectGroup1/project_ws/install
[0.624s] DEBUG:colcon.colcon_installed_package_information.package_discovery:Found 2 installed packages in /home/josh_ym_lee/install
[0.625s] DEBUG:colcon.colcon_installed_package_information.package_discovery:Found 28 installed packages in /home/josh_ym_lee/ros2_ws/install
[0.626s] DEBUG:colcon.colcon_installed_package_information.package_discovery:Found 1 installed packages in /home/josh_ym_lee/rbe4540-ros/install
[0.628s] DEBUG:colcon.colcon_installed_package_information.package_discovery:Found 339 installed packages in /opt/ros/humble
[0.630s] Level 1:colcon.colcon_core.package_discovery:discover_packages(prefix_path) using defaults
[0.755s] Level 5:colcon.colcon_core.verb:set package 'josh_code' build argument 'cmake_args' from command line to 'None'
[0.755s] Level 5:colcon.colcon_core.verb:set package 'josh_code' build argument 'cmake_target' from command line to 'None'
[0.755s] Level 5:colcon.colcon_core.verb:set package 'josh_code' build argument 'cmake_target_skip_unavailable' from command line to 'False'
[0.755s] Level 5:colcon.colcon_core.verb:set package 'josh_code' build argument 'cmake_clean_cache' from command line to 'False'
[0.755s] Level 5:colcon.colcon_core.verb:set package 'josh_code' build argument 'cmake_clean_first' from command line to 'False'
[0.755s] Level 5:colcon.colcon_core.verb:set package 'josh_code' build argument 'cmake_force_configure' from command line to 'False'
[0.755s] Level 5:colcon.colcon_core.verb:set package 'josh_code' build argument 'ament_cmake_args' from command line to 'None'
[0.755s] Level 5:colcon.colcon_core.verb:set package 'josh_code' build argument 'catkin_cmake_args' from command line to 'None'
[0.755s] Level 5:colcon.colcon_core.verb:set package 'josh_code' build argument 'catkin_skip_building_tests' from command line to 'False'
[0.755s] DEBUG:colcon.colcon_core.verb:Building package 'josh_code' with the following arguments: {'ament_cmake_args': None, 'build_base': '/home/josh_ym_lee/RBE4540FinalProjectGroup1/project_ws/build/josh_code', 'catkin_cmake_args': None, 'catkin_skip_building_tests': False, 'cmake_args': None, 'cmake_clean_cache': False, 'cmake_clean_first': False, 'cmake_force_configure': False, 'cmake_target': None, 'cmake_target_skip_unavailable': False, 'install_base': '/home/josh_ym_lee/RBE4540FinalProjectGroup1/project_ws/install/josh_code', 'merge_install': False, 'path': '/home/josh_ym_lee/RBE4540FinalProjectGroup1/project_ws/src/josh_code', 'symlink_install': False, 'test_result_base': None}
[0.756s] Level 5:colcon.colcon_core.verb:set package 'pcl' build argument 'cmake_args' from command line to 'None'
[0.756s] Level 5:colcon.colcon_core.verb:set package 'pcl' build argument 'cmake_target' from command line to 'None'
[0.756s] Level 5:colcon.colcon_core.verb:set package 'pcl' build argument 'cmake_target_skip_unavailable' from command line to 'False'
[0.756s] Level 5:colcon.colcon_core.verb:set package 'pcl' build argument 'cmake_clean_cache' from command line to 'False'
[0.756s] Level 5:colcon.colcon_core.verb:set package 'pcl' build argument 'cmake_clean_first' from command line to 'False'
[0.756s] Level 5:colcon.colcon_core.verb:set package 'pcl' build argument 'cmake_force_configure' from command line to 'False'
[0.756s] Level 5:colcon.colcon_core.verb:set package 'pcl' build argument 'ament_cmake_args' from command line to 'None'
[0.756s] Level 5:colcon.colcon_core.verb:set package 'pcl' build argument 'catkin_cmake_args' from command line to 'None'
[0.756s] Level 5:colcon.colcon_core.verb:set package 'pcl' build argument 'catkin_skip_building_tests' from command line to 'False'
[0.756s] DEBUG:colcon.colcon_core.verb:Building package 'pcl' with the following arguments: {'ament_cmake_args': None, 'build_base': '/home/josh_ym_lee/RBE4540FinalProjectGroup1/project_ws/build/pcl', 'catkin_cmake_args': None, 'catkin_skip_building_tests': False, 'cmake_args': None, 'cmake_clean_cache': False, 'cmake_clean_first': False, 'cmake_force_configure': False, 'cmake_target': None, 'cmake_target_skip_unavailable': False, 'install_base': '/home/josh_ym_lee/RBE4540FinalProjectGroup1/project_ws/install/pcl', 'merge_install': False, 'path': '/home/josh_ym_lee/RBE4540FinalProjectGroup1/project_ws/src/pcl', 'symlink_install': False, 'test_result_base': None}
[0.756s] Level 5:colcon.colcon_core.verb:set package 'vbm_project_env' build argument 'cmake_args' from command line to 'None'
[0.756s] Level 5:colcon.colcon_core.verb:set package 'vbm_project_env' build argument 'cmake_target' from command line to 'None'
[0.756s] Level 5:colcon.colcon_core.verb:set package 'vbm_project_env' build argument 'cmake_target_skip_unavailable' from command line to 'False'
[0.756s] Level 5:colcon.colcon_core.verb:set package 'vbm_project_env' build argument 'cmake_clean_cache' from command line to 'False'
[0.756s] Level 5:colcon.colcon_core.verb:set package 'vbm_project_env' build argument 'cmake_clean_first' from command line to 'False'
[0.756s] Level 5:colcon.colcon_core.verb:set package 'vbm_project_env' build argument 'cmake_force_configure' from command line to 'False'
[0.756s] Level 5:colcon.colcon_core.verb:set package 'vbm_project_env' build argument 'ament_cmake_args' from command line to 'None'
[0.756s] Level 5:colcon.colcon_core.verb:set package 'vbm_project_env' build argument 'catkin_cmake_args' from command line to 'None'
[0.756s] Level 5:colcon.colcon_core.verb:set package 'vbm_project_env' build argument 'catkin_skip_building_tests' from command line to 'False'
[0.756s] DEBUG:colcon.colcon_core.verb:Building package 'vbm_project_env' with the following arguments: {'ament_cmake_args': None, 'build_base': '/home/josh_ym_lee/RBE4540FinalProjectGroup1/project_ws/build/vbm_project_env', 'catkin_cmake_args': None, 'catkin_skip_building_tests': False, 'cmake_args': None, 'cmake_clean_cache': False, 'cmake_clean_first': False, 'cmake_force_configure': False, 'cmake_target': None, 'cmake_target_skip_unavailable': False, 'install_base': '/home/josh_ym_lee/RBE4540FinalProjectGroup1/project_ws/install/vbm_project_env', 'merge_install': False, 'path': '/home/josh_ym_lee/RBE4540FinalProjectGroup1/project_ws/src/vbm_project_env', 'symlink_install': False, 'test_result_base': None}
[0.756s] INFO:colcon.colcon_core.executor:Executing jobs using 'parallel' executor
[0.758s] DEBUG:colcon.colcon_parallel_executor.executor.parallel:run_until_complete
[0.758s] INFO:colcon.colcon_ros.task.ament_python.build:Building ROS package in '/home/josh_ym_lee/RBE4540FinalProjectGroup1/project_ws/src/josh_code' with build type 'ament_python'
[0.758s] Level 1:colcon.colcon_core.shell:create_environment_hook('josh_code', 'ament_prefix_path')
[0.763s] INFO:colcon.colcon_core.plugin_system:Skipping extension 'colcon_core.shell.bat': Not used on non-Windows systems
[0.763s] INFO:colcon.colcon_core.shell:Creating environment hook '/home/josh_ym_lee/RBE4540FinalProjectGroup1/project_ws/install/josh_code/share/josh_code/hook/ament_prefix_path.ps1'
[0.764s] INFO:colcon.colcon_core.shell:Creating environment descriptor '/home/josh_ym_lee/RBE4540FinalProjectGroup1/project_ws/install/josh_code/share/josh_code/hook/ament_prefix_path.dsv'
[0.765s] INFO:colcon.colcon_core.shell:Creating environment hook '/home/josh_ym_lee/RBE4540FinalProjectGroup1/project_ws/install/josh_code/share/josh_code/hook/ament_prefix_path.sh'
[0.766s] INFO:colcon.colcon_core.shell:Skip shell extension 'powershell' for command environment: Not usable outside of PowerShell
[0.766s] DEBUG:colcon.colcon_core.shell:Skip shell extension 'dsv' for command environment
[0.769s] DEBUG:colcon.colcon_core.shell:Ignoring prefix path '/home/josh_ym_lee/catkin_ws/devel'
[0.771s] INFO:colcon.colcon_ros.task.ament_cmake.build:Building ROS package in '/home/josh_ym_lee/RBE4540FinalProjectGroup1/project_ws/src/pcl' with build type 'ament_cmake'
[0.771s] INFO:colcon.colcon_cmake.task.cmake.build:Building CMake package in '/home/josh_ym_lee/RBE4540FinalProjectGroup1/project_ws/src/pcl'
[0.772s] INFO:colcon.colcon_core.shell:Skip shell extension 'powershell' for command environment: Not usable outside of PowerShell
[0.772s] DEBUG:colcon.colcon_core.shell:Skip shell extension 'dsv' for command environment
[0.776s] DEBUG:colcon.colcon_core.shell:Ignoring prefix path '/home/josh_ym_lee/catkin_ws/devel'
[0.777s] INFO:colcon.colcon_ros.task.ament_cmake.build:Building ROS package in '/home/josh_ym_lee/RBE4540FinalProjectGroup1/project_ws/src/vbm_project_env' with build type 'ament_cmake'
[0.777s] INFO:colcon.colcon_cmake.task.cmake.build:Building CMake package in '/home/josh_ym_lee/RBE4540FinalProjectGroup1/project_ws/src/vbm_project_env'
[0.778s] INFO:colcon.colcon_core.shell:Skip shell extension 'powershell' for command environment: Not usable outside of PowerShell
[0.778s] DEBUG:colcon.colcon_core.shell:Skip shell extension 'dsv' for command environment
[0.783s] DEBUG:colcon.colcon_core.shell:Ignoring prefix path '/home/josh_ym_lee/catkin_ws/devel'
[1.097s] WARNING:colcon.colcon_ros.task.ament_python.build:Package 'josh_code' doesn't explicitly install a marker in the package index (colcon-ros currently does it implicitly but that fallback will be removed in the future)
[1.097s] WARNING:colcon.colcon_ros.task.ament_python.build:Package 'josh_code' doesn't explicitly install the 'package.xml' file (colcon-ros currently does it implicitly but that fallback will be removed in the future)
[1.098s] INFO:colcon.colcon_core.task.python.build:Building Python package in '/home/josh_ym_lee/RBE4540FinalProjectGroup1/project_ws/src/josh_code'
[1.098s] INFO:colcon.colcon_core.shell:Skip shell extension 'powershell' for command environment: Not usable outside of PowerShell
[1.098s] DEBUG:colcon.colcon_core.shell:Skip shell extension 'dsv' for command environment
[1.101s] DEBUG:colcon.colcon_core.shell:Ignoring prefix path '/home/josh_ym_lee/catkin_ws/devel'
[1.106s] DEBUG:colcon.colcon_core.event_handler.log_command:Invoking command in '/home/josh_ym_lee/RBE4540FinalProjectGroup1/project_ws/build/pcl': CMAKE_PREFIX_PATH=/home/josh_ym_lee/RBE4540FinalProjectGroup1/project_ws/install/vbm_project_env:/home/josh_ym_lee/RBE4540FinalProjectGroup1/project_ws/install/pcl:/home/josh_ym_lee/ros2_ws/install/rrbot_gazebo:/home/josh_ym_lee/ros2_ws/install/rrbot_description:/home/josh_ym_lee/ros2_ws/install/gazebo_msgs:/home/josh_ym_lee/ros2_ws/install/gazebo_dev:/home/josh_ym_lee/ros2_ws/install/examples_rclcpp_wait_set:/home/josh_ym_lee/ros2_ws/install/examples_rclcpp_multithreaded_executor:/home/josh_ym_lee/ros2_ws/install/examples_rclcpp_minimal_timer:/home/josh_ym_lee/ros2_ws/install/examples_rclcpp_minimal_subscriber:/home/josh_ym_lee/ros2_ws/install/examples_rclcpp_minimal_service:/home/josh_ym_lee/ros2_ws/install/examples_rclcpp_minimal_publisher:/home/josh_ym_lee/ros2_ws/install/examples_rclcpp_minimal_composition:/home/josh_ym_lee/ros2_ws/install/examples_rclcpp_minimal_client:/home/josh_ym_lee/ros2_ws/install/examples_rclcpp_minimal_action_server:/home/josh_ym_lee/ros2_ws/install/examples_rclcpp_minimal_action_client:/home/josh_ym_lee/ros2_ws/install/examples_rclcpp_cbg_executor:/home/josh_ym_lee/ros2_ws/install/examples_rclcpp_async_client:/home/josh_ym_lee/RBE4540FinalProjectGroup1/project_ws/install/josh_code:/home/josh_ym_lee/ros2_ws/install/opencv_test_py:/home/josh_ym_lee/ros2_ws/install/launch_testing_examples:/home/josh_ym_lee/ros2_ws/install/examples_rclpy_pointcloud_publisher:/home/josh_ym_lee/ros2_ws/install/examples_rclpy_minimal_subscriber:/home/josh_ym_lee/ros2_ws/install/examples_rclpy_minimal_service:/home/josh_ym_lee/ros2_ws/install/examples_rclpy_minimal_publisher:/home/josh_ym_lee/ros2_ws/install/examples_rclpy_minimal_client:/home/josh_ym_lee/ros2_ws/install/examples_rclpy_minimal_action_server:/home/josh_ym_lee/ros2_ws/install/examples_rclpy_minimal_action_client:/home/josh_ym_lee/ros2_ws/install/examples_rclpy_guard_conditions:/home/josh_ym_lee/ros2_ws/install/examples_rclpy_executors:/home/josh_ym_lee/rbe4540-ros/install/josh_rbe_package:/opt/ros/humble:/home/josh_ym_lee/catkin_ws/devel /usr/bin/cmake /home/josh_ym_lee/RBE4540FinalProjectGroup1/project_ws/src/pcl -DCMAKE_INSTALL_PREFIX=/home/josh_ym_lee/RBE4540FinalProjectGroup1/project_ws/install/pcl
[1.114s] DEBUG:colcon.colcon_core.event_handler.log_command:Invoking command in '/home/josh_ym_lee/RBE4540FinalProjectGroup1/project_ws/build/vbm_project_env': CMAKE_PREFIX_PATH=/home/josh_ym_lee/RBE4540FinalProjectGroup1/project_ws/install/vbm_project_env:/home/josh_ym_lee/RBE4540FinalProjectGroup1/project_ws/install/pcl:/home/josh_ym_lee/ros2_ws/install/rrbot_gazebo:/home/josh_ym_lee/ros2_ws/install/rrbot_description:/home/josh_ym_lee/ros2_ws/install/gazebo_msgs:/home/josh_ym_lee/ros2_ws/install/gazebo_dev:/home/josh_ym_lee/ros2_ws/install/examples_rclcpp_wait_set:/home/josh_ym_lee/ros2_ws/install/examples_rclcpp_multithreaded_executor:/home/josh_ym_lee/ros2_ws/install/examples_rclcpp_minimal_timer:/home/josh_ym_lee/ros2_ws/install/examples_rclcpp_minimal_subscriber:/home/josh_ym_lee/ros2_ws/install/examples_rclcpp_minimal_service:/home/josh_ym_lee/ros2_ws/install/examples_rclcpp_minimal_publisher:/home/josh_ym_lee/ros2_ws/install/examples_rclcpp_minimal_composition:/home/josh_ym_lee/ros2_ws/install/examples_rclcpp_minimal_client:/home/josh_ym_lee/ros2_ws/install/examples_rclcpp_minimal_action_server:/home/josh_ym_lee/ros2_ws/install/examples_rclcpp_minimal_action_client:/home/josh_ym_lee/ros2_ws/install/examples_rclcpp_cbg_executor:/home/josh_ym_lee/ros2_ws/install/examples_rclcpp_async_client:/home/josh_ym_lee/RBE4540FinalProjectGroup1/project_ws/install/josh_code:/home/josh_ym_lee/ros2_ws/install/opencv_test_py:/home/josh_ym_lee/ros2_ws/install/launch_testing_examples:/home/josh_ym_lee/ros2_ws/install/examples_rclpy_pointcloud_publisher:/home/josh_ym_lee/ros2_ws/install/examples_rclpy_minimal_subscriber:/home/josh_ym_lee/ros2_ws/install/examples_rclpy_minimal_service:/home/josh_ym_lee/ros2_ws/install/examples_rclpy_minimal_publisher:/home/josh_ym_lee/ros2_ws/install/examples_rclpy_minimal_client:/home/josh_ym_lee/ros2_ws/install/examples_rclpy_minimal_action_server:/home/josh_ym_lee/ros2_ws/install/examples_rclpy_minimal_action_client:/home/josh_ym_lee/ros2_ws/install/examples_rclpy_guard_conditions:/home/josh_ym_lee/ros2_ws/install/examples_rclpy_executors:/home/josh_ym_lee/rbe4540-ros/install/josh_rbe_package:/opt/ros/humble:/home/josh_ym_lee/catkin_ws/devel /usr/bin/cmake /home/josh_ym_lee/RBE4540FinalProjectGroup1/project_ws/src/vbm_project_env -DCMAKE_INSTALL_PREFIX=/home/josh_ym_lee/RBE4540FinalProjectGroup1/project_ws/install/vbm_project_env
[1.484s] DEBUG:colcon.colcon_core.event_handler.log_command:Invoked command in '/home/josh_ym_lee/RBE4540FinalProjectGroup1/project_ws/build/vbm_project_env' returned '0': CMAKE_PREFIX_PATH=/home/josh_ym_lee/RBE4540FinalProjectGroup1/project_ws/install/vbm_project_env:/home/josh_ym_lee/RBE4540FinalProjectGroup1/project_ws/install/pcl:/home/josh_ym_lee/ros2_ws/install/rrbot_gazebo:/home/josh_ym_lee/ros2_ws/install/rrbot_description:/home/josh_ym_lee/ros2_ws/install/gazebo_msgs:/home/josh_ym_lee/ros2_ws/install/gazebo_dev:/home/josh_ym_lee/ros2_ws/install/examples_rclcpp_wait_set:/home/josh_ym_lee/ros2_ws/install/examples_rclcpp_multithreaded_executor:/home/josh_ym_lee/ros2_ws/install/examples_rclcpp_minimal_timer:/home/josh_ym_lee/ros2_ws/install/examples_rclcpp_minimal_subscriber:/home/josh_ym_lee/ros2_ws/install/examples_rclcpp_minimal_service:/home/josh_ym_lee/ros2_ws/install/examples_rclcpp_minimal_publisher:/home/josh_ym_lee/ros2_ws/install/examples_rclcpp_minimal_composition:/home/josh_ym_lee/ros2_ws/install/examples_rclcpp_minimal_client:/home/josh_ym_lee/ros2_ws/install/examples_rclcpp_minimal_action_server:/home/josh_ym_lee/ros2_ws/install/examples_rclcpp_minimal_action_client:/home/josh_ym_lee/ros2_ws/install/examples_rclcpp_cbg_executor:/home/josh_ym_lee/ros2_ws/install/examples_rclcpp_async_client:/home/josh_ym_lee/RBE4540FinalProjectGroup1/project_ws/install/josh_code:/home/josh_ym_lee/ros2_ws/install/opencv_test_py:/home/josh_ym_lee/ros2_ws/install/launch_testing_examples:/home/josh_ym_lee/ros2_ws/install/examples_rclpy_pointcloud_publisher:/home/josh_ym_lee/ros2_ws/install/examples_rclpy_minimal_subscriber:/home/josh_ym_lee/ros2_ws/install/examples_rclpy_minimal_service:/home/josh_ym_lee/ros2_ws/install/examples_rclpy_minimal_publisher:/home/josh_ym_lee/ros2_ws/install/examples_rclpy_minimal_client:/home/josh_ym_lee/ros2_ws/install/examples_rclpy_minimal_action_server:/home/josh_ym_lee/ros2_ws/install/examples_rclpy_minimal_action_client:/home/josh_ym_lee/ros2_ws/install/examples_rclpy_guard_conditions:/home/josh_ym_lee/ros2_ws/install/examples_rclpy_executors:/home/josh_ym_lee/rbe4540-ros/install/josh_rbe_package:/opt/ros/humble:/home/josh_ym_lee/catkin_ws/devel /usr/bin/cmake /home/josh_ym_lee/RBE4540FinalProjectGroup1/project_ws/src/vbm_project_env -DCMAKE_INSTALL_PREFIX=/home/josh_ym_lee/RBE4540FinalProjectGroup1/project_ws/install/vbm_project_env
[1.487s] DEBUG:colcon.colcon_core.event_handler.log_command:Invoking command in '/home/josh_ym_lee/RBE4540FinalProjectGroup1/project_ws/build/vbm_project_env': CMAKE_PREFIX_PATH=/home/josh_ym_lee/RBE4540FinalProjectGroup1/project_ws/install/vbm_project_env:/home/josh_ym_lee/RBE4540FinalProjectGroup1/project_ws/install/pcl:/home/josh_ym_lee/ros2_ws/install/rrbot_gazebo:/home/josh_ym_lee/ros2_ws/install/rrbot_description:/home/josh_ym_lee/ros2_ws/install/gazebo_msgs:/home/josh_ym_lee/ros2_ws/install/gazebo_dev:/home/josh_ym_lee/ros2_ws/install/examples_rclcpp_wait_set:/home/josh_ym_lee/ros2_ws/install/examples_rclcpp_multithreaded_executor:/home/josh_ym_lee/ros2_ws/install/examples_rclcpp_minimal_timer:/home/josh_ym_lee/ros2_ws/install/examples_rclcpp_minimal_subscriber:/home/josh_ym_lee/ros2_ws/install/examples_rclcpp_minimal_service:/home/josh_ym_lee/ros2_ws/install/examples_rclcpp_minimal_publisher:/home/josh_ym_lee/ros2_ws/install/examples_rclcpp_minimal_composition:/home/josh_ym_lee/ros2_ws/install/examples_rclcpp_minimal_client:/home/josh_ym_lee/ros2_ws/install/examples_rclcpp_minimal_action_server:/home/josh_ym_lee/ros2_ws/install/examples_rclcpp_minimal_action_client:/home/josh_ym_lee/ros2_ws/install/examples_rclcpp_cbg_executor:/home/josh_ym_lee/ros2_ws/install/examples_rclcpp_async_client:/home/josh_ym_lee/RBE4540FinalProjectGroup1/project_ws/install/josh_code:/home/josh_ym_lee/ros2_ws/install/opencv_test_py:/home/josh_ym_lee/ros2_ws/install/launch_testing_examples:/home/josh_ym_lee/ros2_ws/install/examples_rclpy_pointcloud_publisher:/home/josh_ym_lee/ros2_ws/install/examples_rclpy_minimal_subscriber:/home/josh_ym_lee/ros2_ws/install/examples_rclpy_minimal_service:/home/josh_ym_lee/ros2_ws/install/examples_rclpy_minimal_publisher:/home/josh_ym_lee/ros2_ws/install/examples_rclpy_minimal_client:/home/josh_ym_lee/ros2_ws/install/examples_rclpy_minimal_action_server:/home/josh_ym_lee/ros2_ws/install/examples_rclpy_minimal_action_client:/home/josh_ym_lee/ros2_ws/install/examples_rclpy_guard_conditions:/home/josh_ym_lee/ros2_ws/install/examples_rclpy_executors:/home/josh_ym_lee/rbe4540-ros/install/josh_rbe_package:/opt/ros/humble:/home/josh_ym_lee/catkin_ws/devel /usr/bin/cmake --build /home/josh_ym_lee/RBE4540FinalProjectGroup1/project_ws/build/vbm_project_env -- -j8 -l8
[1.517s] DEBUG:colcon.colcon_core.event_handler.log_command:Invoked command in '/home/josh_ym_lee/RBE4540FinalProjectGroup1/project_ws/build/vbm_project_env' returned '0': CMAKE_PREFIX_PATH=/home/josh_ym_lee/RBE4540FinalProjectGroup1/project_ws/install/vbm_project_env:/home/josh_ym_lee/RBE4540FinalProjectGroup1/project_ws/install/pcl:/home/josh_ym_lee/ros2_ws/install/rrbot_gazebo:/home/josh_ym_lee/ros2_ws/install/rrbot_description:/home/josh_ym_lee/ros2_ws/install/gazebo_msgs:/home/josh_ym_lee/ros2_ws/install/gazebo_dev:/home/josh_ym_lee/ros2_ws/install/examples_rclcpp_wait_set:/home/josh_ym_lee/ros2_ws/install/examples_rclcpp_multithreaded_executor:/home/josh_ym_lee/ros2_ws/install/examples_rclcpp_minimal_timer:/home/josh_ym_lee/ros2_ws/install/examples_rclcpp_minimal_subscriber:/home/josh_ym_lee/ros2_ws/install/examples_rclcpp_minimal_service:/home/josh_ym_lee/ros2_ws/install/examples_rclcpp_minimal_publisher:/home/josh_ym_lee/ros2_ws/install/examples_rclcpp_minimal_composition:/home/josh_ym_lee/ros2_ws/install/examples_rclcpp_minimal_client:/home/josh_ym_lee/ros2_ws/install/examples_rclcpp_minimal_action_server:/home/josh_ym_lee/ros2_ws/install/examples_rclcpp_minimal_action_client:/home/josh_ym_lee/ros2_ws/install/examples_rclcpp_cbg_executor:/home/josh_ym_lee/ros2_ws/install/examples_rclcpp_async_client:/home/josh_ym_lee/RBE4540FinalProjectGroup1/project_ws/install/josh_code:/home/josh_ym_lee/ros2_ws/install/opencv_test_py:/home/josh_ym_lee/ros2_ws/install/launch_testing_examples:/home/josh_ym_lee/ros2_ws/install/examples_rclpy_pointcloud_publisher:/home/josh_ym_lee/ros2_ws/install/examples_rclpy_minimal_subscriber:/home/josh_ym_lee/ros2_ws/install/examples_rclpy_minimal_service:/home/josh_ym_lee/ros2_ws/install/examples_rclpy_minimal_publisher:/home/josh_ym_lee/ros2_ws/install/examples_rclpy_minimal_client:/home/josh_ym_lee/ros2_ws/install/examples_rclpy_minimal_action_server:/home/josh_ym_lee/ros2_ws/install/examples_rclpy_minimal_action_client:/home/josh_ym_lee/ros2_ws/install/examples_rclpy_guard_conditions:/home/josh_ym_lee/ros2_ws/install/examples_rclpy_executors:/home/josh_ym_lee/rbe4540-ros/install/josh_rbe_package:/opt/ros/humble:/home/josh_ym_lee/catkin_ws/devel /usr/bin/cmake --build /home/josh_ym_lee/RBE4540FinalProjectGroup1/project_ws/build/vbm_project_env -- -j8 -l8
[1.524s] DEBUG:colcon.colcon_core.event_handler.log_command:Invoking command in '/home/josh_ym_lee/RBE4540FinalProjectGroup1/project_ws/build/vbm_project_env': CMAKE_PREFIX_PATH=/home/josh_ym_lee/RBE4540FinalProjectGroup1/project_ws/install/vbm_project_env:/home/josh_ym_lee/RBE4540FinalProjectGroup1/project_ws/install/pcl:/home/josh_ym_lee/ros2_ws/install/rrbot_gazebo:/home/josh_ym_lee/ros2_ws/install/rrbot_description:/home/josh_ym_lee/ros2_ws/install/gazebo_msgs:/home/josh_ym_lee/ros2_ws/install/gazebo_dev:/home/josh_ym_lee/ros2_ws/install/examples_rclcpp_wait_set:/home/josh_ym_lee/ros2_ws/install/examples_rclcpp_multithreaded_executor:/home/josh_ym_lee/ros2_ws/install/examples_rclcpp_minimal_timer:/home/josh_ym_lee/ros2_ws/install/examples_rclcpp_minimal_subscriber:/home/josh_ym_lee/ros2_ws/install/examples_rclcpp_minimal_service:/home/josh_ym_lee/ros2_ws/install/examples_rclcpp_minimal_publisher:/home/josh_ym_lee/ros2_ws/install/examples_rclcpp_minimal_composition:/home/josh_ym_lee/ros2_ws/install/examples_rclcpp_minimal_client:/home/josh_ym_lee/ros2_ws/install/examples_rclcpp_minimal_action_server:/home/josh_ym_lee/ros2_ws/install/examples_rclcpp_minimal_action_client:/home/josh_ym_lee/ros2_ws/install/examples_rclcpp_cbg_executor:/home/josh_ym_lee/ros2_ws/install/examples_rclcpp_async_client:/home/josh_ym_lee/RBE4540FinalProjectGroup1/project_ws/install/josh_code:/home/josh_ym_lee/ros2_ws/install/opencv_test_py:/home/josh_ym_lee/ros2_ws/install/launch_testing_examples:/home/josh_ym_lee/ros2_ws/install/examples_rclpy_pointcloud_publisher:/home/josh_ym_lee/ros2_ws/install/examples_rclpy_minimal_subscriber:/home/josh_ym_lee/ros2_ws/install/examples_rclpy_minimal_service:/home/josh_ym_lee/ros2_ws/install/examples_rclpy_minimal_publisher:/home/josh_ym_lee/ros2_ws/install/examples_rclpy_minimal_client:/home/josh_ym_lee/ros2_ws/install/examples_rclpy_minimal_action_server:/home/josh_ym_lee/ros2_ws/install/examples_rclpy_minimal_action_client:/home/josh_ym_lee/ros2_ws/install/examples_rclpy_guard_conditions:/home/josh_ym_lee/ros2_ws/install/examples_rclpy_executors:/home/josh_ym_lee/rbe4540-ros/install/josh_rbe_package:/opt/ros/humble:/home/josh_ym_lee/catkin_ws/devel /usr/bin/cmake --install /home/josh_ym_lee/RBE4540FinalProjectGroup1/project_ws/build/vbm_project_env
[1.542s] Level 1:colcon.colcon_core.environment:create_environment_scripts_only(vbm_project_env)
[1.543s] DEBUG:colcon.colcon_core.event_handler.log_command:Invoked command in '/home/josh_ym_lee/RBE4540FinalProjectGroup1/project_ws/build/vbm_project_env' returned '0': CMAKE_PREFIX_PATH=/home/josh_ym_lee/RBE4540FinalProjectGroup1/project_ws/install/vbm_project_env:/home/josh_ym_lee/RBE4540FinalProjectGroup1/project_ws/install/pcl:/home/josh_ym_lee/ros2_ws/install/rrbot_gazebo:/home/josh_ym_lee/ros2_ws/install/rrbot_description:/home/josh_ym_lee/ros2_ws/install/gazebo_msgs:/home/josh_ym_lee/ros2_ws/install/gazebo_dev:/home/josh_ym_lee/ros2_ws/install/examples_rclcpp_wait_set:/home/josh_ym_lee/ros2_ws/install/examples_rclcpp_multithreaded_executor:/home/josh_ym_lee/ros2_ws/install/examples_rclcpp_minimal_timer:/home/josh_ym_lee/ros2_ws/install/examples_rclcpp_minimal_subscriber:/home/josh_ym_lee/ros2_ws/install/examples_rclcpp_minimal_service:/home/josh_ym_lee/ros2_ws/install/examples_rclcpp_minimal_publisher:/home/josh_ym_lee/ros2_ws/install/examples_rclcpp_minimal_composition:/home/josh_ym_lee/ros2_ws/install/examples_rclcpp_minimal_client:/home/josh_ym_lee/ros2_ws/install/examples_rclcpp_minimal_action_server:/home/josh_ym_lee/ros2_ws/install/examples_rclcpp_minimal_action_client:/home/josh_ym_lee/ros2_ws/install/examples_rclcpp_cbg_executor:/home/josh_ym_lee/ros2_ws/install/examples_rclcpp_async_client:/home/josh_ym_lee/RBE4540FinalProjectGroup1/project_ws/install/josh_code:/home/josh_ym_lee/ros2_ws/install/opencv_test_py:/home/josh_ym_lee/ros2_ws/install/launch_testing_examples:/home/josh_ym_lee/ros2_ws/install/examples_rclpy_pointcloud_publisher:/home/josh_ym_lee/ros2_ws/install/examples_rclpy_minimal_subscriber:/home/josh_ym_lee/ros2_ws/install/examples_rclpy_minimal_service:/home/josh_ym_lee/ros2_ws/install/examples_rclpy_minimal_publisher:/home/josh_ym_lee/ros2_ws/install/examples_rclpy_minimal_client:/home/josh_ym_lee/ros2_ws/install/examples_rclpy_minimal_action_server:/home/josh_ym_lee/ros2_ws/install/examples_rclpy_minimal_action_client:/home/josh_ym_lee/ros2_ws/install/examples_rclpy_guard_conditions:/home/josh_ym_lee/ros2_ws/install/examples_rclpy_executors:/home/josh_ym_lee/rbe4540-ros/install/josh_rbe_package:/opt/ros/humble:/home/josh_ym_lee/catkin_ws/devel /usr/bin/cmake --install /home/josh_ym_lee/RBE4540FinalProjectGroup1/project_ws/build/vbm_project_env
[1.550s] Level 1:colcon.colcon_core.environment:checking '/home/josh_ym_lee/RBE4540FinalProjectGroup1/project_ws/install/vbm_project_env' for CMake module files
[1.551s] Level 1:colcon.colcon_core.environment:checking '/home/josh_ym_lee/RBE4540FinalProjectGroup1/project_ws/install/vbm_project_env' for CMake config files
[1.552s] Level 1:colcon.colcon_core.shell:create_environment_hook('vbm_project_env', 'cmake_prefix_path')
[1.552s] INFO:colcon.colcon_core.shell:Creating environment hook '/home/josh_ym_lee/RBE4540FinalProjectGroup1/project_ws/install/vbm_project_env/share/vbm_project_env/hook/cmake_prefix_path.ps1'
[1.553s] INFO:colcon.colcon_core.shell:Creating environment descriptor '/home/josh_ym_lee/RBE4540FinalProjectGroup1/project_ws/install/vbm_project_env/share/vbm_project_env/hook/cmake_prefix_path.dsv'
[1.554s] INFO:colcon.colcon_core.shell:Creating environment hook '/home/josh_ym_lee/RBE4540FinalProjectGroup1/project_ws/install/vbm_project_env/share/vbm_project_env/hook/cmake_prefix_path.sh'
[1.555s] Level 1:colcon.colcon_core.environment:checking '/home/josh_ym_lee/RBE4540FinalProjectGroup1/project_ws/install/vbm_project_env/bin'
[1.555s] Level 1:colcon.colcon_core.environment:checking '/home/josh_ym_lee/RBE4540FinalProjectGroup1/project_ws/install/vbm_project_env/lib/pkgconfig/vbm_project_env.pc'
[1.556s] Level 1:colcon.colcon_core.environment:checking '/home/josh_ym_lee/RBE4540FinalProjectGroup1/project_ws/install/vbm_project_env/lib/python3.10/site-packages'
[1.556s] Level 1:colcon.colcon_core.environment:checking '/home/josh_ym_lee/RBE4540FinalProjectGroup1/project_ws/install/vbm_project_env/bin'
[1.556s] INFO:colcon.colcon_core.shell:Creating package script '/home/josh_ym_lee/RBE4540FinalProjectGroup1/project_ws/install/vbm_project_env/share/vbm_project_env/package.ps1'
[1.557s] INFO:colcon.colcon_core.shell:Creating package descriptor '/home/josh_ym_lee/RBE4540FinalProjectGroup1/project_ws/install/vbm_project_env/share/vbm_project_env/package.dsv'
[1.558s] INFO:colcon.colcon_core.shell:Creating package script '/home/josh_ym_lee/RBE4540FinalProjectGroup1/project_ws/install/vbm_project_env/share/vbm_project_env/package.sh'
[1.559s] INFO:colcon.colcon_core.shell:Creating package script '/home/josh_ym_lee/RBE4540FinalProjectGroup1/project_ws/install/vbm_project_env/share/vbm_project_env/package.bash'
[1.560s] INFO:colcon.colcon_core.shell:Creating package script '/home/josh_ym_lee/RBE4540FinalProjectGroup1/project_ws/install/vbm_project_env/share/vbm_project_env/package.zsh'
[1.561s] Level 1:colcon.colcon_core.environment:create_file_with_runtime_dependencies(/home/josh_ym_lee/RBE4540FinalProjectGroup1/project_ws/install/vbm_project_env/share/colcon-core/packages/vbm_project_env)
[1.561s] Level 1:colcon.colcon_core.environment:create_environment_scripts_only(vbm_project_env)
[1.561s] Level 1:colcon.colcon_core.environment:checking '/home/josh_ym_lee/RBE4540FinalProjectGroup1/project_ws/install/vbm_project_env' for CMake module files
[1.562s] Level 1:colcon.colcon_core.environment:checking '/home/josh_ym_lee/RBE4540FinalProjectGroup1/project_ws/install/vbm_project_env' for CMake config files
[1.562s] Level 1:colcon.colcon_core.shell:create_environment_hook('vbm_project_env', 'cmake_prefix_path')
[1.562s] INFO:colcon.colcon_core.shell:Creating environment hook '/home/josh_ym_lee/RBE4540FinalProjectGroup1/project_ws/install/vbm_project_env/share/vbm_project_env/hook/cmake_prefix_path.ps1'
[1.562s] INFO:colcon.colcon_core.shell:Creating environment descriptor '/home/josh_ym_lee/RBE4540FinalProjectGroup1/project_ws/install/vbm_project_env/share/vbm_project_env/hook/cmake_prefix_path.dsv'
[1.563s] INFO:colcon.colcon_core.shell:Creating environment hook '/home/josh_ym_lee/RBE4540FinalProjectGroup1/project_ws/install/vbm_project_env/share/vbm_project_env/hook/cmake_prefix_path.sh'
[1.563s] Level 1:colcon.colcon_core.environment:checking '/home/josh_ym_lee/RBE4540FinalProjectGroup1/project_ws/install/vbm_project_env/bin'
[1.564s] Level 1:colcon.colcon_core.environment:checking '/home/josh_ym_lee/RBE4540FinalProjectGroup1/project_ws/install/vbm_project_env/lib/pkgconfig/vbm_project_env.pc'
[1.564s] Level 1:colcon.colcon_core.environment:checking '/home/josh_ym_lee/RBE4540FinalProjectGroup1/project_ws/install/vbm_project_env/lib/python3.10/site-packages'
[1.564s] Level 1:colcon.colcon_core.environment:checking '/home/josh_ym_lee/RBE4540FinalProjectGroup1/project_ws/install/vbm_project_env/bin'
[1.564s] INFO:colcon.colcon_core.shell:Creating package script '/home/josh_ym_lee/RBE4540FinalProjectGroup1/project_ws/install/vbm_project_env/share/vbm_project_env/package.ps1'
[1.564s] INFO:colcon.colcon_core.shell:Creating package descriptor '/home/josh_ym_lee/RBE4540FinalProjectGroup1/project_ws/install/vbm_project_env/share/vbm_project_env/package.dsv'
[1.565s] INFO:colcon.colcon_core.shell:Creating package script '/home/josh_ym_lee/RBE4540FinalProjectGroup1/project_ws/install/vbm_project_env/share/vbm_project_env/package.sh'
[1.565s] INFO:colcon.colcon_core.shell:Creating package script '/home/josh_ym_lee/RBE4540FinalProjectGroup1/project_ws/install/vbm_project_env/share/vbm_project_env/package.bash'
[1.566s] INFO:colcon.colcon_core.shell:Creating package script '/home/josh_ym_lee/RBE4540FinalProjectGroup1/project_ws/install/vbm_project_env/share/vbm_project_env/package.zsh'
[1.567s] Level 1:colcon.colcon_core.environment:create_file_with_runtime_dependencies(/home/josh_ym_lee/RBE4540FinalProjectGroup1/project_ws/install/vbm_project_env/share/colcon-core/packages/vbm_project_env)
[1.722s] DEBUG:colcon.colcon_core.event_handler.log_command:Invoking command in '/home/josh_ym_lee/RBE4540FinalProjectGroup1/project_ws/src/josh_code': PYTHONPATH=/home/josh_ym_lee/RBE4540FinalProjectGroup1/project_ws/build/josh_code/prefix_override:/usr/lib/python3/dist-packages/colcon_core/task/python/colcon_distutils_commands:/home/josh_ym_lee/RBE4540FinalProjectGroup1/project_ws/install/josh_code/lib/python3.10/site-packages:${PYTHONPATH} /usr/bin/python3 -W ignore:setup.py install is deprecated -W ignore:easy_install command is deprecated setup.py egg_info --egg-base ../../build/josh_code build --build-base /home/josh_ym_lee/RBE4540FinalProjectGroup1/project_ws/build/josh_code/build install --record /home/josh_ym_lee/RBE4540FinalProjectGroup1/project_ws/build/josh_code/install.log --single-version-externally-managed install_data
[2.008s] Level 1:colcon.colcon_core.environment:checking '/home/josh_ym_lee/RBE4540FinalProjectGroup1/project_ws/install/josh_code' for CMake module files
[2.009s] DEBUG:colcon.colcon_core.event_handler.log_command:Invoked command in '/home/josh_ym_lee/RBE4540FinalProjectGroup1/project_ws/src/josh_code' returned '0': PYTHONPATH=/home/josh_ym_lee/RBE4540FinalProjectGroup1/project_ws/build/josh_code/prefix_override:/usr/lib/python3/dist-packages/colcon_core/task/python/colcon_distutils_commands:/home/josh_ym_lee/RBE4540FinalProjectGroup1/project_ws/install/josh_code/lib/python3.10/site-packages:${PYTHONPATH} /usr/bin/python3 -W ignore:setup.py install is deprecated -W ignore:easy_install command is deprecated setup.py egg_info --egg-base ../../build/josh_code build --build-base /home/josh_ym_lee/RBE4540FinalProjectGroup1/project_ws/build/josh_code/build install --record /home/josh_ym_lee/RBE4540FinalProjectGroup1/project_ws/build/josh_code/install.log --single-version-externally-managed install_data
[2.009s] Level 1:colcon.colcon_core.environment:checking '/home/josh_ym_lee/RBE4540FinalProjectGroup1/project_ws/install/josh_code' for CMake config files
[2.010s] Level 1:colcon.colcon_core.environment:checking '/home/josh_ym_lee/RBE4540FinalProjectGroup1/project_ws/install/josh_code/lib'
[2.010s] Level 1:colcon.colcon_core.environment:checking '/home/josh_ym_lee/RBE4540FinalProjectGroup1/project_ws/install/josh_code/bin'
[2.010s] Level 1:colcon.colcon_core.environment:checking '/home/josh_ym_lee/RBE4540FinalProjectGroup1/project_ws/install/josh_code/lib/pkgconfig/josh_code.pc'
[2.010s] Level 1:colcon.colcon_core.environment:checking '/home/josh_ym_lee/RBE4540FinalProjectGroup1/project_ws/install/josh_code/lib/python3.10/site-packages'
[2.010s] Level 1:colcon.colcon_core.shell:create_environment_hook('josh_code', 'pythonpath')
[2.010s] INFO:colcon.colcon_core.shell:Creating environment hook '/home/josh_ym_lee/RBE4540FinalProjectGroup1/project_ws/install/josh_code/share/josh_code/hook/pythonpath.ps1'
[2.011s] INFO:colcon.colcon_core.shell:Creating environment descriptor '/home/josh_ym_lee/RBE4540FinalProjectGroup1/project_ws/install/josh_code/share/josh_code/hook/pythonpath.dsv'
[2.011s] INFO:colcon.colcon_core.shell:Creating environment hook '/home/josh_ym_lee/RBE4540FinalProjectGroup1/project_ws/install/josh_code/share/josh_code/hook/pythonpath.sh'
[2.012s] Level 1:colcon.colcon_core.environment:checking '/home/josh_ym_lee/RBE4540FinalProjectGroup1/project_ws/install/josh_code/bin'
[2.012s] Level 1:colcon.colcon_core.environment:create_environment_scripts_only(josh_code)
[2.012s] INFO:colcon.colcon_core.shell:Creating package script '/home/josh_ym_lee/RBE4540FinalProjectGroup1/project_ws/install/josh_code/share/josh_code/package.ps1'
[2.012s] INFO:colcon.colcon_core.shell:Creating package descriptor '/home/josh_ym_lee/RBE4540FinalProjectGroup1/project_ws/install/josh_code/share/josh_code/package.dsv'
[2.013s] INFO:colcon.colcon_core.shell:Creating package script '/home/josh_ym_lee/RBE4540FinalProjectGroup1/project_ws/install/josh_code/share/josh_code/package.sh'
[2.013s] INFO:colcon.colcon_core.shell:Creating package script '/home/josh_ym_lee/RBE4540FinalProjectGroup1/project_ws/install/josh_code/share/josh_code/package.bash'
[2.014s] INFO:colcon.colcon_core.shell:Creating package script '/home/josh_ym_lee/RBE4540FinalProjectGroup1/project_ws/install/josh_code/share/josh_code/package.zsh'
[2.014s] Level 1:colcon.colcon_core.environment:create_file_with_runtime_dependencies(/home/josh_ym_lee/RBE4540FinalProjectGroup1/project_ws/install/josh_code/share/colcon-core/packages/josh_code)
[3.475s] DEBUG:colcon.colcon_core.event_handler.log_command:Invoked command in '/home/josh_ym_lee/RBE4540FinalProjectGroup1/project_ws/build/pcl' returned '0': CMAKE_PREFIX_PATH=/home/josh_ym_lee/RBE4540FinalProjectGroup1/project_ws/install/vbm_project_env:/home/josh_ym_lee/RBE4540FinalProjectGroup1/project_ws/install/pcl:/home/josh_ym_lee/ros2_ws/install/rrbot_gazebo:/home/josh_ym_lee/ros2_ws/install/rrbot_description:/home/josh_ym_lee/ros2_ws/install/gazebo_msgs:/home/josh_ym_lee/ros2_ws/install/gazebo_dev:/home/josh_ym_lee/ros2_ws/install/examples_rclcpp_wait_set:/home/josh_ym_lee/ros2_ws/install/examples_rclcpp_multithreaded_executor:/home/josh_ym_lee/ros2_ws/install/examples_rclcpp_minimal_timer:/home/josh_ym_lee/ros2_ws/install/examples_rclcpp_minimal_subscriber:/home/josh_ym_lee/ros2_ws/install/examples_rclcpp_minimal_service:/home/josh_ym_lee/ros2_ws/install/examples_rclcpp_minimal_publisher:/home/josh_ym_lee/ros2_ws/install/examples_rclcpp_minimal_composition:/home/josh_ym_lee/ros2_ws/install/examples_rclcpp_minimal_client:/home/josh_ym_lee/ros2_ws/install/examples_rclcpp_minimal_action_server:/home/josh_ym_lee/ros2_ws/install/examples_rclcpp_minimal_action_client:/home/josh_ym_lee/ros2_ws/install/examples_rclcpp_cbg_executor:/home/josh_ym_lee/ros2_ws/install/examples_rclcpp_async_client:/home/josh_ym_lee/RBE4540FinalProjectGroup1/project_ws/install/josh_code:/home/josh_ym_lee/ros2_ws/install/opencv_test_py:/home/josh_ym_lee/ros2_ws/install/launch_testing_examples:/home/josh_ym_lee/ros2_ws/install/examples_rclpy_pointcloud_publisher:/home/josh_ym_lee/ros2_ws/install/examples_rclpy_minimal_subscriber:/home/josh_ym_lee/ros2_ws/install/examples_rclpy_minimal_service:/home/josh_ym_lee/ros2_ws/install/examples_rclpy_minimal_publisher:/home/josh_ym_lee/ros2_ws/install/examples_rclpy_minimal_client:/home/josh_ym_lee/ros2_ws/install/examples_rclpy_minimal_action_server:/home/josh_ym_lee/ros2_ws/install/examples_rclpy_minimal_action_client:/home/josh_ym_lee/ros2_ws/install/examples_rclpy_guard_conditions:/home/josh_ym_lee/ros2_ws/install/examples_rclpy_executors:/home/josh_ym_lee/rbe4540-ros/install/josh_rbe_package:/opt/ros/humble:/home/josh_ym_lee/catkin_ws/devel /usr/bin/cmake /home/josh_ym_lee/RBE4540FinalProjectGroup1/project_ws/src/pcl -DCMAKE_INSTALL_PREFIX=/home/josh_ym_lee/RBE4540FinalProjectGroup1/project_ws/install/pcl
[3.477s] DEBUG:colcon.colcon_core.event_handler.log_command:Invoking command in '/home/josh_ym_lee/RBE4540FinalProjectGroup1/project_ws/build/pcl': CMAKE_PREFIX_PATH=/home/josh_ym_lee/RBE4540FinalProjectGroup1/project_ws/install/vbm_project_env:/home/josh_ym_lee/RBE4540FinalProjectGroup1/project_ws/install/pcl:/home/josh_ym_lee/ros2_ws/install/rrbot_gazebo:/home/josh_ym_lee/ros2_ws/install/rrbot_description:/home/josh_ym_lee/ros2_ws/install/gazebo_msgs:/home/josh_ym_lee/ros2_ws/install/gazebo_dev:/home/josh_ym_lee/ros2_ws/install/examples_rclcpp_wait_set:/home/josh_ym_lee/ros2_ws/install/examples_rclcpp_multithreaded_executor:/home/josh_ym_lee/ros2_ws/install/examples_rclcpp_minimal_timer:/home/josh_ym_lee/ros2_ws/install/examples_rclcpp_minimal_subscriber:/home/josh_ym_lee/ros2_ws/install/examples_rclcpp_minimal_service:/home/josh_ym_lee/ros2_ws/install/examples_rclcpp_minimal_publisher:/home/josh_ym_lee/ros2_ws/install/examples_rclcpp_minimal_composition:/home/josh_ym_lee/ros2_ws/install/examples_rclcpp_minimal_client:/home/josh_ym_lee/ros2_ws/install/examples_rclcpp_minimal_action_server:/home/josh_ym_lee/ros2_ws/install/examples_rclcpp_minimal_action_client:/home/josh_ym_lee/ros2_ws/install/examples_rclcpp_cbg_executor:/home/josh_ym_lee/ros2_ws/install/examples_rclcpp_async_client:/home/josh_ym_lee/RBE4540FinalProjectGroup1/project_ws/install/josh_code:/home/josh_ym_lee/ros2_ws/install/opencv_test_py:/home/josh_ym_lee/ros2_ws/install/launch_testing_examples:/home/josh_ym_lee/ros2_ws/install/examples_rclpy_pointcloud_publisher:/home/josh_ym_lee/ros2_ws/install/examples_rclpy_minimal_subscriber:/home/josh_ym_lee/ros2_ws/install/examples_rclpy_minimal_service:/home/josh_ym_lee/ros2_ws/install/examples_rclpy_minimal_publisher:/home/josh_ym_lee/ros2_ws/install/examples_rclpy_minimal_client:/home/josh_ym_lee/ros2_ws/install/examples_rclpy_minimal_action_server:/home/josh_ym_lee/ros2_ws/install/examples_rclpy_minimal_action_client:/home/josh_ym_lee/ros2_ws/install/examples_rclpy_guard_conditions:/home/josh_ym_lee/ros2_ws/install/examples_rclpy_executors:/home/josh_ym_lee/rbe4540-ros/install/josh_rbe_package:/opt/ros/humble:/home/josh_ym_lee/catkin_ws/devel /usr/bin/cmake --build /home/josh_ym_lee/RBE4540FinalProjectGroup1/project_ws/build/pcl -- -j8 -l8
[3.759s] DEBUG:colcon.colcon_core.event_handler.log_command:Invoked command in '/home/josh_ym_lee/RBE4540FinalProjectGroup1/project_ws/build/pcl' returned '0': CMAKE_PREFIX_PATH=/home/josh_ym_lee/RBE4540FinalProjectGroup1/project_ws/install/vbm_project_env:/home/josh_ym_lee/RBE4540FinalProjectGroup1/project_ws/install/pcl:/home/josh_ym_lee/ros2_ws/install/rrbot_gazebo:/home/josh_ym_lee/ros2_ws/install/rrbot_description:/home/josh_ym_lee/ros2_ws/install/gazebo_msgs:/home/josh_ym_lee/ros2_ws/install/gazebo_dev:/home/josh_ym_lee/ros2_ws/install/examples_rclcpp_wait_set:/home/josh_ym_lee/ros2_ws/install/examples_rclcpp_multithreaded_executor:/home/josh_ym_lee/ros2_ws/install/examples_rclcpp_minimal_timer:/home/josh_ym_lee/ros2_ws/install/examples_rclcpp_minimal_subscriber:/home/josh_ym_lee/ros2_ws/install/examples_rclcpp_minimal_service:/home/josh_ym_lee/ros2_ws/install/examples_rclcpp_minimal_publisher:/home/josh_ym_lee/ros2_ws/install/examples_rclcpp_minimal_composition:/home/josh_ym_lee/ros2_ws/install/examples_rclcpp_minimal_client:/home/josh_ym_lee/ros2_ws/install/examples_rclcpp_minimal_action_server:/home/josh_ym_lee/ros2_ws/install/examples_rclcpp_minimal_action_client:/home/josh_ym_lee/ros2_ws/install/examples_rclcpp_cbg_executor:/home/josh_ym_lee/ros2_ws/install/examples_rclcpp_async_client:/home/josh_ym_lee/RBE4540FinalProjectGroup1/project_ws/install/josh_code:/home/josh_ym_lee/ros2_ws/install/opencv_test_py:/home/josh_ym_lee/ros2_ws/install/launch_testing_examples:/home/josh_ym_lee/ros2_ws/install/examples_rclpy_pointcloud_publisher:/home/josh_ym_lee/ros2_ws/install/examples_rclpy_minimal_subscriber:/home/josh_ym_lee/ros2_ws/install/examples_rclpy_minimal_service:/home/josh_ym_lee/ros2_ws/install/examples_rclpy_minimal_publisher:/home/josh_ym_lee/ros2_ws/install/examples_rclpy_minimal_client:/home/josh_ym_lee/ros2_ws/install/examples_rclpy_minimal_action_server:/home/josh_ym_lee/ros2_ws/install/examples_rclpy_minimal_action_client:/home/josh_ym_lee/ros2_ws/install/examples_rclpy_guard_conditions:/home/josh_ym_lee/ros2_ws/install/examples_rclpy_executors:/home/josh_ym_lee/rbe4540-ros/install/josh_rbe_package:/opt/ros/humble:/home/josh_ym_lee/catkin_ws/devel /usr/bin/cmake --build /home/josh_ym_lee/RBE4540FinalProjectGroup1/project_ws/build/pcl -- -j8 -l8
[3.760s] DEBUG:colcon.colcon_core.event_handler.log_command:Invoking command in '/home/josh_ym_lee/RBE4540FinalProjectGroup1/project_ws/build/pcl': CMAKE_PREFIX_PATH=/home/josh_ym_lee/RBE4540FinalProjectGroup1/project_ws/install/vbm_project_env:/home/josh_ym_lee/RBE4540FinalProjectGroup1/project_ws/install/pcl:/home/josh_ym_lee/ros2_ws/install/rrbot_gazebo:/home/josh_ym_lee/ros2_ws/install/rrbot_description:/home/josh_ym_lee/ros2_ws/install/gazebo_msgs:/home/josh_ym_lee/ros2_ws/install/gazebo_dev:/home/josh_ym_lee/ros2_ws/install/examples_rclcpp_wait_set:/home/josh_ym_lee/ros2_ws/install/examples_rclcpp_multithreaded_executor:/home/josh_ym_lee/ros2_ws/install/examples_rclcpp_minimal_timer:/home/josh_ym_lee/ros2_ws/install/examples_rclcpp_minimal_subscriber:/home/josh_ym_lee/ros2_ws/install/examples_rclcpp_minimal_service:/home/josh_ym_lee/ros2_ws/install/examples_rclcpp_minimal_publisher:/home/josh_ym_lee/ros2_ws/install/examples_rclcpp_minimal_composition:/home/josh_ym_lee/ros2_ws/install/examples_rclcpp_minimal_client:/home/josh_ym_lee/ros2_ws/install/examples_rclcpp_minimal_action_server:/home/josh_ym_lee/ros2_ws/install/examples_rclcpp_minimal_action_client:/home/josh_ym_lee/ros2_ws/install/examples_rclcpp_cbg_executor:/home/josh_ym_lee/ros2_ws/install/examples_rclcpp_async_client:/home/josh_ym_lee/RBE4540FinalProjectGroup1/project_ws/install/josh_code:/home/josh_ym_lee/ros2_ws/install/opencv_test_py:/home/josh_ym_lee/ros2_ws/install/launch_testing_examples:/home/josh_ym_lee/ros2_ws/install/examples_rclpy_pointcloud_publisher:/home/josh_ym_lee/ros2_ws/install/examples_rclpy_minimal_subscriber:/home/josh_ym_lee/ros2_ws/install/examples_rclpy_minimal_service:/home/josh_ym_lee/ros2_ws/install/examples_rclpy_minimal_publisher:/home/josh_ym_lee/ros2_ws/install/examples_rclpy_minimal_client:/home/josh_ym_lee/ros2_ws/install/examples_rclpy_minimal_action_server:/home/josh_ym_lee/ros2_ws/install/examples_rclpy_minimal_action_client:/home/josh_ym_lee/ros2_ws/install/examples_rclpy_guard_conditions:/home/josh_ym_lee/ros2_ws/install/examples_rclpy_executors:/home/josh_ym_lee/rbe4540-ros/install/josh_rbe_package:/opt/ros/humble:/home/josh_ym_lee/catkin_ws/devel /usr/bin/cmake --install /home/josh_ym_lee/RBE4540FinalProjectGroup1/project_ws/build/pcl
[3.807s] Level 1:colcon.colcon_core.environment:create_environment_scripts_only(pcl)
[3.808s] Level 1:colcon.colcon_core.environment:checking '/home/josh_ym_lee/RBE4540FinalProjectGroup1/project_ws/install/pcl' for CMake module files
[3.808s] DEBUG:colcon.colcon_core.event_handler.log_command:Invoked command in '/home/josh_ym_lee/RBE4540FinalProjectGroup1/project_ws/build/pcl' returned '0': CMAKE_PREFIX_PATH=/home/josh_ym_lee/RBE4540FinalProjectGroup1/project_ws/install/vbm_project_env:/home/josh_ym_lee/RBE4540FinalProjectGroup1/project_ws/install/pcl:/home/josh_ym_lee/ros2_ws/install/rrbot_gazebo:/home/josh_ym_lee/ros2_ws/install/rrbot_description:/home/josh_ym_lee/ros2_ws/install/gazebo_msgs:/home/josh_ym_lee/ros2_ws/install/gazebo_dev:/home/josh_ym_lee/ros2_ws/install/examples_rclcpp_wait_set:/home/josh_ym_lee/ros2_ws/install/examples_rclcpp_multithreaded_executor:/home/josh_ym_lee/ros2_ws/install/examples_rclcpp_minimal_timer:/home/josh_ym_lee/ros2_ws/install/examples_rclcpp_minimal_subscriber:/home/josh_ym_lee/ros2_ws/install/examples_rclcpp_minimal_service:/home/josh_ym_lee/ros2_ws/install/examples_rclcpp_minimal_publisher:/home/josh_ym_lee/ros2_ws/install/examples_rclcpp_minimal_composition:/home/josh_ym_lee/ros2_ws/install/examples_rclcpp_minimal_client:/home/josh_ym_lee/ros2_ws/install/examples_rclcpp_minimal_action_server:/home/josh_ym_lee/ros2_ws/install/examples_rclcpp_minimal_action_client:/home/josh_ym_lee/ros2_ws/install/examples_rclcpp_cbg_executor:/home/josh_ym_lee/ros2_ws/install/examples_rclcpp_async_client:/home/josh_ym_lee/RBE4540FinalProjectGroup1/project_ws/install/josh_code:/home/josh_ym_lee/ros2_ws/install/opencv_test_py:/home/josh_ym_lee/ros2_ws/install/launch_testing_examples:/home/josh_ym_lee/ros2_ws/install/examples_rclpy_pointcloud_publisher:/home/josh_ym_lee/ros2_ws/install/examples_rclpy_minimal_subscriber:/home/josh_ym_lee/ros2_ws/install/examples_rclpy_minimal_service:/home/josh_ym_lee/ros2_ws/install/examples_rclpy_minimal_publisher:/home/josh_ym_lee/ros2_ws/install/examples_rclpy_minimal_client:/home/josh_ym_lee/ros2_ws/install/examples_rclpy_minimal_action_server:/home/josh_ym_lee/ros2_ws/install/examples_rclpy_minimal_action_client:/home/josh_ym_lee/ros2_ws/install/examples_rclpy_guard_conditions:/home/josh_ym_lee/ros2_ws/install/examples_rclpy_executors:/home/josh_ym_lee/rbe4540-ros/install/josh_rbe_package:/opt/ros/humble:/home/josh_ym_lee/catkin_ws/devel /usr/bin/cmake --install /home/josh_ym_lee/RBE4540FinalProjectGroup1/project_ws/build/pcl
[3.808s] Level 1:colcon.colcon_core.environment:checking '/home/josh_ym_lee/RBE4540FinalProjectGroup1/project_ws/install/pcl' for CMake config files
[3.809s] Level 1:colcon.colcon_core.shell:create_environment_hook('pcl', 'cmake_prefix_path')
[3.809s] INFO:colcon.colcon_core.shell:Creating environment hook '/home/josh_ym_lee/RBE4540FinalProjectGroup1/project_ws/install/pcl/share/pcl/hook/cmake_prefix_path.ps1'
[3.809s] INFO:colcon.colcon_core.shell:Creating environment descriptor '/home/josh_ym_lee/RBE4540FinalProjectGroup1/project_ws/install/pcl/share/pcl/hook/cmake_prefix_path.dsv'
[3.809s] INFO:colcon.colcon_core.shell:Creating environment hook '/home/josh_ym_lee/RBE4540FinalProjectGroup1/project_ws/install/pcl/share/pcl/hook/cmake_prefix_path.sh'
[3.810s] Level 1:colcon.colcon_core.environment:checking '/home/josh_ym_lee/RBE4540FinalProjectGroup1/project_ws/install/pcl/lib'
[3.810s] Level 1:colcon.colcon_core.environment:checking '/home/josh_ym_lee/RBE4540FinalProjectGroup1/project_ws/install/pcl/bin'
[3.810s] Level 1:colcon.colcon_core.environment:checking '/home/josh_ym_lee/RBE4540FinalProjectGroup1/project_ws/install/pcl/lib/pkgconfig/pcl.pc'
[3.810s] Level 1:colcon.colcon_core.environment:checking '/home/josh_ym_lee/RBE4540FinalProjectGroup1/project_ws/install/pcl/lib/python3.10/site-packages'
[3.811s] Level 1:colcon.colcon_core.environment:checking '/home/josh_ym_lee/RBE4540FinalProjectGroup1/project_ws/install/pcl/bin'
[3.811s] INFO:colcon.colcon_core.shell:Creating package script '/home/josh_ym_lee/RBE4540FinalProjectGroup1/project_ws/install/pcl/share/pcl/package.ps1'
[3.811s] INFO:colcon.colcon_core.shell:Creating package descriptor '/home/josh_ym_lee/RBE4540FinalProjectGroup1/project_ws/install/pcl/share/pcl/package.dsv'
[3.812s] INFO:colcon.colcon_core.shell:Creating package script '/home/josh_ym_lee/RBE4540FinalProjectGroup1/project_ws/install/pcl/share/pcl/package.sh'
[3.812s] INFO:colcon.colcon_core.shell:Creating package script '/home/josh_ym_lee/RBE4540FinalProjectGroup1/project_ws/install/pcl/share/pcl/package.bash'
[3.812s] INFO:colcon.colcon_core.shell:Creating package script '/home/josh_ym_lee/RBE4540FinalProjectGroup1/project_ws/install/pcl/share/pcl/package.zsh'
[3.813s] Level 1:colcon.colcon_core.environment:create_file_with_runtime_dependencies(/home/josh_ym_lee/RBE4540FinalProjectGroup1/project_ws/install/pcl/share/colcon-core/packages/pcl)
[3.813s] Level 1:colcon.colcon_core.environment:create_environment_scripts_only(pcl)
[3.814s] Level 1:colcon.colcon_core.environment:checking '/home/josh_ym_lee/RBE4540FinalProjectGroup1/project_ws/install/pcl' for CMake module files
[3.814s] Level 1:colcon.colcon_core.environment:checking '/home/josh_ym_lee/RBE4540FinalProjectGroup1/project_ws/install/pcl' for CMake config files
[3.814s] Level 1:colcon.colcon_core.shell:create_environment_hook('pcl', 'cmake_prefix_path')
[3.814s] INFO:colcon.colcon_core.shell:Creating environment hook '/home/josh_ym_lee/RBE4540FinalProjectGroup1/project_ws/install/pcl/share/pcl/hook/cmake_prefix_path.ps1'
[3.814s] INFO:colcon.colcon_core.shell:Creating environment descriptor '/home/josh_ym_lee/RBE4540FinalProjectGroup1/project_ws/install/pcl/share/pcl/hook/cmake_prefix_path.dsv'
[3.815s] INFO:colcon.colcon_core.shell:Creating environment hook '/home/josh_ym_lee/RBE4540FinalProjectGroup1/project_ws/install/pcl/share/pcl/hook/cmake_prefix_path.sh'
[3.816s] Level 1:colcon.colcon_core.environment:checking '/home/josh_ym_lee/RBE4540FinalProjectGroup1/project_ws/install/pcl/lib'
[3.816s] Level 1:colcon.colcon_core.environment:checking '/home/josh_ym_lee/RBE4540FinalProjectGroup1/project_ws/install/pcl/bin'
[3.816s] Level 1:colcon.colcon_core.environment:checking '/home/josh_ym_lee/RBE4540FinalProjectGroup1/project_ws/install/pcl/lib/pkgconfig/pcl.pc'
[3.816s] Level 1:colcon.colcon_core.environment:checking '/home/josh_ym_lee/RBE4540FinalProjectGroup1/project_ws/install/pcl/lib/python3.10/site-packages'
[3.816s] Level 1:colcon.colcon_core.environment:checking '/home/josh_ym_lee/RBE4540FinalProjectGroup1/project_ws/install/pcl/bin'
[3.816s] INFO:colcon.colcon_core.shell:Creating package script '/home/josh_ym_lee/RBE4540FinalProjectGroup1/project_ws/install/pcl/share/pcl/package.ps1'
[3.817s] INFO:colcon.colcon_core.shell:Creating package descriptor '/home/josh_ym_lee/RBE4540FinalProjectGroup1/project_ws/install/pcl/share/pcl/package.dsv'
[3.817s] INFO:colcon.colcon_core.shell:Creating package script '/home/josh_ym_lee/RBE4540FinalProjectGroup1/project_ws/install/pcl/share/pcl/package.sh'
[3.818s] INFO:colcon.colcon_core.shell:Creating package script '/home/josh_ym_lee/RBE4540FinalProjectGroup1/project_ws/install/pcl/share/pcl/package.bash'
[3.818s] INFO:colcon.colcon_core.shell:Creating package script '/home/josh_ym_lee/RBE4540FinalProjectGroup1/project_ws/install/pcl/share/pcl/package.zsh'
[3.818s] Level 1:colcon.colcon_core.environment:create_file_with_runtime_dependencies(/home/josh_ym_lee/RBE4540FinalProjectGroup1/project_ws/install/pcl/share/colcon-core/packages/pcl)
[3.819s] DEBUG:colcon.colcon_parallel_executor.executor.parallel:closing loop
[3.819s] DEBUG:colcon.colcon_parallel_executor.executor.parallel:loop closed
[3.819s] DEBUG:colcon.colcon_parallel_executor.executor.parallel:run_until_complete finished with '0'
[3.819s] DEBUG:colcon.colcon_core.event_reactor:joining thread
[3.829s] INFO:colcon.colcon_core.plugin_system:Skipping extension 'colcon_notification.desktop_notification.terminal_notifier': Not used on non-Darwin systems
[3.829s] INFO:colcon.colcon_core.plugin_system:Skipping extension 'colcon_notification.desktop_notification.win32': Not used on non-Windows systems
[3.829s] INFO:colcon.colcon_notification.desktop_notification:Sending desktop notification using 'notify2'
[3.870s] DEBUG:colcon.colcon_core.event_reactor:joined thread
[3.870s] INFO:colcon.colcon_core.shell:Creating prefix script '/home/josh_ym_lee/RBE4540FinalProjectGroup1/project_ws/install/local_setup.ps1'
[3.871s] INFO:colcon.colcon_core.shell:Creating prefix util module '/home/josh_ym_lee/RBE4540FinalProjectGroup1/project_ws/install/_local_setup_util_ps1.py'
[3.873s] INFO:colcon.colcon_core.shell:Creating prefix chain script '/home/josh_ym_lee/RBE4540FinalProjectGroup1/project_ws/install/setup.ps1'
[3.875s] INFO:colcon.colcon_core.shell:Creating prefix script '/home/josh_ym_lee/RBE4540FinalProjectGroup1/project_ws/install/local_setup.sh'
[3.876s] INFO:colcon.colcon_core.shell:Creating prefix util module '/home/josh_ym_lee/RBE4540FinalProjectGroup1/project_ws/install/_local_setup_util_sh.py'
[3.878s] INFO:colcon.colcon_core.shell:Creating prefix chain script '/home/josh_ym_lee/RBE4540FinalProjectGroup1/project_ws/install/setup.sh'
[3.882s] INFO:colcon.colcon_core.shell:Creating prefix script '/home/josh_ym_lee/RBE4540FinalProjectGroup1/project_ws/install/local_setup.bash'
[3.894s] INFO:colcon.colcon_core.shell:Creating prefix chain script '/home/josh_ym_lee/RBE4540FinalProjectGroup1/project_ws/install/setup.bash'
[3.897s] INFO:colcon.colcon_core.shell:Creating prefix script '/home/josh_ym_lee/RBE4540FinalProjectGroup1/project_ws/install/local_setup.zsh'
[3.897s] INFO:colcon.colcon_core.shell:Creating prefix chain script '/home/josh_ym_lee/RBE4540FinalProjectGroup1/project_ws/install/setup.zsh'
