[0.923s] Invoking command in '/home/josh_ym_lee/RBE4540FinalProjectGroup1/project_ws/src/josh_code': PYTHONPATH=/home/josh_ym_lee/RBE4540FinalProjectGroup1/project_ws/build/josh_code/prefix_override:/usr/lib/python3/dist-packages/colcon_core/task/python/colcon_distutils_commands:/home/josh_ym_lee/RBE4540FinalProjectGroup1/project_ws/install/josh_code/lib/python3.10/site-packages:${PYTHONPATH} /usr/bin/python3 -W ignore:setup.py install is deprecated -W ignore:easy_install command is deprecated setup.py egg_info --egg-base ../../build/josh_code build --build-base /home/josh_ym_lee/RBE4540FinalProjectGroup1/project_ws/build/josh_code/build install --record /home/josh_ym_lee/RBE4540FinalProjectGroup1/project_ws/build/josh_code/install.log --single-version-externally-managed install_data
[1.129s] running egg_info
[1.129s] writing ../../build/josh_code/Josh_Code.egg-info/PKG-INFO
[1.130s] writing dependency_links to ../../build/josh_code/Josh_Code.egg-info/dependency_links.txt
[1.130s] writing entry points to ../../build/josh_code/Josh_Code.egg-info/entry_points.txt
[1.130s] writing requirements to ../../build/josh_code/Josh_Code.egg-info/requires.txt
[1.131s] writing top-level names to ../../build/josh_code/Josh_Code.egg-info/top_level.txt
[1.133s] reading manifest file '../../build/josh_code/Josh_Code.egg-info/SOURCES.txt'
[1.134s] writing manifest file '../../build/josh_code/Josh_Code.egg-info/SOURCES.txt'
[1.134s] running build
[1.134s] running build_py
[1.135s] copying josh_code/grasp_matrix_node.py -> /home/josh_ym_lee/RBE4540FinalProjectGroup1/project_ws/build/josh_code/build/lib/josh_code
[1.135s] copying josh_code/Grasp_function_Individual_Josh.py -> /home/josh_ym_lee/RBE4540FinalProjectGroup1/project_ws/build/josh_code/build/lib/josh_code
[1.135s] running install
[1.135s] running install_lib
[1.137s] creating /home/josh_ym_lee/RBE4540FinalProjectGroup1/project_ws/install/josh_code/lib/python3.10/site-packages/josh_code
[1.137s] copying /home/josh_ym_lee/RBE4540FinalProjectGroup1/project_ws/build/josh_code/build/lib/josh_code/__init__.py -> /home/josh_ym_lee/RBE4540FinalProjectGroup1/project_ws/install/josh_code/lib/python3.10/site-packages/josh_code
[1.137s] copying /home/josh_ym_lee/RBE4540FinalProjectGroup1/project_ws/build/josh_code/build/lib/josh_code/grasp_matrix_node.py -> /home/josh_ym_lee/RBE4540FinalProjectGroup1/project_ws/install/josh_code/lib/python3.10/site-packages/josh_code
[1.137s] copying /home/josh_ym_lee/RBE4540FinalProjectGroup1/project_ws/build/josh_code/build/lib/josh_code/Grasp_function_Josh.py -> /home/josh_ym_lee/RBE4540FinalProjectGroup1/project_ws/install/josh_code/lib/python3.10/site-packages/josh_code
[1.138s] copying /home/josh_ym_lee/RBE4540FinalProjectGroup1/project_ws/build/josh_code/build/lib/josh_code/Grasp_function_Individual_Josh.py -> /home/josh_ym_lee/RBE4540FinalProjectGroup1/project_ws/install/josh_code/lib/python3.10/site-packages/josh_code
[1.138s] byte-compiling /home/josh_ym_lee/RBE4540FinalProjectGroup1/project_ws/install/josh_code/lib/python3.10/site-packages/josh_code/__init__.py to __init__.cpython-310.pyc
[1.138s] byte-compiling /home/josh_ym_lee/RBE4540FinalProjectGroup1/project_ws/install/josh_code/lib/python3.10/site-packages/josh_code/grasp_matrix_node.py to grasp_matrix_node.cpython-310.pyc
[1.139s] byte-compiling /home/josh_ym_lee/RBE4540FinalProjectGroup1/project_ws/install/josh_code/lib/python3.10/site-packages/josh_code/Grasp_function_Josh.py to Grasp_function_Josh.cpython-310.pyc
[1.140s] byte-compiling /home/josh_ym_lee/RBE4540FinalProjectGroup1/project_ws/install/josh_code/lib/python3.10/site-packages/josh_code/Grasp_function_Individual_Josh.py to Grasp_function_Individual_Josh.cpython-310.pyc
[1.140s] running install_data
[1.140s] running install_egg_info
[1.143s] Copying ../../build/josh_code/Josh_Code.egg-info to /home/josh_ym_lee/RBE4540FinalProjectGroup1/project_ws/install/josh_code/lib/python3.10/site-packages/Josh_Code-0.0.0-py3.10.egg-info
[1.145s] running install_scripts
[1.173s] Installing grasp_matrix_node script to /home/josh_ym_lee/RBE4540FinalProjectGroup1/project_ws/install/josh_code/lib/Josh_Code
[1.174s] writing list of installed files to '/home/josh_ym_lee/RBE4540FinalProjectGroup1/project_ws/build/josh_code/install.log'
[1.192s] Invoked command in '/home/josh_ym_lee/RBE4540FinalProjectGroup1/project_ws/src/josh_code' returned '0': PYTHONPATH=/home/josh_ym_lee/RBE4540FinalProjectGroup1/project_ws/build/josh_code/prefix_override:/usr/lib/python3/dist-packages/colcon_core/task/python/colcon_distutils_commands:/home/josh_ym_lee/RBE4540FinalProjectGroup1/project_ws/install/josh_code/lib/python3.10/site-packages:${PYTHONPATH} /usr/bin/python3 -W ignore:setup.py install is deprecated -W ignore:easy_install command is deprecated setup.py egg_info --egg-base ../../build/josh_code build --build-base /home/josh_ym_lee/RBE4540FinalProjectGroup1/project_ws/build/josh_code/build install --record /home/josh_ym_lee/RBE4540FinalProjectGroup1/project_ws/build/josh_code/install.log --single-version-externally-managed install_data
