[0.006s] Invoking command in '/home/cloliveira/Final_Project/RBE4540FinalProjectGroup1/project_ws/build/vbm_project_env': CMAKE_PREFIX_PATH=/home/cloliveira/HW4/gazebotest_ws/install/rrbot_gazebo:/home/cloliveira/HW4/gazebotest_ws/install/rrbot_description:/home/cloliveira/HW4/gazebotest_ws/install/opencv_test_py:/home/cloliveira/rbe450x-ros/install/my_package:/opt/ros/humble /usr/bin/cmake /home/cloliveira/Final_Project/RBE4540FinalProjectGroup1/project_ws/src/vbm_project_env -DCMAKE_INSTALL_PREFIX=/home/cloliveira/Final_Project/RBE4540FinalProjectGroup1/project_ws/install/vbm_project_env
[0.163s] -- The C compiler identification is GNU 11.4.0
[0.264s] -- The CXX compiler identification is GNU 11.4.0
[0.271s] -- Detecting C compiler ABI info
[0.359s] -- Detecting C compiler ABI info - done
[0.366s] -- Check for working C compiler: /usr/bin/cc - skipped
[0.367s] -- Detecting C compile features
[0.367s] -- Detecting C compile features - done
[0.372s] -- Detecting CXX compiler ABI info
[0.459s] -- Detecting CXX compiler ABI info - done
[0.468s] -- Check for working CXX compiler: /usr/bin/c++ - skipped
[0.468s] -- Detecting CXX compile features
[0.469s] -- Detecting CXX compile features - done
[0.475s] -- Found ament_cmake: 1.3.12 (/opt/ros/humble/share/ament_cmake/cmake)
[0.600s] -- Found Python3: /usr/bin/python3 (found version "3.10.12") found components: Interpreter 
[0.667s] -- Found ament_lint_auto: 0.12.14 (/opt/ros/humble/share/ament_lint_auto/cmake)
[0.718s] -- Added test 'flake8' to check Python code syntax and style conventions
[0.719s] -- Added test 'lint_cmake' to check CMake code style
[0.719s] -- Added test 'pep257' to check Python code against some of the docstring style conventions in PEP 257
[0.720s] -- Added test 'xmllint' to check XML markup files
[0.721s] -- Configuring done
[0.723s] -- Generating done
[0.724s] -- Build files have been written to: /home/cloliveira/Final_Project/RBE4540FinalProjectGroup1/project_ws/build/vbm_project_env
[0.727s] Invoked command in '/home/cloliveira/Final_Project/RBE4540FinalProjectGroup1/project_ws/build/vbm_project_env' returned '0': CMAKE_PREFIX_PATH=/home/cloliveira/HW4/gazebotest_ws/install/rrbot_gazebo:/home/cloliveira/HW4/gazebotest_ws/install/rrbot_description:/home/cloliveira/HW4/gazebotest_ws/install/opencv_test_py:/home/cloliveira/rbe450x-ros/install/my_package:/opt/ros/humble /usr/bin/cmake /home/cloliveira/Final_Project/RBE4540FinalProjectGroup1/project_ws/src/vbm_project_env -DCMAKE_INSTALL_PREFIX=/home/cloliveira/Final_Project/RBE4540FinalProjectGroup1/project_ws/install/vbm_project_env
[0.730s] Invoking command in '/home/cloliveira/Final_Project/RBE4540FinalProjectGroup1/project_ws/build/vbm_project_env': CMAKE_PREFIX_PATH=/home/cloliveira/HW4/gazebotest_ws/install/rrbot_gazebo:/home/cloliveira/HW4/gazebotest_ws/install/rrbot_description:/home/cloliveira/HW4/gazebotest_ws/install/opencv_test_py:/home/cloliveira/rbe450x-ros/install/my_package:/opt/ros/humble /usr/bin/cmake --build /home/cloliveira/Final_Project/RBE4540FinalProjectGroup1/project_ws/build/vbm_project_env -- -j20 -l20
[0.772s] Invoked command in '/home/cloliveira/Final_Project/RBE4540FinalProjectGroup1/project_ws/build/vbm_project_env' returned '0': CMAKE_PREFIX_PATH=/home/cloliveira/HW4/gazebotest_ws/install/rrbot_gazebo:/home/cloliveira/HW4/gazebotest_ws/install/rrbot_description:/home/cloliveira/HW4/gazebotest_ws/install/opencv_test_py:/home/cloliveira/rbe450x-ros/install/my_package:/opt/ros/humble /usr/bin/cmake --build /home/cloliveira/Final_Project/RBE4540FinalProjectGroup1/project_ws/build/vbm_project_env -- -j20 -l20
[0.783s] Invoking command in '/home/cloliveira/Final_Project/RBE4540FinalProjectGroup1/project_ws/build/vbm_project_env': CMAKE_PREFIX_PATH=/home/cloliveira/HW4/gazebotest_ws/install/rrbot_gazebo:/home/cloliveira/HW4/gazebotest_ws/install/rrbot_description:/home/cloliveira/HW4/gazebotest_ws/install/opencv_test_py:/home/cloliveira/rbe450x-ros/install/my_package:/opt/ros/humble /usr/bin/cmake --install /home/cloliveira/Final_Project/RBE4540FinalProjectGroup1/project_ws/build/vbm_project_env
[0.790s] -- Install configuration: ""
[0.790s] -- Installing: /home/cloliveira/Final_Project/RBE4540FinalProjectGroup1/project_ws/install/vbm_project_env/share/vbm_project_env/launch
[0.790s] -- Installing: /home/cloliveira/Final_Project/RBE4540FinalProjectGroup1/project_ws/install/vbm_project_env/share/vbm_project_env/launch/simulation.launch.py
[0.790s] -- Installing: /home/cloliveira/Final_Project/RBE4540FinalProjectGroup1/project_ws/install/vbm_project_env/share/vbm_project_env/worlds
[0.790s] -- Installing: /home/cloliveira/Final_Project/RBE4540FinalProjectGroup1/project_ws/install/vbm_project_env/share/vbm_project_env/worlds/simulation.world
[0.790s] -- Installing: /home/cloliveira/Final_Project/RBE4540FinalProjectGroup1/project_ws/install/vbm_project_env/share/vbm_project_env/urdf
[0.790s] -- Installing: /home/cloliveira/Final_Project/RBE4540FinalProjectGroup1/project_ws/install/vbm_project_env/share/vbm_project_env/urdf/camera.urdf
[0.790s] -- Installing: /home/cloliveira/Final_Project/RBE4540FinalProjectGroup1/project_ws/install/vbm_project_env/share/ament_index/resource_index/package_run_dependencies/vbm_project_env
[0.790s] -- Installing: /home/cloliveira/Final_Project/RBE4540FinalProjectGroup1/project_ws/install/vbm_project_env/share/ament_index/resource_index/parent_prefix_path/vbm_project_env
[0.790s] -- Installing: /home/cloliveira/Final_Project/RBE4540FinalProjectGroup1/project_ws/install/vbm_project_env/share/vbm_project_env/environment/ament_prefix_path.sh
[0.791s] -- Installing: /home/cloliveira/Final_Project/RBE4540FinalProjectGroup1/project_ws/install/vbm_project_env/share/vbm_project_env/environment/ament_prefix_path.dsv
[0.791s] -- Installing: /home/cloliveira/Final_Project/RBE4540FinalProjectGroup1/project_ws/install/vbm_project_env/share/vbm_project_env/environment/path.sh
[0.791s] -- Installing: /home/cloliveira/Final_Project/RBE4540FinalProjectGroup1/project_ws/install/vbm_project_env/share/vbm_project_env/environment/path.dsv
[0.791s] -- Installing: /home/cloliveira/Final_Project/RBE4540FinalProjectGroup1/project_ws/install/vbm_project_env/share/vbm_project_env/local_setup.bash
[0.791s] -- Installing: /home/cloliveira/Final_Project/RBE4540FinalProjectGroup1/project_ws/install/vbm_project_env/share/vbm_project_env/local_setup.sh
[0.791s] -- Installing: /home/cloliveira/Final_Project/RBE4540FinalProjectGroup1/project_ws/install/vbm_project_env/share/vbm_project_env/local_setup.zsh
[0.791s] -- Installing: /home/cloliveira/Final_Project/RBE4540FinalProjectGroup1/project_ws/install/vbm_project_env/share/vbm_project_env/local_setup.dsv
[0.791s] -- Installing: /home/cloliveira/Final_Project/RBE4540FinalProjectGroup1/project_ws/install/vbm_project_env/share/vbm_project_env/package.dsv
[0.791s] -- Installing: /home/cloliveira/Final_Project/RBE4540FinalProjectGroup1/project_ws/install/vbm_project_env/share/ament_index/resource_index/packages/vbm_project_env
[0.792s] -- Installing: /home/cloliveira/Final_Project/RBE4540FinalProjectGroup1/project_ws/install/vbm_project_env/share/vbm_project_env/cmake/vbm_project_envConfig.cmake
[0.792s] -- Installing: /home/cloliveira/Final_Project/RBE4540FinalProjectGroup1/project_ws/install/vbm_project_env/share/vbm_project_env/cmake/vbm_project_envConfig-version.cmake
[0.792s] -- Installing: /home/cloliveira/Final_Project/RBE4540FinalProjectGroup1/project_ws/install/vbm_project_env/share/vbm_project_env/package.xml
[0.793s] Invoked command in '/home/cloliveira/Final_Project/RBE4540FinalProjectGroup1/project_ws/build/vbm_project_env' returned '0': CMAKE_PREFIX_PATH=/home/cloliveira/HW4/gazebotest_ws/install/rrbot_gazebo:/home/cloliveira/HW4/gazebotest_ws/install/rrbot_description:/home/cloliveira/HW4/gazebotest_ws/install/opencv_test_py:/home/cloliveira/rbe450x-ros/install/my_package:/opt/ros/humble /usr/bin/cmake --install /home/cloliveira/Final_Project/RBE4540FinalProjectGroup1/project_ws/build/vbm_project_env
