[0.964s] Invoking command in '/home/josh_ym_lee/RBE4540FinalProjectGroup1/project_ws/src/josh_code': PYTHONPATH=/home/josh_ym_lee/RBE4540FinalProjectGroup1/project_ws/build/josh_code/prefix_override:/usr/lib/python3/dist-packages/colcon_core/task/python/colcon_distutils_commands:/home/josh_ym_lee/RBE4540FinalProjectGroup1/project_ws/install/josh_code/lib/python3.10/site-packages:${PYTHONPATH} /usr/bin/python3 -W ignore:setup.py install is deprecated -W ignore:easy_install command is deprecated setup.py egg_info --egg-base ../../build/josh_code build --build-base /home/josh_ym_lee/RBE4540FinalProjectGroup1/project_ws/build/josh_code/build install --record /home/josh_ym_lee/RBE4540FinalProjectGroup1/project_ws/build/josh_code/install.log --single-version-externally-managed install_data
[1.184s] running egg_info
[1.185s] writing ../../build/josh_code/Josh_Code.egg-info/PKG-INFO
[1.185s] writing dependency_links to ../../build/josh_code/Josh_Code.egg-info/dependency_links.txt
[1.185s] writing entry points to ../../build/josh_code/Josh_Code.egg-info/entry_points.txt
[1.186s] writing requirements to ../../build/josh_code/Josh_Code.egg-info/requires.txt
[1.186s] writing top-level names to ../../build/josh_code/Josh_Code.egg-info/top_level.txt
[1.189s] reading manifest file '../../build/josh_code/Josh_Code.egg-info/SOURCES.txt'
[1.190s] writing manifest file '../../build/josh_code/Josh_Code.egg-info/SOURCES.txt'
[1.190s] running build
[1.190s] running build_py
[1.190s] creating /home/josh_ym_lee/RBE4540FinalProjectGroup1/project_ws/build/josh_code/build
[1.190s] creating /home/josh_ym_lee/RBE4540FinalProjectGroup1/project_ws/build/josh_code/build/lib
[1.190s] creating /home/josh_ym_lee/RBE4540FinalProjectGroup1/project_ws/build/josh_code/build/lib/josh_code
[1.190s] copying josh_code/__init__.py -> /home/josh_ym_lee/RBE4540FinalProjectGroup1/project_ws/build/josh_code/build/lib/josh_code
[1.190s] copying josh_code/Grasp_function_Josh.py -> /home/josh_ym_lee/RBE4540FinalProjectGroup1/project_ws/build/josh_code/build/lib/josh_code
[1.191s] running install
[1.191s] running install_lib
[1.192s] creating /home/josh_ym_lee/RBE4540FinalProjectGroup1/project_ws/install/josh_code/lib/python3.10/site-packages/josh_code
[1.192s] copying /home/josh_ym_lee/RBE4540FinalProjectGroup1/project_ws/build/josh_code/build/lib/josh_code/__init__.py -> /home/josh_ym_lee/RBE4540FinalProjectGroup1/project_ws/install/josh_code/lib/python3.10/site-packages/josh_code
[1.193s] copying /home/josh_ym_lee/RBE4540FinalProjectGroup1/project_ws/build/josh_code/build/lib/josh_code/Grasp_function_Josh.py -> /home/josh_ym_lee/RBE4540FinalProjectGroup1/project_ws/install/josh_code/lib/python3.10/site-packages/josh_code
[1.193s] byte-compiling /home/josh_ym_lee/RBE4540FinalProjectGroup1/project_ws/install/josh_code/lib/python3.10/site-packages/josh_code/__init__.py to __init__.cpython-310.pyc
[1.193s] byte-compiling /home/josh_ym_lee/RBE4540FinalProjectGroup1/project_ws/install/josh_code/lib/python3.10/site-packages/josh_code/Grasp_function_Josh.py to Grasp_function_Josh.cpython-310.pyc
[1.194s] running install_data
[1.195s] running install_egg_info
[1.198s] Copying ../../build/josh_code/Josh_Code.egg-info to /home/josh_ym_lee/RBE4540FinalProjectGroup1/project_ws/install/josh_code/lib/python3.10/site-packages/Josh_Code-0.0.0-py3.10.egg-info
[1.199s] running install_scripts
[1.229s] Installing grasp_function_josh_node script to /home/josh_ym_lee/RBE4540FinalProjectGroup1/project_ws/install/josh_code/lib/Josh_Code
[1.229s] writing list of installed files to '/home/josh_ym_lee/RBE4540FinalProjectGroup1/project_ws/build/josh_code/install.log'
[1.250s] Invoked command in '/home/josh_ym_lee/RBE4540FinalProjectGroup1/project_ws/src/josh_code' returned '0': PYTHONPATH=/home/josh_ym_lee/RBE4540FinalProjectGroup1/project_ws/build/josh_code/prefix_override:/usr/lib/python3/dist-packages/colcon_core/task/python/colcon_distutils_commands:/home/josh_ym_lee/RBE4540FinalProjectGroup1/project_ws/install/josh_code/lib/python3.10/site-packages:${PYTHONPATH} /usr/bin/python3 -W ignore:setup.py install is deprecated -W ignore:easy_install command is deprecated setup.py egg_info --egg-base ../../build/josh_code build --build-base /home/josh_ym_lee/RBE4540FinalProjectGroup1/project_ws/build/josh_code/build install --record /home/josh_ym_lee/RBE4540FinalProjectGroup1/project_ws/build/josh_code/install.log --single-version-externally-managed install_data
