[0.158s] DEBUG:colcon:Command line arguments: ['/usr/bin/colcon', 'build', '--symlink-install']
[0.158s] DEBUG:colcon:Parsed command line arguments: Namespace(log_base=None, log_level=None, verb_name='build', build_base='build', install_base='install', merge_install=False, symlink_install=True, test_result_base=None, continue_on_error=False, executor='parallel', parallel_workers=8, event_handlers=None, ignore_user_meta=False, metas=['./colcon.meta'], base_paths=['.'], packages_ignore=None, packages_ignore_regex=None, paths=None, packages_up_to=None, packages_up_to_regex=None, packages_above=None, packages_above_and_dependencies=None, packages_above_depth=None, packages_select_by_dep=None, packages_skip_by_dep=None, packages_skip_up_to=None, packages_select_build_failed=False, packages_skip_build_finished=False, packages_select_test_failures=False, packages_skip_test_passed=False, packages_select=None, packages_skip=None, packages_select_regex=None, packages_skip_regex=None, packages_start=None, packages_end=None, allow_overriding=[], cmake_args=None, cmake_target=None, cmake_target_skip_unavailable=False, cmake_clean_cache=False, cmake_clean_first=False, cmake_force_configure=False, ament_cmake_args=None, catkin_cmake_args=None, catkin_skip_building_tests=False, verb_parser=<colcon_defaults.argument_parser.defaults.DefaultArgumentsDecorator object at 0xffffad124d30>, verb_extension=<colcon_core.verb.build.BuildVerb object at 0xffffad241900>, main=<bound method BuildVerb.main of <colcon_core.verb.build.BuildVerb object at 0xffffad241900>>)
[0.332s] Level 1:colcon.colcon_core.package_discovery:discover_packages(colcon_meta) check parameters
[0.332s] Level 1:colcon.colcon_core.package_discovery:discover_packages(recursive) check parameters
[0.332s] Level 1:colcon.colcon_core.package_discovery:discover_packages(ignore) check parameters
[0.332s] Level 1:colcon.colcon_core.package_discovery:discover_packages(path) check parameters
[0.332s] Level 1:colcon.colcon_core.package_discovery:discover_packages(colcon_meta) discover
[0.332s] Level 1:colcon.colcon_core.package_discovery:discover_packages(recursive) discover
[0.332s] INFO:colcon.colcon_core.package_discovery:Crawling recursively for packages in '/home/josh_ym_lee/RBE4540FinalProjectGroup1/project_ws'
[0.332s] Level 1:colcon.colcon_core.package_identification:_identify(.) by extensions ['ignore', 'ignore_ament_install']
[0.332s] Level 1:colcon.colcon_core.package_identification:_identify(.) by extension 'ignore'
[0.332s] Level 1:colcon.colcon_core.package_identification:_identify(.) by extension 'ignore_ament_install'
[0.333s] Level 1:colcon.colcon_core.package_identification:_identify(.) by extensions ['colcon_pkg']
[0.333s] Level 1:colcon.colcon_core.package_identification:_identify(.) by extension 'colcon_pkg'
[0.333s] Level 1:colcon.colcon_core.package_identification:_identify(.) by extensions ['colcon_meta']
[0.333s] Level 1:colcon.colcon_core.package_identification:_identify(.) by extension 'colcon_meta'
[0.333s] Level 1:colcon.colcon_core.package_identification:_identify(.) by extensions ['ros']
[0.333s] Level 1:colcon.colcon_core.package_identification:_identify(.) by extension 'ros'
[0.346s] Level 1:colcon.colcon_core.package_identification:_identify(.) by extensions ['cmake', 'python']
[0.346s] Level 1:colcon.colcon_core.package_identification:_identify(.) by extension 'cmake'
[0.346s] Level 1:colcon.colcon_core.package_identification:_identify(.) by extension 'python'
[0.346s] Level 1:colcon.colcon_core.package_identification:_identify(.) by extensions ['python_setup_py']
[0.346s] Level 1:colcon.colcon_core.package_identification:_identify(.) by extension 'python_setup_py'
[0.346s] Level 1:colcon.colcon_core.package_identification:_identify(build) by extensions ['ignore', 'ignore_ament_install']
[0.346s] Level 1:colcon.colcon_core.package_identification:_identify(build) by extension 'ignore'
[0.346s] Level 1:colcon.colcon_core.package_identification:_identify(build) ignored
[0.346s] Level 1:colcon.colcon_core.package_identification:_identify(install) by extensions ['ignore', 'ignore_ament_install']
[0.346s] Level 1:colcon.colcon_core.package_identification:_identify(install) by extension 'ignore'
[0.346s] Level 1:colcon.colcon_core.package_identification:_identify(install) ignored
[0.346s] Level 1:colcon.colcon_core.package_identification:_identify(log) by extensions ['ignore', 'ignore_ament_install']
[0.346s] Level 1:colcon.colcon_core.package_identification:_identify(log) by extension 'ignore'
[0.346s] Level 1:colcon.colcon_core.package_identification:_identify(log) ignored
[0.347s] Level 1:colcon.colcon_core.package_identification:_identify(src) by extensions ['ignore', 'ignore_ament_install']
[0.347s] Level 1:colcon.colcon_core.package_identification:_identify(src) by extension 'ignore'
[0.347s] Level 1:colcon.colcon_core.package_identification:_identify(src) by extension 'ignore_ament_install'
[0.347s] Level 1:colcon.colcon_core.package_identification:_identify(src) by extensions ['colcon_pkg']
[0.347s] Level 1:colcon.colcon_core.package_identification:_identify(src) by extension 'colcon_pkg'
[0.347s] Level 1:colcon.colcon_core.package_identification:_identify(src) by extensions ['colcon_meta']
[0.347s] Level 1:colcon.colcon_core.package_identification:_identify(src) by extension 'colcon_meta'
[0.347s] Level 1:colcon.colcon_core.package_identification:_identify(src) by extensions ['ros']
[0.347s] Level 1:colcon.colcon_core.package_identification:_identify(src) by extension 'ros'
[0.347s] Level 1:colcon.colcon_core.package_identification:_identify(src) by extensions ['cmake', 'python']
[0.347s] Level 1:colcon.colcon_core.package_identification:_identify(src) by extension 'cmake'
[0.347s] Level 1:colcon.colcon_core.package_identification:_identify(src) by extension 'python'
[0.347s] Level 1:colcon.colcon_core.package_identification:_identify(src) by extensions ['python_setup_py']
[0.347s] Level 1:colcon.colcon_core.package_identification:_identify(src) by extension 'python_setup_py'
[0.347s] Level 1:colcon.colcon_core.package_identification:_identify(src/josh_code) by extensions ['ignore', 'ignore_ament_install']
[0.347s] Level 1:colcon.colcon_core.package_identification:_identify(src/josh_code) by extension 'ignore'
[0.347s] Level 1:colcon.colcon_core.package_identification:_identify(src/josh_code) by extension 'ignore_ament_install'
[0.347s] Level 1:colcon.colcon_core.package_identification:_identify(src/josh_code) by extensions ['colcon_pkg']
[0.347s] Level 1:colcon.colcon_core.package_identification:_identify(src/josh_code) by extension 'colcon_pkg'
[0.347s] Level 1:colcon.colcon_core.package_identification:_identify(src/josh_code) by extensions ['colcon_meta']
[0.347s] Level 1:colcon.colcon_core.package_identification:_identify(src/josh_code) by extension 'colcon_meta'
[0.347s] Level 1:colcon.colcon_core.package_identification:_identify(src/josh_code) by extensions ['ros']
[0.347s] Level 1:colcon.colcon_core.package_identification:_identify(src/josh_code) by extension 'ros'
[0.352s] DEBUG:colcon.colcon_core.package_identification:Package 'src/josh_code' with type 'ros.ament_python' and name 'josh_code'
[0.353s] Level 1:colcon.colcon_core.package_identification:_identify(src/pcl) by extensions ['ignore', 'ignore_ament_install']
[0.353s] Level 1:colcon.colcon_core.package_identification:_identify(src/pcl) by extension 'ignore'
[0.353s] Level 1:colcon.colcon_core.package_identification:_identify(src/pcl) by extension 'ignore_ament_install'
[0.353s] Level 1:colcon.colcon_core.package_identification:_identify(src/pcl) by extensions ['colcon_pkg']
[0.353s] Level 1:colcon.colcon_core.package_identification:_identify(src/pcl) by extension 'colcon_pkg'
[0.353s] Level 1:colcon.colcon_core.package_identification:_identify(src/pcl) by extensions ['colcon_meta']
[0.353s] Level 1:colcon.colcon_core.package_identification:_identify(src/pcl) by extension 'colcon_meta'
[0.353s] Level 1:colcon.colcon_core.package_identification:_identify(src/pcl) by extensions ['ros']
[0.353s] Level 1:colcon.colcon_core.package_identification:_identify(src/pcl) by extension 'ros'
[0.354s] DEBUG:colcon.colcon_core.package_identification:Package 'src/pcl' with type 'ros.ament_cmake' and name 'pcl'
[0.354s] Level 1:colcon.colcon_core.package_identification:_identify(src/vbm_project_env) by extensions ['ignore', 'ignore_ament_install']
[0.354s] Level 1:colcon.colcon_core.package_identification:_identify(src/vbm_project_env) by extension 'ignore'
[0.354s] Level 1:colcon.colcon_core.package_identification:_identify(src/vbm_project_env) by extension 'ignore_ament_install'
[0.354s] Level 1:colcon.colcon_core.package_identification:_identify(src/vbm_project_env) by extensions ['colcon_pkg']
[0.354s] Level 1:colcon.colcon_core.package_identification:_identify(src/vbm_project_env) by extension 'colcon_pkg'
[0.354s] Level 1:colcon.colcon_core.package_identification:_identify(src/vbm_project_env) by extensions ['colcon_meta']
[0.354s] Level 1:colcon.colcon_core.package_identification:_identify(src/vbm_project_env) by extension 'colcon_meta'
[0.354s] Level 1:colcon.colcon_core.package_identification:_identify(src/vbm_project_env) by extensions ['ros']
[0.354s] Level 1:colcon.colcon_core.package_identification:_identify(src/vbm_project_env) by extension 'ros'
[0.355s] DEBUG:colcon.colcon_core.package_identification:Package 'src/vbm_project_env' with type 'ros.ament_cmake' and name 'vbm_project_env'
[0.355s] Level 1:colcon.colcon_core.package_discovery:discover_packages(recursive) using defaults
[0.355s] Level 1:colcon.colcon_core.package_discovery:discover_packages(ignore) discover
[0.355s] Level 1:colcon.colcon_core.package_discovery:discover_packages(ignore) using defaults
[0.355s] Level 1:colcon.colcon_core.package_discovery:discover_packages(path) discover
[0.355s] Level 1:colcon.colcon_core.package_discovery:discover_packages(path) using defaults
[0.395s] Level 1:colcon.colcon_core.package_discovery:discover_packages(prefix_path) check parameters
[0.396s] Level 1:colcon.colcon_core.package_discovery:discover_packages(prefix_path) discover
[0.398s] DEBUG:colcon.colcon_installed_package_information.package_discovery:Found 0 installed packages in /home/josh_ym_lee/RBE4540FinalProjectGroup1/project_ws/src/josh_code/josh_code/install
[0.399s] DEBUG:colcon.colcon_installed_package_information.package_discovery:Found 3 installed packages in /home/josh_ym_lee/RBE4540FinalProjectGroup1/project_ws/install
[0.399s] DEBUG:colcon.colcon_installed_package_information.package_discovery:Found 2 installed packages in /home/josh_ym_lee/install
[0.400s] DEBUG:colcon.colcon_installed_package_information.package_discovery:Found 28 installed packages in /home/josh_ym_lee/ros2_ws/install
[0.400s] DEBUG:colcon.colcon_installed_package_information.package_discovery:Found 1 installed packages in /home/josh_ym_lee/rbe4540-ros/install
[0.401s] DEBUG:colcon.colcon_installed_package_information.package_discovery:Found 339 installed packages in /opt/ros/humble
[0.403s] Level 1:colcon.colcon_core.package_discovery:discover_packages(prefix_path) using defaults
[0.443s] Level 5:colcon.colcon_core.verb:set package 'josh_code' build argument 'cmake_args' from command line to 'None'
[0.443s] Level 5:colcon.colcon_core.verb:set package 'josh_code' build argument 'cmake_target' from command line to 'None'
[0.443s] Level 5:colcon.colcon_core.verb:set package 'josh_code' build argument 'cmake_target_skip_unavailable' from command line to 'False'
[0.443s] Level 5:colcon.colcon_core.verb:set package 'josh_code' build argument 'cmake_clean_cache' from command line to 'False'
[0.443s] Level 5:colcon.colcon_core.verb:set package 'josh_code' build argument 'cmake_clean_first' from command line to 'False'
[0.443s] Level 5:colcon.colcon_core.verb:set package 'josh_code' build argument 'cmake_force_configure' from command line to 'False'
[0.443s] Level 5:colcon.colcon_core.verb:set package 'josh_code' build argument 'ament_cmake_args' from command line to 'None'
[0.443s] Level 5:colcon.colcon_core.verb:set package 'josh_code' build argument 'catkin_cmake_args' from command line to 'None'
[0.443s] Level 5:colcon.colcon_core.verb:set package 'josh_code' build argument 'catkin_skip_building_tests' from command line to 'False'
[0.443s] DEBUG:colcon.colcon_core.verb:Building package 'josh_code' with the following arguments: {'ament_cmake_args': None, 'build_base': '/home/josh_ym_lee/RBE4540FinalProjectGroup1/project_ws/build/josh_code', 'catkin_cmake_args': None, 'catkin_skip_building_tests': False, 'cmake_args': None, 'cmake_clean_cache': False, 'cmake_clean_first': False, 'cmake_force_configure': False, 'cmake_target': None, 'cmake_target_skip_unavailable': False, 'install_base': '/home/josh_ym_lee/RBE4540FinalProjectGroup1/project_ws/install/josh_code', 'merge_install': False, 'path': '/home/josh_ym_lee/RBE4540FinalProjectGroup1/project_ws/src/josh_code', 'symlink_install': True, 'test_result_base': None}
[0.443s] Level 5:colcon.colcon_core.verb:set package 'pcl' build argument 'cmake_args' from command line to 'None'
[0.443s] Level 5:colcon.colcon_core.verb:set package 'pcl' build argument 'cmake_target' from command line to 'None'
[0.443s] Level 5:colcon.colcon_core.verb:set package 'pcl' build argument 'cmake_target_skip_unavailable' from command line to 'False'
[0.443s] Level 5:colcon.colcon_core.verb:set package 'pcl' build argument 'cmake_clean_cache' from command line to 'False'
[0.443s] Level 5:colcon.colcon_core.verb:set package 'pcl' build argument 'cmake_clean_first' from command line to 'False'
[0.443s] Level 5:colcon.colcon_core.verb:set package 'pcl' build argument 'cmake_force_configure' from command line to 'False'
[0.443s] Level 5:colcon.colcon_core.verb:set package 'pcl' build argument 'ament_cmake_args' from command line to 'None'
[0.443s] Level 5:colcon.colcon_core.verb:set package 'pcl' build argument 'catkin_cmake_args' from command line to 'None'
[0.443s] Level 5:colcon.colcon_core.verb:set package 'pcl' build argument 'catkin_skip_building_tests' from command line to 'False'
[0.443s] DEBUG:colcon.colcon_core.verb:Building package 'pcl' with the following arguments: {'ament_cmake_args': None, 'build_base': '/home/josh_ym_lee/RBE4540FinalProjectGroup1/project_ws/build/pcl', 'catkin_cmake_args': None, 'catkin_skip_building_tests': False, 'cmake_args': None, 'cmake_clean_cache': False, 'cmake_clean_first': False, 'cmake_force_configure': False, 'cmake_target': None, 'cmake_target_skip_unavailable': False, 'install_base': '/home/josh_ym_lee/RBE4540FinalProjectGroup1/project_ws/install/pcl', 'merge_install': False, 'path': '/home/josh_ym_lee/RBE4540FinalProjectGroup1/project_ws/src/pcl', 'symlink_install': True, 'test_result_base': None}
[0.444s] Level 5:colcon.colcon_core.verb:set package 'vbm_project_env' build argument 'cmake_args' from command line to 'None'
[0.444s] Level 5:colcon.colcon_core.verb:set package 'vbm_project_env' build argument 'cmake_target' from command line to 'None'
[0.444s] Level 5:colcon.colcon_core.verb:set package 'vbm_project_env' build argument 'cmake_target_skip_unavailable' from command line to 'False'
[0.444s] Level 5:colcon.colcon_core.verb:set package 'vbm_project_env' build argument 'cmake_clean_cache' from command line to 'False'
[0.444s] Level 5:colcon.colcon_core.verb:set package 'vbm_project_env' build argument 'cmake_clean_first' from command line to 'False'
[0.444s] Level 5:colcon.colcon_core.verb:set package 'vbm_project_env' build argument 'cmake_force_configure' from command line to 'False'
[0.444s] Level 5:colcon.colcon_core.verb:set package 'vbm_project_env' build argument 'ament_cmake_args' from command line to 'None'
[0.444s] Level 5:colcon.colcon_core.verb:set package 'vbm_project_env' build argument 'catkin_cmake_args' from command line to 'None'
[0.444s] Level 5:colcon.colcon_core.verb:set package 'vbm_project_env' build argument 'catkin_skip_building_tests' from command line to 'False'
[0.444s] DEBUG:colcon.colcon_core.verb:Building package 'vbm_project_env' with the following arguments: {'ament_cmake_args': None, 'build_base': '/home/josh_ym_lee/RBE4540FinalProjectGroup1/project_ws/build/vbm_project_env', 'catkin_cmake_args': None, 'catkin_skip_building_tests': False, 'cmake_args': None, 'cmake_clean_cache': False, 'cmake_clean_first': False, 'cmake_force_configure': False, 'cmake_target': None, 'cmake_target_skip_unavailable': False, 'install_base': '/home/josh_ym_lee/RBE4540FinalProjectGroup1/project_ws/install/vbm_project_env', 'merge_install': False, 'path': '/home/josh_ym_lee/RBE4540FinalProjectGroup1/project_ws/src/vbm_project_env', 'symlink_install': True, 'test_result_base': None}
[0.444s] INFO:colcon.colcon_core.executor:Executing jobs using 'parallel' executor
[0.445s] DEBUG:colcon.colcon_parallel_executor.executor.parallel:run_until_complete
[0.445s] INFO:colcon.colcon_ros.task.ament_python.build:Building ROS package in '/home/josh_ym_lee/RBE4540FinalProjectGroup1/project_ws/src/josh_code' with build type 'ament_python'
[0.445s] Level 1:colcon.colcon_core.shell:create_environment_hook('josh_code', 'ament_prefix_path')
[0.447s] INFO:colcon.colcon_core.plugin_system:Skipping extension 'colcon_core.shell.bat': Not used on non-Windows systems
[0.448s] INFO:colcon.colcon_core.shell:Creating environment hook '/home/josh_ym_lee/RBE4540FinalProjectGroup1/project_ws/install/josh_code/share/josh_code/hook/ament_prefix_path.ps1'
[0.449s] INFO:colcon.colcon_core.shell:Creating environment descriptor '/home/josh_ym_lee/RBE4540FinalProjectGroup1/project_ws/install/josh_code/share/josh_code/hook/ament_prefix_path.dsv'
[0.450s] INFO:colcon.colcon_core.shell:Creating environment hook '/home/josh_ym_lee/RBE4540FinalProjectGroup1/project_ws/install/josh_code/share/josh_code/hook/ament_prefix_path.sh'
[0.451s] INFO:colcon.colcon_core.shell:Skip shell extension 'powershell' for command environment: Not usable outside of PowerShell
[0.451s] DEBUG:colcon.colcon_core.shell:Skip shell extension 'dsv' for command environment
[0.454s] DEBUG:colcon.colcon_core.shell:Ignoring prefix path '/home/josh_ym_lee/catkin_ws/devel'
[0.456s] INFO:colcon.colcon_ros.task.ament_cmake.build:Building ROS package in '/home/josh_ym_lee/RBE4540FinalProjectGroup1/project_ws/src/pcl' with build type 'ament_cmake'
[0.456s] INFO:colcon.colcon_cmake.task.cmake.build:Building CMake package in '/home/josh_ym_lee/RBE4540FinalProjectGroup1/project_ws/src/pcl'
[0.457s] INFO:colcon.colcon_core.shell:Skip shell extension 'powershell' for command environment: Not usable outside of PowerShell
[0.457s] DEBUG:colcon.colcon_core.shell:Skip shell extension 'dsv' for command environment
[0.461s] DEBUG:colcon.colcon_core.shell:Ignoring prefix path '/home/josh_ym_lee/catkin_ws/devel'
[0.463s] INFO:colcon.colcon_ros.task.ament_cmake.build:Building ROS package in '/home/josh_ym_lee/RBE4540FinalProjectGroup1/project_ws/src/vbm_project_env' with build type 'ament_cmake'
[0.463s] INFO:colcon.colcon_cmake.task.cmake.build:Building CMake package in '/home/josh_ym_lee/RBE4540FinalProjectGroup1/project_ws/src/vbm_project_env'
[0.463s] INFO:colcon.colcon_core.shell:Skip shell extension 'powershell' for command environment: Not usable outside of PowerShell
[0.463s] DEBUG:colcon.colcon_core.shell:Skip shell extension 'dsv' for command environment
[0.466s] DEBUG:colcon.colcon_core.shell:Ignoring prefix path '/home/josh_ym_lee/catkin_ws/devel'
[0.732s] WARNING:colcon.colcon_ros.task.ament_python.build:Package 'josh_code' doesn't explicitly install a marker in the package index (colcon-ros currently does it implicitly but that fallback will be removed in the future)
[0.732s] WARNING:colcon.colcon_ros.task.ament_python.build:Package 'josh_code' doesn't explicitly install the 'package.xml' file (colcon-ros currently does it implicitly but that fallback will be removed in the future)
[0.732s] INFO:colcon.colcon_core.task.python.build:Building Python package in '/home/josh_ym_lee/RBE4540FinalProjectGroup1/project_ws/src/josh_code'
[0.733s] INFO:colcon.colcon_core.shell:Skip shell extension 'powershell' for command environment: Not usable outside of PowerShell
[0.733s] DEBUG:colcon.colcon_core.shell:Skip shell extension 'dsv' for command environment
[0.736s] DEBUG:colcon.colcon_core.shell:Ignoring prefix path '/home/josh_ym_lee/catkin_ws/devel'
[0.740s] DEBUG:colcon.colcon_core.event_handler.log_command:Invoking command in '/home/josh_ym_lee/RBE4540FinalProjectGroup1/project_ws/build/pcl': CMAKE_PREFIX_PATH=/home/josh_ym_lee/RBE4540FinalProjectGroup1/project_ws/install/vbm_project_env:/home/josh_ym_lee/RBE4540FinalProjectGroup1/project_ws/install/pcl:/home/josh_ym_lee/ros2_ws/install/rrbot_gazebo:/home/josh_ym_lee/ros2_ws/install/rrbot_description:/home/josh_ym_lee/ros2_ws/install/gazebo_msgs:/home/josh_ym_lee/ros2_ws/install/gazebo_dev:/home/josh_ym_lee/ros2_ws/install/examples_rclcpp_wait_set:/home/josh_ym_lee/ros2_ws/install/examples_rclcpp_multithreaded_executor:/home/josh_ym_lee/ros2_ws/install/examples_rclcpp_minimal_timer:/home/josh_ym_lee/ros2_ws/install/examples_rclcpp_minimal_subscriber:/home/josh_ym_lee/ros2_ws/install/examples_rclcpp_minimal_service:/home/josh_ym_lee/ros2_ws/install/examples_rclcpp_minimal_publisher:/home/josh_ym_lee/ros2_ws/install/examples_rclcpp_minimal_composition:/home/josh_ym_lee/ros2_ws/install/examples_rclcpp_minimal_client:/home/josh_ym_lee/ros2_ws/install/examples_rclcpp_minimal_action_server:/home/josh_ym_lee/ros2_ws/install/examples_rclcpp_minimal_action_client:/home/josh_ym_lee/ros2_ws/install/examples_rclcpp_cbg_executor:/home/josh_ym_lee/ros2_ws/install/examples_rclcpp_async_client:/home/josh_ym_lee/RBE4540FinalProjectGroup1/project_ws/install/josh_code:/home/josh_ym_lee/ros2_ws/install/opencv_test_py:/home/josh_ym_lee/ros2_ws/install/launch_testing_examples:/home/josh_ym_lee/ros2_ws/install/examples_rclpy_pointcloud_publisher:/home/josh_ym_lee/ros2_ws/install/examples_rclpy_minimal_subscriber:/home/josh_ym_lee/ros2_ws/install/examples_rclpy_minimal_service:/home/josh_ym_lee/ros2_ws/install/examples_rclpy_minimal_publisher:/home/josh_ym_lee/ros2_ws/install/examples_rclpy_minimal_client:/home/josh_ym_lee/ros2_ws/install/examples_rclpy_minimal_action_server:/home/josh_ym_lee/ros2_ws/install/examples_rclpy_minimal_action_client:/home/josh_ym_lee/ros2_ws/install/examples_rclpy_guard_conditions:/home/josh_ym_lee/ros2_ws/install/examples_rclpy_executors:/home/josh_ym_lee/rbe4540-ros/install/josh_rbe_package:/opt/ros/humble:/home/josh_ym_lee/catkin_ws/devel /usr/bin/cmake /home/josh_ym_lee/RBE4540FinalProjectGroup1/project_ws/src/pcl -DAMENT_CMAKE_SYMLINK_INSTALL=1 -DCMAKE_INSTALL_PREFIX=/home/josh_ym_lee/RBE4540FinalProjectGroup1/project_ws/install/pcl
[0.753s] DEBUG:colcon.colcon_core.event_handler.log_command:Invoking command in '/home/josh_ym_lee/RBE4540FinalProjectGroup1/project_ws/build/vbm_project_env': CMAKE_PREFIX_PATH=/home/josh_ym_lee/RBE4540FinalProjectGroup1/project_ws/install/vbm_project_env:/home/josh_ym_lee/RBE4540FinalProjectGroup1/project_ws/install/pcl:/home/josh_ym_lee/ros2_ws/install/rrbot_gazebo:/home/josh_ym_lee/ros2_ws/install/rrbot_description:/home/josh_ym_lee/ros2_ws/install/gazebo_msgs:/home/josh_ym_lee/ros2_ws/install/gazebo_dev:/home/josh_ym_lee/ros2_ws/install/examples_rclcpp_wait_set:/home/josh_ym_lee/ros2_ws/install/examples_rclcpp_multithreaded_executor:/home/josh_ym_lee/ros2_ws/install/examples_rclcpp_minimal_timer:/home/josh_ym_lee/ros2_ws/install/examples_rclcpp_minimal_subscriber:/home/josh_ym_lee/ros2_ws/install/examples_rclcpp_minimal_service:/home/josh_ym_lee/ros2_ws/install/examples_rclcpp_minimal_publisher:/home/josh_ym_lee/ros2_ws/install/examples_rclcpp_minimal_composition:/home/josh_ym_lee/ros2_ws/install/examples_rclcpp_minimal_client:/home/josh_ym_lee/ros2_ws/install/examples_rclcpp_minimal_action_server:/home/josh_ym_lee/ros2_ws/install/examples_rclcpp_minimal_action_client:/home/josh_ym_lee/ros2_ws/install/examples_rclcpp_cbg_executor:/home/josh_ym_lee/ros2_ws/install/examples_rclcpp_async_client:/home/josh_ym_lee/RBE4540FinalProjectGroup1/project_ws/install/josh_code:/home/josh_ym_lee/ros2_ws/install/opencv_test_py:/home/josh_ym_lee/ros2_ws/install/launch_testing_examples:/home/josh_ym_lee/ros2_ws/install/examples_rclpy_pointcloud_publisher:/home/josh_ym_lee/ros2_ws/install/examples_rclpy_minimal_subscriber:/home/josh_ym_lee/ros2_ws/install/examples_rclpy_minimal_service:/home/josh_ym_lee/ros2_ws/install/examples_rclpy_minimal_publisher:/home/josh_ym_lee/ros2_ws/install/examples_rclpy_minimal_client:/home/josh_ym_lee/ros2_ws/install/examples_rclpy_minimal_action_server:/home/josh_ym_lee/ros2_ws/install/examples_rclpy_minimal_action_client:/home/josh_ym_lee/ros2_ws/install/examples_rclpy_guard_conditions:/home/josh_ym_lee/ros2_ws/install/examples_rclpy_executors:/home/josh_ym_lee/rbe4540-ros/install/josh_rbe_package:/opt/ros/humble:/home/josh_ym_lee/catkin_ws/devel /usr/bin/cmake /home/josh_ym_lee/RBE4540FinalProjectGroup1/project_ws/src/vbm_project_env -DAMENT_CMAKE_SYMLINK_INSTALL=1 -DCMAKE_INSTALL_PREFIX=/home/josh_ym_lee/RBE4540FinalProjectGroup1/project_ws/install/vbm_project_env
[1.118s] DEBUG:colcon.colcon_core.event_handler.log_command:Invoked command in '/home/josh_ym_lee/RBE4540FinalProjectGroup1/project_ws/build/vbm_project_env' returned '0': CMAKE_PREFIX_PATH=/home/josh_ym_lee/RBE4540FinalProjectGroup1/project_ws/install/vbm_project_env:/home/josh_ym_lee/RBE4540FinalProjectGroup1/project_ws/install/pcl:/home/josh_ym_lee/ros2_ws/install/rrbot_gazebo:/home/josh_ym_lee/ros2_ws/install/rrbot_description:/home/josh_ym_lee/ros2_ws/install/gazebo_msgs:/home/josh_ym_lee/ros2_ws/install/gazebo_dev:/home/josh_ym_lee/ros2_ws/install/examples_rclcpp_wait_set:/home/josh_ym_lee/ros2_ws/install/examples_rclcpp_multithreaded_executor:/home/josh_ym_lee/ros2_ws/install/examples_rclcpp_minimal_timer:/home/josh_ym_lee/ros2_ws/install/examples_rclcpp_minimal_subscriber:/home/josh_ym_lee/ros2_ws/install/examples_rclcpp_minimal_service:/home/josh_ym_lee/ros2_ws/install/examples_rclcpp_minimal_publisher:/home/josh_ym_lee/ros2_ws/install/examples_rclcpp_minimal_composition:/home/josh_ym_lee/ros2_ws/install/examples_rclcpp_minimal_client:/home/josh_ym_lee/ros2_ws/install/examples_rclcpp_minimal_action_server:/home/josh_ym_lee/ros2_ws/install/examples_rclcpp_minimal_action_client:/home/josh_ym_lee/ros2_ws/install/examples_rclcpp_cbg_executor:/home/josh_ym_lee/ros2_ws/install/examples_rclcpp_async_client:/home/josh_ym_lee/RBE4540FinalProjectGroup1/project_ws/install/josh_code:/home/josh_ym_lee/ros2_ws/install/opencv_test_py:/home/josh_ym_lee/ros2_ws/install/launch_testing_examples:/home/josh_ym_lee/ros2_ws/install/examples_rclpy_pointcloud_publisher:/home/josh_ym_lee/ros2_ws/install/examples_rclpy_minimal_subscriber:/home/josh_ym_lee/ros2_ws/install/examples_rclpy_minimal_service:/home/josh_ym_lee/ros2_ws/install/examples_rclpy_minimal_publisher:/home/josh_ym_lee/ros2_ws/install/examples_rclpy_minimal_client:/home/josh_ym_lee/ros2_ws/install/examples_rclpy_minimal_action_server:/home/josh_ym_lee/ros2_ws/install/examples_rclpy_minimal_action_client:/home/josh_ym_lee/ros2_ws/install/examples_rclpy_guard_conditions:/home/josh_ym_lee/ros2_ws/install/examples_rclpy_executors:/home/josh_ym_lee/rbe4540-ros/install/josh_rbe_package:/opt/ros/humble:/home/josh_ym_lee/catkin_ws/devel /usr/bin/cmake /home/josh_ym_lee/RBE4540FinalProjectGroup1/project_ws/src/vbm_project_env -DAMENT_CMAKE_SYMLINK_INSTALL=1 -DCMAKE_INSTALL_PREFIX=/home/josh_ym_lee/RBE4540FinalProjectGroup1/project_ws/install/vbm_project_env
[1.118s] DEBUG:colcon.colcon_core.event_handler.log_command:Invoking command in '/home/josh_ym_lee/RBE4540FinalProjectGroup1/project_ws/build/vbm_project_env': CMAKE_PREFIX_PATH=/home/josh_ym_lee/RBE4540FinalProjectGroup1/project_ws/install/vbm_project_env:/home/josh_ym_lee/RBE4540FinalProjectGroup1/project_ws/install/pcl:/home/josh_ym_lee/ros2_ws/install/rrbot_gazebo:/home/josh_ym_lee/ros2_ws/install/rrbot_description:/home/josh_ym_lee/ros2_ws/install/gazebo_msgs:/home/josh_ym_lee/ros2_ws/install/gazebo_dev:/home/josh_ym_lee/ros2_ws/install/examples_rclcpp_wait_set:/home/josh_ym_lee/ros2_ws/install/examples_rclcpp_multithreaded_executor:/home/josh_ym_lee/ros2_ws/install/examples_rclcpp_minimal_timer:/home/josh_ym_lee/ros2_ws/install/examples_rclcpp_minimal_subscriber:/home/josh_ym_lee/ros2_ws/install/examples_rclcpp_minimal_service:/home/josh_ym_lee/ros2_ws/install/examples_rclcpp_minimal_publisher:/home/josh_ym_lee/ros2_ws/install/examples_rclcpp_minimal_composition:/home/josh_ym_lee/ros2_ws/install/examples_rclcpp_minimal_client:/home/josh_ym_lee/ros2_ws/install/examples_rclcpp_minimal_action_server:/home/josh_ym_lee/ros2_ws/install/examples_rclcpp_minimal_action_client:/home/josh_ym_lee/ros2_ws/install/examples_rclcpp_cbg_executor:/home/josh_ym_lee/ros2_ws/install/examples_rclcpp_async_client:/home/josh_ym_lee/RBE4540FinalProjectGroup1/project_ws/install/josh_code:/home/josh_ym_lee/ros2_ws/install/opencv_test_py:/home/josh_ym_lee/ros2_ws/install/launch_testing_examples:/home/josh_ym_lee/ros2_ws/install/examples_rclpy_pointcloud_publisher:/home/josh_ym_lee/ros2_ws/install/examples_rclpy_minimal_subscriber:/home/josh_ym_lee/ros2_ws/install/examples_rclpy_minimal_service:/home/josh_ym_lee/ros2_ws/install/examples_rclpy_minimal_publisher:/home/josh_ym_lee/ros2_ws/install/examples_rclpy_minimal_client:/home/josh_ym_lee/ros2_ws/install/examples_rclpy_minimal_action_server:/home/josh_ym_lee/ros2_ws/install/examples_rclpy_minimal_action_client:/home/josh_ym_lee/ros2_ws/install/examples_rclpy_guard_conditions:/home/josh_ym_lee/ros2_ws/install/examples_rclpy_executors:/home/josh_ym_lee/rbe4540-ros/install/josh_rbe_package:/opt/ros/humble:/home/josh_ym_lee/catkin_ws/devel /usr/bin/cmake --build /home/josh_ym_lee/RBE4540FinalProjectGroup1/project_ws/build/vbm_project_env -- -j8 -l8
[1.147s] DEBUG:colcon.colcon_core.event_handler.log_command:Invoked command in '/home/josh_ym_lee/RBE4540FinalProjectGroup1/project_ws/build/vbm_project_env' returned '0': CMAKE_PREFIX_PATH=/home/josh_ym_lee/RBE4540FinalProjectGroup1/project_ws/install/vbm_project_env:/home/josh_ym_lee/RBE4540FinalProjectGroup1/project_ws/install/pcl:/home/josh_ym_lee/ros2_ws/install/rrbot_gazebo:/home/josh_ym_lee/ros2_ws/install/rrbot_description:/home/josh_ym_lee/ros2_ws/install/gazebo_msgs:/home/josh_ym_lee/ros2_ws/install/gazebo_dev:/home/josh_ym_lee/ros2_ws/install/examples_rclcpp_wait_set:/home/josh_ym_lee/ros2_ws/install/examples_rclcpp_multithreaded_executor:/home/josh_ym_lee/ros2_ws/install/examples_rclcpp_minimal_timer:/home/josh_ym_lee/ros2_ws/install/examples_rclcpp_minimal_subscriber:/home/josh_ym_lee/ros2_ws/install/examples_rclcpp_minimal_service:/home/josh_ym_lee/ros2_ws/install/examples_rclcpp_minimal_publisher:/home/josh_ym_lee/ros2_ws/install/examples_rclcpp_minimal_composition:/home/josh_ym_lee/ros2_ws/install/examples_rclcpp_minimal_client:/home/josh_ym_lee/ros2_ws/install/examples_rclcpp_minimal_action_server:/home/josh_ym_lee/ros2_ws/install/examples_rclcpp_minimal_action_client:/home/josh_ym_lee/ros2_ws/install/examples_rclcpp_cbg_executor:/home/josh_ym_lee/ros2_ws/install/examples_rclcpp_async_client:/home/josh_ym_lee/RBE4540FinalProjectGroup1/project_ws/install/josh_code:/home/josh_ym_lee/ros2_ws/install/opencv_test_py:/home/josh_ym_lee/ros2_ws/install/launch_testing_examples:/home/josh_ym_lee/ros2_ws/install/examples_rclpy_pointcloud_publisher:/home/josh_ym_lee/ros2_ws/install/examples_rclpy_minimal_subscriber:/home/josh_ym_lee/ros2_ws/install/examples_rclpy_minimal_service:/home/josh_ym_lee/ros2_ws/install/examples_rclpy_minimal_publisher:/home/josh_ym_lee/ros2_ws/install/examples_rclpy_minimal_client:/home/josh_ym_lee/ros2_ws/install/examples_rclpy_minimal_action_server:/home/josh_ym_lee/ros2_ws/install/examples_rclpy_minimal_action_client:/home/josh_ym_lee/ros2_ws/install/examples_rclpy_guard_conditions:/home/josh_ym_lee/ros2_ws/install/examples_rclpy_executors:/home/josh_ym_lee/rbe4540-ros/install/josh_rbe_package:/opt/ros/humble:/home/josh_ym_lee/catkin_ws/devel /usr/bin/cmake --build /home/josh_ym_lee/RBE4540FinalProjectGroup1/project_ws/build/vbm_project_env -- -j8 -l8
[1.153s] DEBUG:colcon.colcon_core.event_handler.log_command:Invoking command in '/home/josh_ym_lee/RBE4540FinalProjectGroup1/project_ws/build/vbm_project_env': CMAKE_PREFIX_PATH=/home/josh_ym_lee/RBE4540FinalProjectGroup1/project_ws/install/vbm_project_env:/home/josh_ym_lee/RBE4540FinalProjectGroup1/project_ws/install/pcl:/home/josh_ym_lee/ros2_ws/install/rrbot_gazebo:/home/josh_ym_lee/ros2_ws/install/rrbot_description:/home/josh_ym_lee/ros2_ws/install/gazebo_msgs:/home/josh_ym_lee/ros2_ws/install/gazebo_dev:/home/josh_ym_lee/ros2_ws/install/examples_rclcpp_wait_set:/home/josh_ym_lee/ros2_ws/install/examples_rclcpp_multithreaded_executor:/home/josh_ym_lee/ros2_ws/install/examples_rclcpp_minimal_timer:/home/josh_ym_lee/ros2_ws/install/examples_rclcpp_minimal_subscriber:/home/josh_ym_lee/ros2_ws/install/examples_rclcpp_minimal_service:/home/josh_ym_lee/ros2_ws/install/examples_rclcpp_minimal_publisher:/home/josh_ym_lee/ros2_ws/install/examples_rclcpp_minimal_composition:/home/josh_ym_lee/ros2_ws/install/examples_rclcpp_minimal_client:/home/josh_ym_lee/ros2_ws/install/examples_rclcpp_minimal_action_server:/home/josh_ym_lee/ros2_ws/install/examples_rclcpp_minimal_action_client:/home/josh_ym_lee/ros2_ws/install/examples_rclcpp_cbg_executor:/home/josh_ym_lee/ros2_ws/install/examples_rclcpp_async_client:/home/josh_ym_lee/RBE4540FinalProjectGroup1/project_ws/install/josh_code:/home/josh_ym_lee/ros2_ws/install/opencv_test_py:/home/josh_ym_lee/ros2_ws/install/launch_testing_examples:/home/josh_ym_lee/ros2_ws/install/examples_rclpy_pointcloud_publisher:/home/josh_ym_lee/ros2_ws/install/examples_rclpy_minimal_subscriber:/home/josh_ym_lee/ros2_ws/install/examples_rclpy_minimal_service:/home/josh_ym_lee/ros2_ws/install/examples_rclpy_minimal_publisher:/home/josh_ym_lee/ros2_ws/install/examples_rclpy_minimal_client:/home/josh_ym_lee/ros2_ws/install/examples_rclpy_minimal_action_server:/home/josh_ym_lee/ros2_ws/install/examples_rclpy_minimal_action_client:/home/josh_ym_lee/ros2_ws/install/examples_rclpy_guard_conditions:/home/josh_ym_lee/ros2_ws/install/examples_rclpy_executors:/home/josh_ym_lee/rbe4540-ros/install/josh_rbe_package:/opt/ros/humble:/home/josh_ym_lee/catkin_ws/devel /usr/bin/cmake --install /home/josh_ym_lee/RBE4540FinalProjectGroup1/project_ws/build/vbm_project_env
[1.170s] Level 1:colcon.colcon_core.environment:create_environment_scripts_only(vbm_project_env)
[1.171s] DEBUG:colcon.colcon_core.event_handler.log_command:Invoked command in '/home/josh_ym_lee/RBE4540FinalProjectGroup1/project_ws/build/vbm_project_env' returned '0': CMAKE_PREFIX_PATH=/home/josh_ym_lee/RBE4540FinalProjectGroup1/project_ws/install/vbm_project_env:/home/josh_ym_lee/RBE4540FinalProjectGroup1/project_ws/install/pcl:/home/josh_ym_lee/ros2_ws/install/rrbot_gazebo:/home/josh_ym_lee/ros2_ws/install/rrbot_description:/home/josh_ym_lee/ros2_ws/install/gazebo_msgs:/home/josh_ym_lee/ros2_ws/install/gazebo_dev:/home/josh_ym_lee/ros2_ws/install/examples_rclcpp_wait_set:/home/josh_ym_lee/ros2_ws/install/examples_rclcpp_multithreaded_executor:/home/josh_ym_lee/ros2_ws/install/examples_rclcpp_minimal_timer:/home/josh_ym_lee/ros2_ws/install/examples_rclcpp_minimal_subscriber:/home/josh_ym_lee/ros2_ws/install/examples_rclcpp_minimal_service:/home/josh_ym_lee/ros2_ws/install/examples_rclcpp_minimal_publisher:/home/josh_ym_lee/ros2_ws/install/examples_rclcpp_minimal_composition:/home/josh_ym_lee/ros2_ws/install/examples_rclcpp_minimal_client:/home/josh_ym_lee/ros2_ws/install/examples_rclcpp_minimal_action_server:/home/josh_ym_lee/ros2_ws/install/examples_rclcpp_minimal_action_client:/home/josh_ym_lee/ros2_ws/install/examples_rclcpp_cbg_executor:/home/josh_ym_lee/ros2_ws/install/examples_rclcpp_async_client:/home/josh_ym_lee/RBE4540FinalProjectGroup1/project_ws/install/josh_code:/home/josh_ym_lee/ros2_ws/install/opencv_test_py:/home/josh_ym_lee/ros2_ws/install/launch_testing_examples:/home/josh_ym_lee/ros2_ws/install/examples_rclpy_pointcloud_publisher:/home/josh_ym_lee/ros2_ws/install/examples_rclpy_minimal_subscriber:/home/josh_ym_lee/ros2_ws/install/examples_rclpy_minimal_service:/home/josh_ym_lee/ros2_ws/install/examples_rclpy_minimal_publisher:/home/josh_ym_lee/ros2_ws/install/examples_rclpy_minimal_client:/home/josh_ym_lee/ros2_ws/install/examples_rclpy_minimal_action_server:/home/josh_ym_lee/ros2_ws/install/examples_rclpy_minimal_action_client:/home/josh_ym_lee/ros2_ws/install/examples_rclpy_guard_conditions:/home/josh_ym_lee/ros2_ws/install/examples_rclpy_executors:/home/josh_ym_lee/rbe4540-ros/install/josh_rbe_package:/opt/ros/humble:/home/josh_ym_lee/catkin_ws/devel /usr/bin/cmake --install /home/josh_ym_lee/RBE4540FinalProjectGroup1/project_ws/build/vbm_project_env
[1.177s] Level 1:colcon.colcon_core.environment:checking '/home/josh_ym_lee/RBE4540FinalProjectGroup1/project_ws/install/vbm_project_env' for CMake module files
[1.178s] Level 1:colcon.colcon_core.environment:checking '/home/josh_ym_lee/RBE4540FinalProjectGroup1/project_ws/install/vbm_project_env' for CMake config files
[1.178s] Level 1:colcon.colcon_core.shell:create_environment_hook('vbm_project_env', 'cmake_prefix_path')
[1.179s] INFO:colcon.colcon_core.shell:Creating environment hook '/home/josh_ym_lee/RBE4540FinalProjectGroup1/project_ws/install/vbm_project_env/share/vbm_project_env/hook/cmake_prefix_path.ps1'
[1.179s] INFO:colcon.colcon_core.shell:Creating environment descriptor '/home/josh_ym_lee/RBE4540FinalProjectGroup1/project_ws/install/vbm_project_env/share/vbm_project_env/hook/cmake_prefix_path.dsv'
[1.179s] INFO:colcon.colcon_core.shell:Creating environment hook '/home/josh_ym_lee/RBE4540FinalProjectGroup1/project_ws/install/vbm_project_env/share/vbm_project_env/hook/cmake_prefix_path.sh'
[1.180s] Level 1:colcon.colcon_core.environment:checking '/home/josh_ym_lee/RBE4540FinalProjectGroup1/project_ws/install/vbm_project_env/bin'
[1.180s] Level 1:colcon.colcon_core.environment:checking '/home/josh_ym_lee/RBE4540FinalProjectGroup1/project_ws/install/vbm_project_env/lib/pkgconfig/vbm_project_env.pc'
[1.180s] Level 1:colcon.colcon_core.environment:checking '/home/josh_ym_lee/RBE4540FinalProjectGroup1/project_ws/install/vbm_project_env/lib/python3.10/site-packages'
[1.180s] Level 1:colcon.colcon_core.environment:checking '/home/josh_ym_lee/RBE4540FinalProjectGroup1/project_ws/install/vbm_project_env/bin'
[1.181s] INFO:colcon.colcon_core.shell:Creating package script '/home/josh_ym_lee/RBE4540FinalProjectGroup1/project_ws/install/vbm_project_env/share/vbm_project_env/package.ps1'
[1.181s] INFO:colcon.colcon_core.shell:Creating package descriptor '/home/josh_ym_lee/RBE4540FinalProjectGroup1/project_ws/install/vbm_project_env/share/vbm_project_env/package.dsv'
[1.183s] INFO:colcon.colcon_core.shell:Creating package script '/home/josh_ym_lee/RBE4540FinalProjectGroup1/project_ws/install/vbm_project_env/share/vbm_project_env/package.sh'
[1.184s] INFO:colcon.colcon_core.shell:Creating package script '/home/josh_ym_lee/RBE4540FinalProjectGroup1/project_ws/install/vbm_project_env/share/vbm_project_env/package.bash'
[1.185s] INFO:colcon.colcon_core.shell:Creating package script '/home/josh_ym_lee/RBE4540FinalProjectGroup1/project_ws/install/vbm_project_env/share/vbm_project_env/package.zsh'
[1.187s] Level 1:colcon.colcon_core.environment:create_file_with_runtime_dependencies(/home/josh_ym_lee/RBE4540FinalProjectGroup1/project_ws/install/vbm_project_env/share/colcon-core/packages/vbm_project_env)
[1.187s] Level 1:colcon.colcon_core.environment:create_environment_scripts_only(vbm_project_env)
[1.187s] Level 1:colcon.colcon_core.environment:checking '/home/josh_ym_lee/RBE4540FinalProjectGroup1/project_ws/install/vbm_project_env' for CMake module files
[1.187s] Level 1:colcon.colcon_core.environment:checking '/home/josh_ym_lee/RBE4540FinalProjectGroup1/project_ws/install/vbm_project_env' for CMake config files
[1.188s] Level 1:colcon.colcon_core.shell:create_environment_hook('vbm_project_env', 'cmake_prefix_path')
[1.188s] INFO:colcon.colcon_core.shell:Creating environment hook '/home/josh_ym_lee/RBE4540FinalProjectGroup1/project_ws/install/vbm_project_env/share/vbm_project_env/hook/cmake_prefix_path.ps1'
[1.188s] INFO:colcon.colcon_core.shell:Creating environment descriptor '/home/josh_ym_lee/RBE4540FinalProjectGroup1/project_ws/install/vbm_project_env/share/vbm_project_env/hook/cmake_prefix_path.dsv'
[1.189s] INFO:colcon.colcon_core.shell:Creating environment hook '/home/josh_ym_lee/RBE4540FinalProjectGroup1/project_ws/install/vbm_project_env/share/vbm_project_env/hook/cmake_prefix_path.sh'
[1.190s] Level 1:colcon.colcon_core.environment:checking '/home/josh_ym_lee/RBE4540FinalProjectGroup1/project_ws/install/vbm_project_env/bin'
[1.190s] Level 1:colcon.colcon_core.environment:checking '/home/josh_ym_lee/RBE4540FinalProjectGroup1/project_ws/install/vbm_project_env/lib/pkgconfig/vbm_project_env.pc'
[1.190s] Level 1:colcon.colcon_core.environment:checking '/home/josh_ym_lee/RBE4540FinalProjectGroup1/project_ws/install/vbm_project_env/lib/python3.10/site-packages'
[1.191s] Level 1:colcon.colcon_core.environment:checking '/home/josh_ym_lee/RBE4540FinalProjectGroup1/project_ws/install/vbm_project_env/bin'
[1.191s] INFO:colcon.colcon_core.shell:Creating package script '/home/josh_ym_lee/RBE4540FinalProjectGroup1/project_ws/install/vbm_project_env/share/vbm_project_env/package.ps1'
[1.191s] INFO:colcon.colcon_core.shell:Creating package descriptor '/home/josh_ym_lee/RBE4540FinalProjectGroup1/project_ws/install/vbm_project_env/share/vbm_project_env/package.dsv'
[1.191s] INFO:colcon.colcon_core.shell:Creating package script '/home/josh_ym_lee/RBE4540FinalProjectGroup1/project_ws/install/vbm_project_env/share/vbm_project_env/package.sh'
[1.192s] INFO:colcon.colcon_core.shell:Creating package script '/home/josh_ym_lee/RBE4540FinalProjectGroup1/project_ws/install/vbm_project_env/share/vbm_project_env/package.bash'
[1.192s] INFO:colcon.colcon_core.shell:Creating package script '/home/josh_ym_lee/RBE4540FinalProjectGroup1/project_ws/install/vbm_project_env/share/vbm_project_env/package.zsh'
[1.193s] Level 1:colcon.colcon_core.environment:create_file_with_runtime_dependencies(/home/josh_ym_lee/RBE4540FinalProjectGroup1/project_ws/install/vbm_project_env/share/colcon-core/packages/vbm_project_env)
[1.412s] DEBUG:colcon.colcon_core.task.python.build:While undoing a previous installation files outside the Python library path are being ignored: /home/josh_ym_lee/RBE4540FinalProjectGroup1/project_ws/install/josh_code/share/ament_index/resource_index/packages/Josh_Code
[1.412s] DEBUG:colcon.colcon_core.task.python.build:While undoing a previous installation files outside the Python library path are being ignored: /home/josh_ym_lee/RBE4540FinalProjectGroup1/project_ws/install/josh_code/share/Josh_Code/package.xml
[1.413s] DEBUG:colcon.colcon_core.task.python.build:While undoing a previous installation files outside the Python library path are being ignored: /home/josh_ym_lee/RBE4540FinalProjectGroup1/project_ws/install/josh_code/lib/Josh_Code/grasp_matrix_node
[1.417s] DEBUG:colcon.colcon_core.event_handler.log_command:Invoking command in '/home/josh_ym_lee/RBE4540FinalProjectGroup1/project_ws/build/josh_code': PYTHONPATH=/home/josh_ym_lee/RBE4540FinalProjectGroup1/project_ws/build/josh_code/prefix_override:/usr/lib/python3/dist-packages/colcon_core/task/python/colcon_distutils_commands:/home/josh_ym_lee/RBE4540FinalProjectGroup1/project_ws/install/josh_code/lib/python3.10/site-packages:${PYTHONPATH} /usr/bin/python3 -W ignore:setup.py install is deprecated -W ignore:easy_install command is deprecated setup.py develop --editable --build-directory /home/josh_ym_lee/RBE4540FinalProjectGroup1/project_ws/build/josh_code/build --no-deps symlink_data --force
[1.822s] Level 1:colcon.colcon_core.shell:create_environment_hook('josh_code', 'pythonpath_develop')
[1.823s] INFO:colcon.colcon_core.shell:Creating environment hook '/home/josh_ym_lee/RBE4540FinalProjectGroup1/project_ws/build/josh_code/share/josh_code/hook/pythonpath_develop.ps1'
[1.824s] DEBUG:colcon.colcon_core.event_handler.log_command:Invoked command in '/home/josh_ym_lee/RBE4540FinalProjectGroup1/project_ws/build/josh_code' returned '0': PYTHONPATH=/home/josh_ym_lee/RBE4540FinalProjectGroup1/project_ws/build/josh_code/prefix_override:/usr/lib/python3/dist-packages/colcon_core/task/python/colcon_distutils_commands:/home/josh_ym_lee/RBE4540FinalProjectGroup1/project_ws/install/josh_code/lib/python3.10/site-packages:${PYTHONPATH} /usr/bin/python3 -W ignore:setup.py install is deprecated -W ignore:easy_install command is deprecated setup.py develop --editable --build-directory /home/josh_ym_lee/RBE4540FinalProjectGroup1/project_ws/build/josh_code/build --no-deps symlink_data --force
[1.824s] INFO:colcon.colcon_core.shell:Creating environment descriptor '/home/josh_ym_lee/RBE4540FinalProjectGroup1/project_ws/build/josh_code/share/josh_code/hook/pythonpath_develop.dsv'
[1.824s] INFO:colcon.colcon_core.shell:Creating environment hook '/home/josh_ym_lee/RBE4540FinalProjectGroup1/project_ws/build/josh_code/share/josh_code/hook/pythonpath_develop.sh'
[1.825s] Level 1:colcon.colcon_core.environment:checking '/home/josh_ym_lee/RBE4540FinalProjectGroup1/project_ws/install/josh_code' for CMake module files
[1.825s] Level 1:colcon.colcon_core.environment:checking '/home/josh_ym_lee/RBE4540FinalProjectGroup1/project_ws/install/josh_code' for CMake config files
[1.826s] Level 1:colcon.colcon_core.environment:checking '/home/josh_ym_lee/RBE4540FinalProjectGroup1/project_ws/install/josh_code/lib'
[1.826s] Level 1:colcon.colcon_core.environment:checking '/home/josh_ym_lee/RBE4540FinalProjectGroup1/project_ws/install/josh_code/bin'
[1.826s] Level 1:colcon.colcon_core.environment:checking '/home/josh_ym_lee/RBE4540FinalProjectGroup1/project_ws/install/josh_code/lib/pkgconfig/josh_code.pc'
[1.826s] Level 1:colcon.colcon_core.environment:checking '/home/josh_ym_lee/RBE4540FinalProjectGroup1/project_ws/install/josh_code/lib/python3.10/site-packages'
[1.827s] Level 1:colcon.colcon_core.shell:create_environment_hook('josh_code', 'pythonpath')
[1.827s] INFO:colcon.colcon_core.shell:Creating environment hook '/home/josh_ym_lee/RBE4540FinalProjectGroup1/project_ws/install/josh_code/share/josh_code/hook/pythonpath.ps1'
[1.827s] INFO:colcon.colcon_core.shell:Creating environment descriptor '/home/josh_ym_lee/RBE4540FinalProjectGroup1/project_ws/install/josh_code/share/josh_code/hook/pythonpath.dsv'
[1.827s] INFO:colcon.colcon_core.shell:Creating environment hook '/home/josh_ym_lee/RBE4540FinalProjectGroup1/project_ws/install/josh_code/share/josh_code/hook/pythonpath.sh'
[1.828s] Level 1:colcon.colcon_core.environment:checking '/home/josh_ym_lee/RBE4540FinalProjectGroup1/project_ws/install/josh_code/bin'
[1.828s] Level 1:colcon.colcon_core.environment:create_environment_scripts_only(josh_code)
[1.828s] INFO:colcon.colcon_core.shell:Creating package script '/home/josh_ym_lee/RBE4540FinalProjectGroup1/project_ws/install/josh_code/share/josh_code/package.ps1'
[1.829s] INFO:colcon.colcon_core.shell:Creating package descriptor '/home/josh_ym_lee/RBE4540FinalProjectGroup1/project_ws/install/josh_code/share/josh_code/package.dsv'
[1.829s] INFO:colcon.colcon_core.shell:Creating package script '/home/josh_ym_lee/RBE4540FinalProjectGroup1/project_ws/install/josh_code/share/josh_code/package.sh'
[1.829s] INFO:colcon.colcon_core.shell:Creating package script '/home/josh_ym_lee/RBE4540FinalProjectGroup1/project_ws/install/josh_code/share/josh_code/package.bash'
[1.830s] INFO:colcon.colcon_core.shell:Creating package script '/home/josh_ym_lee/RBE4540FinalProjectGroup1/project_ws/install/josh_code/share/josh_code/package.zsh'
[1.830s] Level 1:colcon.colcon_core.environment:create_file_with_runtime_dependencies(/home/josh_ym_lee/RBE4540FinalProjectGroup1/project_ws/install/josh_code/share/colcon-core/packages/josh_code)
[2.917s] DEBUG:colcon.colcon_core.event_handler.log_command:Invoked command in '/home/josh_ym_lee/RBE4540FinalProjectGroup1/project_ws/build/pcl' returned '0': CMAKE_PREFIX_PATH=/home/josh_ym_lee/RBE4540FinalProjectGroup1/project_ws/install/vbm_project_env:/home/josh_ym_lee/RBE4540FinalProjectGroup1/project_ws/install/pcl:/home/josh_ym_lee/ros2_ws/install/rrbot_gazebo:/home/josh_ym_lee/ros2_ws/install/rrbot_description:/home/josh_ym_lee/ros2_ws/install/gazebo_msgs:/home/josh_ym_lee/ros2_ws/install/gazebo_dev:/home/josh_ym_lee/ros2_ws/install/examples_rclcpp_wait_set:/home/josh_ym_lee/ros2_ws/install/examples_rclcpp_multithreaded_executor:/home/josh_ym_lee/ros2_ws/install/examples_rclcpp_minimal_timer:/home/josh_ym_lee/ros2_ws/install/examples_rclcpp_minimal_subscriber:/home/josh_ym_lee/ros2_ws/install/examples_rclcpp_minimal_service:/home/josh_ym_lee/ros2_ws/install/examples_rclcpp_minimal_publisher:/home/josh_ym_lee/ros2_ws/install/examples_rclcpp_minimal_composition:/home/josh_ym_lee/ros2_ws/install/examples_rclcpp_minimal_client:/home/josh_ym_lee/ros2_ws/install/examples_rclcpp_minimal_action_server:/home/josh_ym_lee/ros2_ws/install/examples_rclcpp_minimal_action_client:/home/josh_ym_lee/ros2_ws/install/examples_rclcpp_cbg_executor:/home/josh_ym_lee/ros2_ws/install/examples_rclcpp_async_client:/home/josh_ym_lee/RBE4540FinalProjectGroup1/project_ws/install/josh_code:/home/josh_ym_lee/ros2_ws/install/opencv_test_py:/home/josh_ym_lee/ros2_ws/install/launch_testing_examples:/home/josh_ym_lee/ros2_ws/install/examples_rclpy_pointcloud_publisher:/home/josh_ym_lee/ros2_ws/install/examples_rclpy_minimal_subscriber:/home/josh_ym_lee/ros2_ws/install/examples_rclpy_minimal_service:/home/josh_ym_lee/ros2_ws/install/examples_rclpy_minimal_publisher:/home/josh_ym_lee/ros2_ws/install/examples_rclpy_minimal_client:/home/josh_ym_lee/ros2_ws/install/examples_rclpy_minimal_action_server:/home/josh_ym_lee/ros2_ws/install/examples_rclpy_minimal_action_client:/home/josh_ym_lee/ros2_ws/install/examples_rclpy_guard_conditions:/home/josh_ym_lee/ros2_ws/install/examples_rclpy_executors:/home/josh_ym_lee/rbe4540-ros/install/josh_rbe_package:/opt/ros/humble:/home/josh_ym_lee/catkin_ws/devel /usr/bin/cmake /home/josh_ym_lee/RBE4540FinalProjectGroup1/project_ws/src/pcl -DAMENT_CMAKE_SYMLINK_INSTALL=1 -DCMAKE_INSTALL_PREFIX=/home/josh_ym_lee/RBE4540FinalProjectGroup1/project_ws/install/pcl
[2.917s] DEBUG:colcon.colcon_core.event_handler.log_command:Invoking command in '/home/josh_ym_lee/RBE4540FinalProjectGroup1/project_ws/build/pcl': CMAKE_PREFIX_PATH=/home/josh_ym_lee/RBE4540FinalProjectGroup1/project_ws/install/vbm_project_env:/home/josh_ym_lee/RBE4540FinalProjectGroup1/project_ws/install/pcl:/home/josh_ym_lee/ros2_ws/install/rrbot_gazebo:/home/josh_ym_lee/ros2_ws/install/rrbot_description:/home/josh_ym_lee/ros2_ws/install/gazebo_msgs:/home/josh_ym_lee/ros2_ws/install/gazebo_dev:/home/josh_ym_lee/ros2_ws/install/examples_rclcpp_wait_set:/home/josh_ym_lee/ros2_ws/install/examples_rclcpp_multithreaded_executor:/home/josh_ym_lee/ros2_ws/install/examples_rclcpp_minimal_timer:/home/josh_ym_lee/ros2_ws/install/examples_rclcpp_minimal_subscriber:/home/josh_ym_lee/ros2_ws/install/examples_rclcpp_minimal_service:/home/josh_ym_lee/ros2_ws/install/examples_rclcpp_minimal_publisher:/home/josh_ym_lee/ros2_ws/install/examples_rclcpp_minimal_composition:/home/josh_ym_lee/ros2_ws/install/examples_rclcpp_minimal_client:/home/josh_ym_lee/ros2_ws/install/examples_rclcpp_minimal_action_server:/home/josh_ym_lee/ros2_ws/install/examples_rclcpp_minimal_action_client:/home/josh_ym_lee/ros2_ws/install/examples_rclcpp_cbg_executor:/home/josh_ym_lee/ros2_ws/install/examples_rclcpp_async_client:/home/josh_ym_lee/RBE4540FinalProjectGroup1/project_ws/install/josh_code:/home/josh_ym_lee/ros2_ws/install/opencv_test_py:/home/josh_ym_lee/ros2_ws/install/launch_testing_examples:/home/josh_ym_lee/ros2_ws/install/examples_rclpy_pointcloud_publisher:/home/josh_ym_lee/ros2_ws/install/examples_rclpy_minimal_subscriber:/home/josh_ym_lee/ros2_ws/install/examples_rclpy_minimal_service:/home/josh_ym_lee/ros2_ws/install/examples_rclpy_minimal_publisher:/home/josh_ym_lee/ros2_ws/install/examples_rclpy_minimal_client:/home/josh_ym_lee/ros2_ws/install/examples_rclpy_minimal_action_server:/home/josh_ym_lee/ros2_ws/install/examples_rclpy_minimal_action_client:/home/josh_ym_lee/ros2_ws/install/examples_rclpy_guard_conditions:/home/josh_ym_lee/ros2_ws/install/examples_rclpy_executors:/home/josh_ym_lee/rbe4540-ros/install/josh_rbe_package:/opt/ros/humble:/home/josh_ym_lee/catkin_ws/devel /usr/bin/cmake --build /home/josh_ym_lee/RBE4540FinalProjectGroup1/project_ws/build/pcl -- -j8 -l8
[3.194s] DEBUG:colcon.colcon_core.event_handler.log_command:Invoked command in '/home/josh_ym_lee/RBE4540FinalProjectGroup1/project_ws/build/pcl' returned '0': CMAKE_PREFIX_PATH=/home/josh_ym_lee/RBE4540FinalProjectGroup1/project_ws/install/vbm_project_env:/home/josh_ym_lee/RBE4540FinalProjectGroup1/project_ws/install/pcl:/home/josh_ym_lee/ros2_ws/install/rrbot_gazebo:/home/josh_ym_lee/ros2_ws/install/rrbot_description:/home/josh_ym_lee/ros2_ws/install/gazebo_msgs:/home/josh_ym_lee/ros2_ws/install/gazebo_dev:/home/josh_ym_lee/ros2_ws/install/examples_rclcpp_wait_set:/home/josh_ym_lee/ros2_ws/install/examples_rclcpp_multithreaded_executor:/home/josh_ym_lee/ros2_ws/install/examples_rclcpp_minimal_timer:/home/josh_ym_lee/ros2_ws/install/examples_rclcpp_minimal_subscriber:/home/josh_ym_lee/ros2_ws/install/examples_rclcpp_minimal_service:/home/josh_ym_lee/ros2_ws/install/examples_rclcpp_minimal_publisher:/home/josh_ym_lee/ros2_ws/install/examples_rclcpp_minimal_composition:/home/josh_ym_lee/ros2_ws/install/examples_rclcpp_minimal_client:/home/josh_ym_lee/ros2_ws/install/examples_rclcpp_minimal_action_server:/home/josh_ym_lee/ros2_ws/install/examples_rclcpp_minimal_action_client:/home/josh_ym_lee/ros2_ws/install/examples_rclcpp_cbg_executor:/home/josh_ym_lee/ros2_ws/install/examples_rclcpp_async_client:/home/josh_ym_lee/RBE4540FinalProjectGroup1/project_ws/install/josh_code:/home/josh_ym_lee/ros2_ws/install/opencv_test_py:/home/josh_ym_lee/ros2_ws/install/launch_testing_examples:/home/josh_ym_lee/ros2_ws/install/examples_rclpy_pointcloud_publisher:/home/josh_ym_lee/ros2_ws/install/examples_rclpy_minimal_subscriber:/home/josh_ym_lee/ros2_ws/install/examples_rclpy_minimal_service:/home/josh_ym_lee/ros2_ws/install/examples_rclpy_minimal_publisher:/home/josh_ym_lee/ros2_ws/install/examples_rclpy_minimal_client:/home/josh_ym_lee/ros2_ws/install/examples_rclpy_minimal_action_server:/home/josh_ym_lee/ros2_ws/install/examples_rclpy_minimal_action_client:/home/josh_ym_lee/ros2_ws/install/examples_rclpy_guard_conditions:/home/josh_ym_lee/ros2_ws/install/examples_rclpy_executors:/home/josh_ym_lee/rbe4540-ros/install/josh_rbe_package:/opt/ros/humble:/home/josh_ym_lee/catkin_ws/devel /usr/bin/cmake --build /home/josh_ym_lee/RBE4540FinalProjectGroup1/project_ws/build/pcl -- -j8 -l8
[3.196s] DEBUG:colcon.colcon_core.event_handler.log_command:Invoking command in '/home/josh_ym_lee/RBE4540FinalProjectGroup1/project_ws/build/pcl': CMAKE_PREFIX_PATH=/home/josh_ym_lee/RBE4540FinalProjectGroup1/project_ws/install/vbm_project_env:/home/josh_ym_lee/RBE4540FinalProjectGroup1/project_ws/install/pcl:/home/josh_ym_lee/ros2_ws/install/rrbot_gazebo:/home/josh_ym_lee/ros2_ws/install/rrbot_description:/home/josh_ym_lee/ros2_ws/install/gazebo_msgs:/home/josh_ym_lee/ros2_ws/install/gazebo_dev:/home/josh_ym_lee/ros2_ws/install/examples_rclcpp_wait_set:/home/josh_ym_lee/ros2_ws/install/examples_rclcpp_multithreaded_executor:/home/josh_ym_lee/ros2_ws/install/examples_rclcpp_minimal_timer:/home/josh_ym_lee/ros2_ws/install/examples_rclcpp_minimal_subscriber:/home/josh_ym_lee/ros2_ws/install/examples_rclcpp_minimal_service:/home/josh_ym_lee/ros2_ws/install/examples_rclcpp_minimal_publisher:/home/josh_ym_lee/ros2_ws/install/examples_rclcpp_minimal_composition:/home/josh_ym_lee/ros2_ws/install/examples_rclcpp_minimal_client:/home/josh_ym_lee/ros2_ws/install/examples_rclcpp_minimal_action_server:/home/josh_ym_lee/ros2_ws/install/examples_rclcpp_minimal_action_client:/home/josh_ym_lee/ros2_ws/install/examples_rclcpp_cbg_executor:/home/josh_ym_lee/ros2_ws/install/examples_rclcpp_async_client:/home/josh_ym_lee/RBE4540FinalProjectGroup1/project_ws/install/josh_code:/home/josh_ym_lee/ros2_ws/install/opencv_test_py:/home/josh_ym_lee/ros2_ws/install/launch_testing_examples:/home/josh_ym_lee/ros2_ws/install/examples_rclpy_pointcloud_publisher:/home/josh_ym_lee/ros2_ws/install/examples_rclpy_minimal_subscriber:/home/josh_ym_lee/ros2_ws/install/examples_rclpy_minimal_service:/home/josh_ym_lee/ros2_ws/install/examples_rclpy_minimal_publisher:/home/josh_ym_lee/ros2_ws/install/examples_rclpy_minimal_client:/home/josh_ym_lee/ros2_ws/install/examples_rclpy_minimal_action_server:/home/josh_ym_lee/ros2_ws/install/examples_rclpy_minimal_action_client:/home/josh_ym_lee/ros2_ws/install/examples_rclpy_guard_conditions:/home/josh_ym_lee/ros2_ws/install/examples_rclpy_executors:/home/josh_ym_lee/rbe4540-ros/install/josh_rbe_package:/opt/ros/humble:/home/josh_ym_lee/catkin_ws/devel /usr/bin/cmake --install /home/josh_ym_lee/RBE4540FinalProjectGroup1/project_ws/build/pcl
[3.246s] Level 1:colcon.colcon_core.environment:create_environment_scripts_only(pcl)
[3.247s] Level 1:colcon.colcon_core.environment:checking '/home/josh_ym_lee/RBE4540FinalProjectGroup1/project_ws/install/pcl' for CMake module files
[3.247s] DEBUG:colcon.colcon_core.event_handler.log_command:Invoked command in '/home/josh_ym_lee/RBE4540FinalProjectGroup1/project_ws/build/pcl' returned '0': CMAKE_PREFIX_PATH=/home/josh_ym_lee/RBE4540FinalProjectGroup1/project_ws/install/vbm_project_env:/home/josh_ym_lee/RBE4540FinalProjectGroup1/project_ws/install/pcl:/home/josh_ym_lee/ros2_ws/install/rrbot_gazebo:/home/josh_ym_lee/ros2_ws/install/rrbot_description:/home/josh_ym_lee/ros2_ws/install/gazebo_msgs:/home/josh_ym_lee/ros2_ws/install/gazebo_dev:/home/josh_ym_lee/ros2_ws/install/examples_rclcpp_wait_set:/home/josh_ym_lee/ros2_ws/install/examples_rclcpp_multithreaded_executor:/home/josh_ym_lee/ros2_ws/install/examples_rclcpp_minimal_timer:/home/josh_ym_lee/ros2_ws/install/examples_rclcpp_minimal_subscriber:/home/josh_ym_lee/ros2_ws/install/examples_rclcpp_minimal_service:/home/josh_ym_lee/ros2_ws/install/examples_rclcpp_minimal_publisher:/home/josh_ym_lee/ros2_ws/install/examples_rclcpp_minimal_composition:/home/josh_ym_lee/ros2_ws/install/examples_rclcpp_minimal_client:/home/josh_ym_lee/ros2_ws/install/examples_rclcpp_minimal_action_server:/home/josh_ym_lee/ros2_ws/install/examples_rclcpp_minimal_action_client:/home/josh_ym_lee/ros2_ws/install/examples_rclcpp_cbg_executor:/home/josh_ym_lee/ros2_ws/install/examples_rclcpp_async_client:/home/josh_ym_lee/RBE4540FinalProjectGroup1/project_ws/install/josh_code:/home/josh_ym_lee/ros2_ws/install/opencv_test_py:/home/josh_ym_lee/ros2_ws/install/launch_testing_examples:/home/josh_ym_lee/ros2_ws/install/examples_rclpy_pointcloud_publisher:/home/josh_ym_lee/ros2_ws/install/examples_rclpy_minimal_subscriber:/home/josh_ym_lee/ros2_ws/install/examples_rclpy_minimal_service:/home/josh_ym_lee/ros2_ws/install/examples_rclpy_minimal_publisher:/home/josh_ym_lee/ros2_ws/install/examples_rclpy_minimal_client:/home/josh_ym_lee/ros2_ws/install/examples_rclpy_minimal_action_server:/home/josh_ym_lee/ros2_ws/install/examples_rclpy_minimal_action_client:/home/josh_ym_lee/ros2_ws/install/examples_rclpy_guard_conditions:/home/josh_ym_lee/ros2_ws/install/examples_rclpy_executors:/home/josh_ym_lee/rbe4540-ros/install/josh_rbe_package:/opt/ros/humble:/home/josh_ym_lee/catkin_ws/devel /usr/bin/cmake --install /home/josh_ym_lee/RBE4540FinalProjectGroup1/project_ws/build/pcl
[3.248s] Level 1:colcon.colcon_core.environment:checking '/home/josh_ym_lee/RBE4540FinalProjectGroup1/project_ws/install/pcl' for CMake config files
[3.248s] Level 1:colcon.colcon_core.shell:create_environment_hook('pcl', 'cmake_prefix_path')
[3.248s] INFO:colcon.colcon_core.shell:Creating environment hook '/home/josh_ym_lee/RBE4540FinalProjectGroup1/project_ws/install/pcl/share/pcl/hook/cmake_prefix_path.ps1'
[3.248s] INFO:colcon.colcon_core.shell:Creating environment descriptor '/home/josh_ym_lee/RBE4540FinalProjectGroup1/project_ws/install/pcl/share/pcl/hook/cmake_prefix_path.dsv'
[3.249s] INFO:colcon.colcon_core.shell:Creating environment hook '/home/josh_ym_lee/RBE4540FinalProjectGroup1/project_ws/install/pcl/share/pcl/hook/cmake_prefix_path.sh'
[3.250s] Level 1:colcon.colcon_core.environment:checking '/home/josh_ym_lee/RBE4540FinalProjectGroup1/project_ws/install/pcl/lib'
[3.250s] Level 1:colcon.colcon_core.environment:checking '/home/josh_ym_lee/RBE4540FinalProjectGroup1/project_ws/install/pcl/bin'
[3.250s] Level 1:colcon.colcon_core.environment:checking '/home/josh_ym_lee/RBE4540FinalProjectGroup1/project_ws/install/pcl/lib/pkgconfig/pcl.pc'
[3.250s] Level 1:colcon.colcon_core.environment:checking '/home/josh_ym_lee/RBE4540FinalProjectGroup1/project_ws/install/pcl/lib/python3.10/site-packages'
[3.250s] Level 1:colcon.colcon_core.environment:checking '/home/josh_ym_lee/RBE4540FinalProjectGroup1/project_ws/install/pcl/bin'
[3.250s] INFO:colcon.colcon_core.shell:Creating package script '/home/josh_ym_lee/RBE4540FinalProjectGroup1/project_ws/install/pcl/share/pcl/package.ps1'
[3.251s] INFO:colcon.colcon_core.shell:Creating package descriptor '/home/josh_ym_lee/RBE4540FinalProjectGroup1/project_ws/install/pcl/share/pcl/package.dsv'
[3.251s] INFO:colcon.colcon_core.shell:Creating package script '/home/josh_ym_lee/RBE4540FinalProjectGroup1/project_ws/install/pcl/share/pcl/package.sh'
[3.251s] INFO:colcon.colcon_core.shell:Creating package script '/home/josh_ym_lee/RBE4540FinalProjectGroup1/project_ws/install/pcl/share/pcl/package.bash'
[3.251s] INFO:colcon.colcon_core.shell:Creating package script '/home/josh_ym_lee/RBE4540FinalProjectGroup1/project_ws/install/pcl/share/pcl/package.zsh'
[3.252s] Level 1:colcon.colcon_core.environment:create_file_with_runtime_dependencies(/home/josh_ym_lee/RBE4540FinalProjectGroup1/project_ws/install/pcl/share/colcon-core/packages/pcl)
[3.252s] Level 1:colcon.colcon_core.environment:create_environment_scripts_only(pcl)
[3.252s] Level 1:colcon.colcon_core.environment:checking '/home/josh_ym_lee/RBE4540FinalProjectGroup1/project_ws/install/pcl' for CMake module files
[3.253s] Level 1:colcon.colcon_core.environment:checking '/home/josh_ym_lee/RBE4540FinalProjectGroup1/project_ws/install/pcl' for CMake config files
[3.253s] Level 1:colcon.colcon_core.shell:create_environment_hook('pcl', 'cmake_prefix_path')
[3.253s] INFO:colcon.colcon_core.shell:Creating environment hook '/home/josh_ym_lee/RBE4540FinalProjectGroup1/project_ws/install/pcl/share/pcl/hook/cmake_prefix_path.ps1'
[3.253s] INFO:colcon.colcon_core.shell:Creating environment descriptor '/home/josh_ym_lee/RBE4540FinalProjectGroup1/project_ws/install/pcl/share/pcl/hook/cmake_prefix_path.dsv'
[3.253s] INFO:colcon.colcon_core.shell:Creating environment hook '/home/josh_ym_lee/RBE4540FinalProjectGroup1/project_ws/install/pcl/share/pcl/hook/cmake_prefix_path.sh'
[3.254s] Level 1:colcon.colcon_core.environment:checking '/home/josh_ym_lee/RBE4540FinalProjectGroup1/project_ws/install/pcl/lib'
[3.254s] Level 1:colcon.colcon_core.environment:checking '/home/josh_ym_lee/RBE4540FinalProjectGroup1/project_ws/install/pcl/bin'
[3.254s] Level 1:colcon.colcon_core.environment:checking '/home/josh_ym_lee/RBE4540FinalProjectGroup1/project_ws/install/pcl/lib/pkgconfig/pcl.pc'
[3.254s] Level 1:colcon.colcon_core.environment:checking '/home/josh_ym_lee/RBE4540FinalProjectGroup1/project_ws/install/pcl/lib/python3.10/site-packages'
[3.254s] Level 1:colcon.colcon_core.environment:checking '/home/josh_ym_lee/RBE4540FinalProjectGroup1/project_ws/install/pcl/bin'
[3.254s] INFO:colcon.colcon_core.shell:Creating package script '/home/josh_ym_lee/RBE4540FinalProjectGroup1/project_ws/install/pcl/share/pcl/package.ps1'
[3.255s] INFO:colcon.colcon_core.shell:Creating package descriptor '/home/josh_ym_lee/RBE4540FinalProjectGroup1/project_ws/install/pcl/share/pcl/package.dsv'
[3.255s] INFO:colcon.colcon_core.shell:Creating package script '/home/josh_ym_lee/RBE4540FinalProjectGroup1/project_ws/install/pcl/share/pcl/package.sh'
[3.255s] INFO:colcon.colcon_core.shell:Creating package script '/home/josh_ym_lee/RBE4540FinalProjectGroup1/project_ws/install/pcl/share/pcl/package.bash'
[3.255s] INFO:colcon.colcon_core.shell:Creating package script '/home/josh_ym_lee/RBE4540FinalProjectGroup1/project_ws/install/pcl/share/pcl/package.zsh'
[3.256s] Level 1:colcon.colcon_core.environment:create_file_with_runtime_dependencies(/home/josh_ym_lee/RBE4540FinalProjectGroup1/project_ws/install/pcl/share/colcon-core/packages/pcl)
[3.256s] DEBUG:colcon.colcon_parallel_executor.executor.parallel:closing loop
[3.256s] DEBUG:colcon.colcon_parallel_executor.executor.parallel:loop closed
[3.256s] DEBUG:colcon.colcon_parallel_executor.executor.parallel:run_until_complete finished with '0'
[3.256s] DEBUG:colcon.colcon_core.event_reactor:joining thread
[3.264s] INFO:colcon.colcon_core.plugin_system:Skipping extension 'colcon_notification.desktop_notification.terminal_notifier': Not used on non-Darwin systems
[3.264s] INFO:colcon.colcon_core.plugin_system:Skipping extension 'colcon_notification.desktop_notification.win32': Not used on non-Windows systems
[3.264s] INFO:colcon.colcon_notification.desktop_notification:Sending desktop notification using 'notify2'
[3.294s] DEBUG:colcon.colcon_core.event_reactor:joined thread
[3.294s] INFO:colcon.colcon_core.shell:Creating prefix script '/home/josh_ym_lee/RBE4540FinalProjectGroup1/project_ws/install/local_setup.ps1'
[3.295s] INFO:colcon.colcon_core.shell:Creating prefix util module '/home/josh_ym_lee/RBE4540FinalProjectGroup1/project_ws/install/_local_setup_util_ps1.py'
[3.296s] INFO:colcon.colcon_core.shell:Creating prefix chain script '/home/josh_ym_lee/RBE4540FinalProjectGroup1/project_ws/install/setup.ps1'
[3.299s] INFO:colcon.colcon_core.shell:Creating prefix script '/home/josh_ym_lee/RBE4540FinalProjectGroup1/project_ws/install/local_setup.sh'
[3.300s] INFO:colcon.colcon_core.shell:Creating prefix util module '/home/josh_ym_lee/RBE4540FinalProjectGroup1/project_ws/install/_local_setup_util_sh.py'
[3.300s] INFO:colcon.colcon_core.shell:Creating prefix chain script '/home/josh_ym_lee/RBE4540FinalProjectGroup1/project_ws/install/setup.sh'
[3.303s] INFO:colcon.colcon_core.shell:Creating prefix script '/home/josh_ym_lee/RBE4540FinalProjectGroup1/project_ws/install/local_setup.bash'
[3.304s] INFO:colcon.colcon_core.shell:Creating prefix chain script '/home/josh_ym_lee/RBE4540FinalProjectGroup1/project_ws/install/setup.bash'
[3.306s] INFO:colcon.colcon_core.shell:Creating prefix script '/home/josh_ym_lee/RBE4540FinalProjectGroup1/project_ws/install/local_setup.zsh'
[3.307s] INFO:colcon.colcon_core.shell:Creating prefix chain script '/home/josh_ym_lee/RBE4540FinalProjectGroup1/project_ws/install/setup.zsh'
