[35m[1mConsolidate compiler generated dependencies of target transform_pointcloud[0m
[  0%] Built target ament_cmake_python_symlink_pcl
[100%] Built target transform_pointcloud
running egg_info
writing pcl.egg-info/PKG-INFO
writing dependency_links to pcl.egg-info/dependency_links.txt
writing top-level names to pcl.egg-info/top_level.txt
reading manifest file 'pcl.egg-info/SOURCES.txt'
writing manifest file 'pcl.egg-info/SOURCES.txt'
[100%] Built target ament_cmake_python_build_pcl_egg
-- Install configuration: ""
-- Execute custom install script
-- Up-to-date symlink: /home/josh_ym_lee/RBE4540FinalProjectGroup1/project_ws/install/pcl/lib/pcl/transform_pointcloud
-- Up-to-date symlink: /home/josh_ym_lee/RBE4540FinalProjectGroup1/project_ws/install/pcl/share/pcl/environment/pythonpath.sh
-- Up-to-date symlink: /home/josh_ym_lee/RBE4540FinalProjectGroup1/project_ws/install/pcl/share/pcl/environment/pythonpath.dsv
-- Up-to-date symlink: /home/josh_ym_lee/RBE4540FinalProjectGroup1/project_ws/install/pcl/local/lib/python3.10/dist-packages/pcl-0.0.0-py3.10.egg-info/PKG-INFO
-- Up-to-date symlink: /home/josh_ym_lee/RBE4540FinalProjectGroup1/project_ws/install/pcl/local/lib/python3.10/dist-packages/pcl-0.0.0-py3.10.egg-info/SOURCES.txt
-- Up-to-date symlink: /home/josh_ym_lee/RBE4540FinalProjectGroup1/project_ws/install/pcl/local/lib/python3.10/dist-packages/pcl-0.0.0-py3.10.egg-info/dependency_links.txt
-- Up-to-date symlink: /home/josh_ym_lee/RBE4540FinalProjectGroup1/project_ws/install/pcl/local/lib/python3.10/dist-packages/pcl-0.0.0-py3.10.egg-info/top_level.txt
-- Up-to-date symlink: /home/josh_ym_lee/RBE4540FinalProjectGroup1/project_ws/install/pcl/local/lib/python3.10/dist-packages/pcl/__init__.py
-- Up-to-date symlink: /home/josh_ym_lee/RBE4540FinalProjectGroup1/project_ws/install/pcl/share/ament_index/resource_index/package_run_dependencies/pcl
-- Up-to-date symlink: /home/josh_ym_lee/RBE4540FinalProjectGroup1/project_ws/install/pcl/share/ament_index/resource_index/parent_prefix_path/pcl
-- Up-to-date symlink: /home/josh_ym_lee/RBE4540FinalProjectGroup1/project_ws/install/pcl/share/pcl/environment/ament_prefix_path.sh
-- Up-to-date symlink: /home/josh_ym_lee/RBE4540FinalProjectGroup1/project_ws/install/pcl/share/pcl/environment/ament_prefix_path.dsv
-- Up-to-date symlink: /home/josh_ym_lee/RBE4540FinalProjectGroup1/project_ws/install/pcl/share/pcl/environment/path.sh
-- Up-to-date symlink: /home/josh_ym_lee/RBE4540FinalProjectGroup1/project_ws/install/pcl/share/pcl/environment/path.dsv
-- Up-to-date symlink: /home/josh_ym_lee/RBE4540FinalProjectGroup1/project_ws/install/pcl/share/pcl/local_setup.bash
-- Up-to-date symlink: /home/josh_ym_lee/RBE4540FinalProjectGroup1/project_ws/install/pcl/share/pcl/local_setup.sh
-- Up-to-date symlink: /home/josh_ym_lee/RBE4540FinalProjectGroup1/project_ws/install/pcl/share/pcl/local_setup.zsh
-- Up-to-date symlink: /home/josh_ym_lee/RBE4540FinalProjectGroup1/project_ws/install/pcl/share/pcl/local_setup.dsv
-- Symlinking: /home/josh_ym_lee/RBE4540FinalProjectGroup1/project_ws/install/pcl/share/pcl/package.dsv
-- Up-to-date symlink: /home/josh_ym_lee/RBE4540FinalProjectGroup1/project_ws/install/pcl/share/ament_index/resource_index/packages/pcl
-- Up-to-date symlink: /home/josh_ym_lee/RBE4540FinalProjectGroup1/project_ws/install/pcl/share/pcl/cmake/pclConfig.cmake
-- Up-to-date symlink: /home/josh_ym_lee/RBE4540FinalProjectGroup1/project_ws/install/pcl/share/pcl/cmake/pclConfig-version.cmake
-- Up-to-date symlink: /home/josh_ym_lee/RBE4540FinalProjectGroup1/project_ws/install/pcl/share/pcl/package.xml
Listing '/home/josh_ym_lee/RBE4540FinalProjectGroup1/project_ws/install/pcl/local/lib/python3.10/dist-packages/pcl'...
