[0.010s] Invoking command in '/home/cloliveira/Final_Project/RBE4540FinalProjectGroup1/project_ws/build/pcl': CMAKE_PREFIX_PATH=${CMAKE_PREFIX_PATH}:/home/cloliveira/HW4/gazebotest_ws/install/rrbot_gazebo:/home/cloliveira/HW4/gazebotest_ws/install/rrbot_description:/home/cloliveira/HW4/gazebotest_ws/install/opencv_test_py:/home/cloliveira/rbe450x-ros/install/my_package:/opt/ros/humble /usr/bin/cmake /home/cloliveira/Final_Project/RBE4540FinalProjectGroup1/project_ws/src/pcl -DCMAKE_INSTALL_PREFIX=/home/cloliveira/Final_Project/RBE4540FinalProjectGroup1/project_ws/install/pcl
[0.096s] -- The C compiler identification is GNU 11.4.0
[0.162s] -- The CXX compiler identification is GNU 11.4.0
[0.169s] -- Detecting C compiler ABI info
[0.232s] -- Detecting C compiler ABI info - done
[0.237s] -- Check for working C compiler: /usr/bin/cc - skipped
[0.237s] -- Detecting C compile features
[0.238s] -- Detecting C compile features - done
[0.241s] -- Detecting CXX compiler ABI info
[0.309s] -- Detecting CXX compiler ABI info - done
[0.317s] -- Check for working CXX compiler: /usr/bin/c++ - skipped
[0.317s] -- Detecting CXX compile features
[0.317s] -- Detecting CXX compile features - done
[0.320s] -- Found ament_cmake: 1.3.12 (/opt/ros/humble/share/ament_cmake/cmake)
[0.453s] -- Found Python3: /usr/bin/python3 (found version "3.10.12") found components: Interpreter 
[0.538s] -- Checking for module 'eigen3'
[0.551s] --   Found eigen3, version 3.4.0
[0.582s] -- Found Eigen: /usr/include/eigen3 (Required is at least version "3.1") 
[0.582s] -- Eigen found (include: /usr/include/eigen3, version: 3.4.0)
[0.602s] -- Found Boost: /usr/lib/x86_64-linux-gnu/cmake/Boost-1.74.0/BoostConfig.cmake (found suitable version "1.74.0", minimum required is "1.65.0") found components: system filesystem date_time iostreams serialization 
[0.617s] -- Checking for module 'flann'
[0.628s] --   Found flann, version 1.9.1
[0.677s] -- Found FLANN: /usr/lib/x86_64-linux-gnu/libflann_cpp.so  
[0.677s] -- FLANN found (include: /usr/include, lib: /usr/lib/x86_64-linux-gnu/libflann_cpp.so)
[0.705s] -- Looking for pthread.h
[0.775s] -- Looking for pthread.h - found
[0.775s] -- Performing Test CMAKE_HAVE_LIBC_PTHREAD
[0.839s] -- Performing Test CMAKE_HAVE_LIBC_PTHREAD - Success
[0.840s] -- Found Threads: TRUE  
[0.842s] -- Found GLEW: /usr/lib/x86_64-linux-gnu/libGLEW.so  
[0.848s] -- Found OpenGL: /usr/lib/x86_64-linux-gnu/libOpenGL.so  found components: OpenGL GLX 
[0.967s] -- Found MPI_C: /usr/lib/x86_64-linux-gnu/libmpi.so (found version "3.1") 
[0.967s] -- Found MPI: TRUE (found version "3.1") found components: C 
[0.971s] -- Found JsonCpp: /usr/lib/x86_64-linux-gnu/libjsoncpp.so (found suitable version "1.9.5", minimum required is "0.7.0") 
[0.978s] -- Found ZLIB: /usr/lib/x86_64-linux-gnu/libz.so (found version "1.2.11") 
[0.992s] -- Found PNG: /usr/lib/x86_64-linux-gnu/libpng.so (found version "1.6.37") 
[1.007s] -- Found Eigen3: /usr/include/eigen3 (found version "3.4.0") 
[1.090s] -- Found X11: /usr/include   
[1.090s] -- Looking for XOpenDisplay in /usr/lib/x86_64-linux-gnu/libX11.so;/usr/lib/x86_64-linux-gnu/libXext.so
[1.156s] -- Looking for XOpenDisplay in /usr/lib/x86_64-linux-gnu/libX11.so;/usr/lib/x86_64-linux-gnu/libXext.so - found
[1.156s] -- Looking for gethostbyname
[1.222s] -- Looking for gethostbyname - found
[1.222s] -- Looking for connect
[1.284s] -- Looking for connect - found
[1.284s] -- Looking for remove
[1.346s] -- Looking for remove - found
[1.346s] -- Looking for shmat
[1.403s] -- Looking for shmat - found
[1.403s] -- Looking for IceConnectionNumber in ICE
[1.460s] -- Looking for IceConnectionNumber in ICE - found
[1.541s] -- Found EXPAT: /usr/lib/x86_64-linux-gnu/libexpat.so (found version "2.4.7") 
[1.542s] -- Found double-conversion: /usr/lib/x86_64-linux-gnu/libdouble-conversion.so  
[1.544s] -- Found LZ4: /usr/lib/x86_64-linux-gnu/liblz4.so (found version "1.9.3") 
[1.546s] -- Found LZMA: /usr/lib/x86_64-linux-gnu/liblzma.so (found version "5.2.5") 
[1.579s] -- Found JPEG: /usr/lib/x86_64-linux-gnu/libjpeg.so (found version "80") 
[1.584s] -- Found TIFF: /usr/lib/x86_64-linux-gnu/libtiff.so (found version "4.3.0")  
[1.589s] -- Found Freetype: /usr/lib/x86_64-linux-gnu/libfreetype.so (found version "2.11.1") 
[1.596s] -- Found utf8cpp: /usr/include/utf8cpp  
[1.672s] -- Checking for module 'libusb-1.0'
[1.687s] --   Found libusb-1.0, version 1.0.25
[1.723s] -- Found libusb: /usr/lib/x86_64-linux-gnu/libusb-1.0.so  
[1.724s] -- Found OpenNI: /usr/lib/libOpenNI.so;libusb::libusb (found version "1.5.4.0") 
[1.724s] -- OpenNI found (version: 1.5.4.0, include: /usr/include/ni, lib: /usr/lib/libOpenNI.so;libusb::libusb)
[1.780s] -- Found OpenNI2: /usr/lib/x86_64-linux-gnu/libOpenNI2.so;libusb::libusb (found version "2.2.0.33") 
[1.780s] -- OpenNI2 found (version: 2.2.0.33, include: /usr/include/openni2, lib: /usr/lib/x86_64-linux-gnu/libOpenNI2.so;libusb::libusb)
[1.780s] [0m** WARNING ** io features related to pcap will be disabled[0m
[1.906s] -- Eigen found (include: /usr/include/eigen3, version: 3.4.0)
[1.912s] -- OpenNI found (version: 1.5.4.0, include: /usr/include/ni, lib: /usr/lib/libOpenNI.so;libusb::libusb)
[1.918s] -- OpenNI2 found (version: 2.2.0.33, include: /usr/include/openni2, lib: /usr/lib/x86_64-linux-gnu/libOpenNI2.so;libusb::libusb)
[2.041s] -- Found Qhull version 8.0.2
[2.163s] -- OpenNI found (version: 1.5.4.0, include: /usr/include/ni, lib: /usr/lib/libOpenNI.so;libusb::libusb)
[2.273s] -- looking for PCL_COMMON
[2.274s] -- Found PCL_COMMON: /usr/lib/x86_64-linux-gnu/libpcl_common.so  
[2.274s] -- looking for PCL_KDTREE
[2.275s] -- Found PCL_KDTREE: /usr/lib/x86_64-linux-gnu/libpcl_kdtree.so  
[2.275s] -- looking for PCL_OCTREE
[2.275s] -- Found PCL_OCTREE: /usr/lib/x86_64-linux-gnu/libpcl_octree.so  
[2.276s] -- looking for PCL_SEARCH
[2.286s] -- Found PCL_SEARCH: /usr/lib/x86_64-linux-gnu/libpcl_search.so  
[2.286s] -- looking for PCL_SAMPLE_CONSENSUS
[2.286s] -- Found PCL_SAMPLE_CONSENSUS: /usr/lib/x86_64-linux-gnu/libpcl_sample_consensus.so  
[2.286s] -- looking for PCL_FILTERS
[2.287s] -- Found PCL_FILTERS: /usr/lib/x86_64-linux-gnu/libpcl_filters.so  
[2.287s] -- looking for PCL_2D
[2.287s] -- Found PCL_2D: /usr/include/pcl-1.12  
[2.287s] -- looking for PCL_GEOMETRY
[2.287s] -- Found PCL_GEOMETRY: /usr/include/pcl-1.12  
[2.287s] -- looking for PCL_IO
[2.288s] -- Found PCL_IO: /usr/lib/x86_64-linux-gnu/libpcl_io.so  
[2.288s] -- looking for PCL_FEATURES
[2.289s] -- Found PCL_FEATURES: /usr/lib/x86_64-linux-gnu/libpcl_features.so  
[2.289s] -- looking for PCL_ML
[2.289s] -- Found PCL_ML: /usr/lib/x86_64-linux-gnu/libpcl_ml.so  
[2.289s] -- looking for PCL_SEGMENTATION
[2.290s] -- Found PCL_SEGMENTATION: /usr/lib/x86_64-linux-gnu/libpcl_segmentation.so  
[2.290s] -- looking for PCL_VISUALIZATION
[2.291s] -- Found PCL_VISUALIZATION: /usr/lib/x86_64-linux-gnu/libpcl_visualization.so  
[2.291s] -- looking for PCL_SURFACE
[2.292s] -- Found PCL_SURFACE: /usr/lib/x86_64-linux-gnu/libpcl_surface.so  
[2.292s] -- looking for PCL_REGISTRATION
[2.293s] -- Found PCL_REGISTRATION: /usr/lib/x86_64-linux-gnu/libpcl_registration.so  
[2.294s] -- looking for PCL_KEYPOINTS
[2.295s] -- Found PCL_KEYPOINTS: /usr/lib/x86_64-linux-gnu/libpcl_keypoints.so  
[2.295s] -- looking for PCL_TRACKING
[2.296s] -- Found PCL_TRACKING: /usr/lib/x86_64-linux-gnu/libpcl_tracking.so  
[2.296s] -- looking for PCL_RECOGNITION
[2.298s] -- Found PCL_RECOGNITION: /usr/lib/x86_64-linux-gnu/libpcl_recognition.so  
[2.298s] -- looking for PCL_STEREO
[2.298s] -- Found PCL_STEREO: /usr/lib/x86_64-linux-gnu/libpcl_stereo.so  
[2.298s] -- looking for PCL_APPS
[2.299s] -- Found PCL_APPS: /usr/lib/x86_64-linux-gnu/libpcl_apps.so  
[2.299s] -- looking for PCL_IN_HAND_SCANNER
[2.300s] -- Found PCL_IN_HAND_SCANNER: /usr/include/pcl-1.12  
[2.300s] -- looking for PCL_MODELER
[2.300s] -- Found PCL_MODELER: /usr/include/pcl-1.12  
[2.300s] -- looking for PCL_POINT_CLOUD_EDITOR
[2.300s] -- Found PCL_POINT_CLOUD_EDITOR: /usr/include/pcl-1.12  
[2.300s] -- looking for PCL_OUTOFCORE
[2.301s] -- Found PCL_OUTOFCORE: /usr/lib/x86_64-linux-gnu/libpcl_outofcore.so  
[2.301s] -- looking for PCL_PEOPLE
[2.302s] -- Found PCL_PEOPLE: /usr/lib/x86_64-linux-gnu/libpcl_people.so  
[2.303s] -- Found PCL: pcl_common;pcl_kdtree;pcl_octree;pcl_search;pcl_sample_consensus;pcl_filters;pcl_io;pcl_features;pcl_ml;pcl_segmentation;pcl_visualization;pcl_surface;pcl_registration;pcl_keypoints;pcl_tracking;pcl_recognition;pcl_stereo;pcl_apps;pcl_outofcore;pcl_people;Boost::system;Boost::filesystem;Boost::date_time;Boost::iostreams;Boost::serialization;/usr/lib/libOpenNI.so;libusb::libusb;/usr/lib/x86_64-linux-gnu/libOpenNI2.so;libusb::libusb;VTK::ChartsCore;VTK::CommonColor;VTK::CommonComputationalGeometry;VTK::CommonCore;VTK::CommonDataModel;VTK::CommonExecutionModel;VTK::CommonMath;VTK::CommonMisc;VTK::CommonTransforms;VTK::FiltersCore;VTK::FiltersExtraction;VTK::FiltersGeneral;VTK::FiltersGeometry;VTK::FiltersModeling;VTK::FiltersSources;VTK::ImagingCore;VTK::ImagingSources;VTK::InteractionImage;VTK::InteractionStyle;VTK::InteractionWidgets;VTK::IOCore;VTK::IOGeometry;VTK::IOImage;VTK::IOLegacy;VTK::IOPLY;VTK::RenderingAnnotation;VTK::RenderingCore;VTK::RenderingContext2D;VTK::RenderingLOD;VTK::RenderingFreeType;VTK::ViewsCore;VTK::ViewsContext2D;VTK::RenderingOpenGL2;VTK::GUISupportQt;FLANN::FLANN;QHULL::QHULL  
[2.304s] -- Found rclcpp: 16.0.14 (/opt/ros/humble/share/rclcpp/cmake)
[2.338s] -- Found rosidl_generator_c: 3.1.7 (/opt/ros/humble/share/rosidl_generator_c/cmake)
[2.342s] -- Found rosidl_adapter: 3.1.7 (/opt/ros/humble/share/rosidl_adapter/cmake)
[2.350s] -- Found rosidl_generator_cpp: 3.1.7 (/opt/ros/humble/share/rosidl_generator_cpp/cmake)
[2.362s] -- Using all available rosidl_typesupport_c: rosidl_typesupport_fastrtps_c;rosidl_typesupport_introspection_c
[2.376s] -- Using all available rosidl_typesupport_cpp: rosidl_typesupport_fastrtps_cpp;rosidl_typesupport_introspection_cpp
[2.415s] -- Found rmw_implementation_cmake: 6.1.2 (/opt/ros/humble/share/rmw_implementation_cmake/cmake)
[2.417s] -- Found rmw_fastrtps_cpp: 6.2.8 (/opt/ros/humble/share/rmw_fastrtps_cpp/cmake)
[2.504s] -- Found OpenSSL: /usr/lib/x86_64-linux-gnu/libcrypto.so (found version "3.0.2")  
[2.523s] -- Found FastRTPS: /opt/ros/humble/include  
[2.556s] -- Using RMW implementation 'rmw_fastrtps_cpp' as default
[2.602s] -- Found rclpy: 3.3.17 (/opt/ros/humble/share/rclpy/cmake)
[2.604s] -- Found sensor_msgs: 4.9.0 (/opt/ros/humble/share/sensor_msgs/cmake)
[2.627s] -- Found pcl_conversions: 2.4.5 (/opt/ros/humble/share/pcl_conversions/cmake)
[2.649s] -- Found tf2_ros: 0.25.16 (/opt/ros/humble/share/tf2_ros/cmake)
[2.728s] -- Found tf2_geometry_msgs: 0.25.16 (/opt/ros/humble/share/tf2_geometry_msgs/cmake)
[2.738s] -- Found eigen3_cmake_module: 0.1.1 (/opt/ros/humble/share/eigen3_cmake_module/cmake)
[2.739s] -- Found Eigen3: TRUE (found version "3.4.0") 
[2.739s] -- Ensuring Eigen3 include directory is part of orocos-kdl CMake target
[2.741s] -- Found tf2_py: 0.25.16 (/opt/ros/humble/share/tf2_py/cmake)
[2.742s] -- Found tf2_eigen: 0.25.16 (/opt/ros/humble/share/tf2_eigen/cmake)
[2.812s] -- Found ament_lint_auto: 0.12.14 (/opt/ros/humble/share/ament_lint_auto/cmake)
[2.872s] -- Added test 'copyright' to check source files copyright and LICENSE
[2.873s] -- Added test 'cppcheck' to perform static code analysis on C / C++ code
[2.875s] -- Configured cppcheck include dirs: /home/cloliveira/Final_Project/RBE4540FinalProjectGroup1/project_ws/src/pcl/include
[2.875s] -- Configured cppcheck exclude dirs and/or files: 
[2.876s] -- Added test 'flake8' to check Python code syntax and style conventions
[2.876s] -- Added test 'lint_cmake' to check CMake code style
[2.877s] -- Added test 'pep257' to check Python code against some of the docstring style conventions in PEP 257
[2.878s] -- Added test 'uncrustify' to check C / C++ code style
[2.878s] -- Configured uncrustify additional arguments: 
[2.878s] -- Added test 'xmllint' to check XML markup files
[2.879s] -- Configuring done
[2.936s] -- Generating done
[2.945s] -- Build files have been written to: /home/cloliveira/Final_Project/RBE4540FinalProjectGroup1/project_ws/build/pcl
[2.960s] Invoked command in '/home/cloliveira/Final_Project/RBE4540FinalProjectGroup1/project_ws/build/pcl' returned '0': CMAKE_PREFIX_PATH=${CMAKE_PREFIX_PATH}:/home/cloliveira/HW4/gazebotest_ws/install/rrbot_gazebo:/home/cloliveira/HW4/gazebotest_ws/install/rrbot_description:/home/cloliveira/HW4/gazebotest_ws/install/opencv_test_py:/home/cloliveira/rbe450x-ros/install/my_package:/opt/ros/humble /usr/bin/cmake /home/cloliveira/Final_Project/RBE4540FinalProjectGroup1/project_ws/src/pcl -DCMAKE_INSTALL_PREFIX=/home/cloliveira/Final_Project/RBE4540FinalProjectGroup1/project_ws/install/pcl
[2.962s] Invoking command in '/home/cloliveira/Final_Project/RBE4540FinalProjectGroup1/project_ws/build/pcl': CMAKE_PREFIX_PATH=${CMAKE_PREFIX_PATH}:/home/cloliveira/HW4/gazebotest_ws/install/rrbot_gazebo:/home/cloliveira/HW4/gazebotest_ws/install/rrbot_description:/home/cloliveira/HW4/gazebotest_ws/install/opencv_test_py:/home/cloliveira/rbe450x-ros/install/my_package:/opt/ros/humble /usr/bin/cmake --build /home/cloliveira/Final_Project/RBE4540FinalProjectGroup1/project_ws/build/pcl -- -j20 -l20
[3.009s] [ 50%] [32mBuilding CXX object CMakeFiles/transform_pointcloud.dir/src/transform_pointcloud.cpp.o[0m
[3.015s] [ 50%] Built target ament_cmake_python_copy_pcl
[3.174s] running egg_info
[3.175s] creating pcl.egg-info
[3.175s] writing pcl.egg-info/PKG-INFO
[3.175s] writing dependency_links to pcl.egg-info/dependency_links.txt
[3.175s] writing top-level names to pcl.egg-info/top_level.txt
[3.175s] writing manifest file 'pcl.egg-info/SOURCES.txt'
[3.177s] reading manifest file 'pcl.egg-info/SOURCES.txt'
[3.177s] writing manifest file 'pcl.egg-info/SOURCES.txt'
[3.198s] [ 50%] Built target ament_cmake_python_build_pcl_egg
[13.213s] [100%] [32m[1mLinking CXX executable transform_pointcloud[0m
[14.197s] [100%] Built target transform_pointcloud
[14.208s] Invoked command in '/home/cloliveira/Final_Project/RBE4540FinalProjectGroup1/project_ws/build/pcl' returned '0': CMAKE_PREFIX_PATH=${CMAKE_PREFIX_PATH}:/home/cloliveira/HW4/gazebotest_ws/install/rrbot_gazebo:/home/cloliveira/HW4/gazebotest_ws/install/rrbot_description:/home/cloliveira/HW4/gazebotest_ws/install/opencv_test_py:/home/cloliveira/rbe450x-ros/install/my_package:/opt/ros/humble /usr/bin/cmake --build /home/cloliveira/Final_Project/RBE4540FinalProjectGroup1/project_ws/build/pcl -- -j20 -l20
[14.210s] Invoking command in '/home/cloliveira/Final_Project/RBE4540FinalProjectGroup1/project_ws/build/pcl': CMAKE_PREFIX_PATH=${CMAKE_PREFIX_PATH}:/home/cloliveira/HW4/gazebotest_ws/install/rrbot_gazebo:/home/cloliveira/HW4/gazebotest_ws/install/rrbot_description:/home/cloliveira/HW4/gazebotest_ws/install/opencv_test_py:/home/cloliveira/rbe450x-ros/install/my_package:/opt/ros/humble /usr/bin/cmake --install /home/cloliveira/Final_Project/RBE4540FinalProjectGroup1/project_ws/build/pcl
[14.216s] -- Install configuration: ""
[14.216s] -- Installing: /home/cloliveira/Final_Project/RBE4540FinalProjectGroup1/project_ws/install/pcl/lib/pcl/transform_pointcloud
[14.218s] -- Set runtime path of "/home/cloliveira/Final_Project/RBE4540FinalProjectGroup1/project_ws/install/pcl/lib/pcl/transform_pointcloud" to ""
[14.218s] -- Installing: /home/cloliveira/Final_Project/RBE4540FinalProjectGroup1/project_ws/install/pcl/share/pcl/environment/pythonpath.sh
[14.218s] -- Installing: /home/cloliveira/Final_Project/RBE4540FinalProjectGroup1/project_ws/install/pcl/share/pcl/environment/pythonpath.dsv
[14.218s] -- Installing: /home/cloliveira/Final_Project/RBE4540FinalProjectGroup1/project_ws/install/pcl/local/lib/python3.10/dist-packages/pcl-0.0.0-py3.10.egg-info
[14.218s] -- Installing: /home/cloliveira/Final_Project/RBE4540FinalProjectGroup1/project_ws/install/pcl/local/lib/python3.10/dist-packages/pcl-0.0.0-py3.10.egg-info/SOURCES.txt
[14.218s] -- Installing: /home/cloliveira/Final_Project/RBE4540FinalProjectGroup1/project_ws/install/pcl/local/lib/python3.10/dist-packages/pcl-0.0.0-py3.10.egg-info/dependency_links.txt
[14.219s] -- Installing: /home/cloliveira/Final_Project/RBE4540FinalProjectGroup1/project_ws/install/pcl/local/lib/python3.10/dist-packages/pcl-0.0.0-py3.10.egg-info/PKG-INFO
[14.219s] -- Installing: /home/cloliveira/Final_Project/RBE4540FinalProjectGroup1/project_ws/install/pcl/local/lib/python3.10/dist-packages/pcl-0.0.0-py3.10.egg-info/top_level.txt
[14.219s] -- Installing: /home/cloliveira/Final_Project/RBE4540FinalProjectGroup1/project_ws/install/pcl/local/lib/python3.10/dist-packages/pcl
[14.219s] -- Installing: /home/cloliveira/Final_Project/RBE4540FinalProjectGroup1/project_ws/install/pcl/local/lib/python3.10/dist-packages/pcl/__init__.py
[14.245s] Listing '/home/cloliveira/Final_Project/RBE4540FinalProjectGroup1/project_ws/install/pcl/local/lib/python3.10/dist-packages/pcl'...
[14.245s] Compiling '/home/cloliveira/Final_Project/RBE4540FinalProjectGroup1/project_ws/install/pcl/local/lib/python3.10/dist-packages/pcl/__init__.py'...
[14.249s] -- Installing: /home/cloliveira/Final_Project/RBE4540FinalProjectGroup1/project_ws/install/pcl/share/ament_index/resource_index/package_run_dependencies/pcl
[14.249s] -- Installing: /home/cloliveira/Final_Project/RBE4540FinalProjectGroup1/project_ws/install/pcl/share/ament_index/resource_index/parent_prefix_path/pcl
[14.249s] -- Installing: /home/cloliveira/Final_Project/RBE4540FinalProjectGroup1/project_ws/install/pcl/share/pcl/environment/ament_prefix_path.sh
[14.249s] -- Installing: /home/cloliveira/Final_Project/RBE4540FinalProjectGroup1/project_ws/install/pcl/share/pcl/environment/ament_prefix_path.dsv
[14.249s] -- Installing: /home/cloliveira/Final_Project/RBE4540FinalProjectGroup1/project_ws/install/pcl/share/pcl/environment/path.sh
[14.249s] -- Installing: /home/cloliveira/Final_Project/RBE4540FinalProjectGroup1/project_ws/install/pcl/share/pcl/environment/path.dsv
[14.249s] -- Installing: /home/cloliveira/Final_Project/RBE4540FinalProjectGroup1/project_ws/install/pcl/share/pcl/local_setup.bash
[14.249s] -- Installing: /home/cloliveira/Final_Project/RBE4540FinalProjectGroup1/project_ws/install/pcl/share/pcl/local_setup.sh
[14.249s] -- Installing: /home/cloliveira/Final_Project/RBE4540FinalProjectGroup1/project_ws/install/pcl/share/pcl/local_setup.zsh
[14.249s] -- Installing: /home/cloliveira/Final_Project/RBE4540FinalProjectGroup1/project_ws/install/pcl/share/pcl/local_setup.dsv
[14.249s] -- Installing: /home/cloliveira/Final_Project/RBE4540FinalProjectGroup1/project_ws/install/pcl/share/pcl/package.dsv
[14.249s] -- Installing: /home/cloliveira/Final_Project/RBE4540FinalProjectGroup1/project_ws/install/pcl/share/ament_index/resource_index/packages/pcl
[14.249s] -- Installing: /home/cloliveira/Final_Project/RBE4540FinalProjectGroup1/project_ws/install/pcl/share/pcl/cmake/pclConfig.cmake
[14.249s] -- Installing: /home/cloliveira/Final_Project/RBE4540FinalProjectGroup1/project_ws/install/pcl/share/pcl/cmake/pclConfig-version.cmake
[14.249s] -- Installing: /home/cloliveira/Final_Project/RBE4540FinalProjectGroup1/project_ws/install/pcl/share/pcl/package.xml
[14.252s] Invoked command in '/home/cloliveira/Final_Project/RBE4540FinalProjectGroup1/project_ws/build/pcl' returned '0': CMAKE_PREFIX_PATH=${CMAKE_PREFIX_PATH}:/home/cloliveira/HW4/gazebotest_ws/install/rrbot_gazebo:/home/cloliveira/HW4/gazebotest_ws/install/rrbot_description:/home/cloliveira/HW4/gazebotest_ws/install/opencv_test_py:/home/cloliveira/rbe450x-ros/install/my_package:/opt/ros/humble /usr/bin/cmake --install /home/cloliveira/Final_Project/RBE4540FinalProjectGroup1/project_ws/build/pcl
