[0.746s] Invoking command in '/home/josh_ym_lee/RBE4540FinalProjectGroup1/project_ws/src/josh_code': PYTHONPATH=/home/josh_ym_lee/RBE4540FinalProjectGroup1/project_ws/build/josh_code/prefix_override:/usr/lib/python3/dist-packages/colcon_core/task/python/colcon_distutils_commands:/home/josh_ym_lee/RBE4540FinalProjectGroup1/project_ws/install/josh_code/lib/python3.10/site-packages:${PYTHONPATH} /usr/bin/python3 -W ignore:setup.py install is deprecated -W ignore:easy_install command is deprecated setup.py egg_info --egg-base ../../build/josh_code build --build-base /home/josh_ym_lee/RBE4540FinalProjectGroup1/project_ws/build/josh_code/build install --record /home/josh_ym_lee/RBE4540FinalProjectGroup1/project_ws/build/josh_code/install.log --single-version-externally-managed install_data
[0.945s] running egg_info
[0.945s] writing ../../build/josh_code/Josh_Code.egg-info/PKG-INFO
[0.946s] writing dependency_links to ../../build/josh_code/Josh_Code.egg-info/dependency_links.txt
[0.946s] writing entry points to ../../build/josh_code/Josh_Code.egg-info/entry_points.txt
[0.946s] writing requirements to ../../build/josh_code/Josh_Code.egg-info/requires.txt
[0.946s] writing top-level names to ../../build/josh_code/Josh_Code.egg-info/top_level.txt
[0.948s] reading manifest file '../../build/josh_code/Josh_Code.egg-info/SOURCES.txt'
[0.949s] writing manifest file '../../build/josh_code/Josh_Code.egg-info/SOURCES.txt'
[0.950s] running build
[0.950s] running build_py
[0.950s] running install
[0.950s] running install_lib
[0.952s] running install_data
[0.952s] running install_egg_info
[0.955s] removing '/home/josh_ym_lee/RBE4540FinalProjectGroup1/project_ws/install/josh_code/lib/python3.10/site-packages/Josh_Code-0.0.0-py3.10.egg-info' (and everything under it)
[0.956s] Copying ../../build/josh_code/Josh_Code.egg-info to /home/josh_ym_lee/RBE4540FinalProjectGroup1/project_ws/install/josh_code/lib/python3.10/site-packages/Josh_Code-0.0.0-py3.10.egg-info
[0.956s] running install_scripts
[0.984s] Installing grasp_matrix_node script to /home/josh_ym_lee/RBE4540FinalProjectGroup1/project_ws/install/josh_code/lib/Josh_Code
[0.984s] writing list of installed files to '/home/josh_ym_lee/RBE4540FinalProjectGroup1/project_ws/build/josh_code/install.log'
[1.001s] Invoked command in '/home/josh_ym_lee/RBE4540FinalProjectGroup1/project_ws/src/josh_code' returned '0': PYTHONPATH=/home/josh_ym_lee/RBE4540FinalProjectGroup1/project_ws/build/josh_code/prefix_override:/usr/lib/python3/dist-packages/colcon_core/task/python/colcon_distutils_commands:/home/josh_ym_lee/RBE4540FinalProjectGroup1/project_ws/install/josh_code/lib/python3.10/site-packages:${PYTHONPATH} /usr/bin/python3 -W ignore:setup.py install is deprecated -W ignore:easy_install command is deprecated setup.py egg_info --egg-base ../../build/josh_code build --build-base /home/josh_ym_lee/RBE4540FinalProjectGroup1/project_ws/build/josh_code/build install --record /home/josh_ym_lee/RBE4540FinalProjectGroup1/project_ws/build/josh_code/install.log --single-version-externally-managed install_data
