[0.128s] DEBUG:colcon:Command line arguments: ['/usr/bin/colcon', 'build']
[0.128s] DEBUG:colcon:Parsed command line arguments: Namespace(log_base=None, log_level=None, verb_name='build', build_base='build', install_base='install', merge_install=False, symlink_install=False, test_result_base=None, continue_on_error=False, executor='parallel', parallel_workers=8, event_handlers=None, ignore_user_meta=False, metas=['./colcon.meta'], base_paths=['.'], packages_ignore=None, packages_ignore_regex=None, paths=None, packages_up_to=None, packages_up_to_regex=None, packages_above=None, packages_above_and_dependencies=None, packages_above_depth=None, packages_select_by_dep=None, packages_skip_by_dep=None, packages_skip_up_to=None, packages_select_build_failed=False, packages_skip_build_finished=False, packages_select_test_failures=False, packages_skip_test_passed=False, packages_select=None, packages_skip=None, packages_select_regex=None, packages_skip_regex=None, packages_start=None, packages_end=None, allow_overriding=[], cmake_args=None, cmake_target=None, cmake_target_skip_unavailable=False, cmake_clean_cache=False, cmake_clean_first=False, cmake_force_configure=False, ament_cmake_args=None, catkin_cmake_args=None, catkin_skip_building_tests=False, verb_parser=<colcon_defaults.argument_parser.defaults.DefaultArgumentsDecorator object at 0xffff924b5f30>, verb_extension=<colcon_core.verb.build.BuildVerb object at 0xffff924a9810>, main=<bound method BuildVerb.main of <colcon_core.verb.build.BuildVerb object at 0xffff924a9810>>)
[0.293s] Level 1:colcon.colcon_core.package_discovery:discover_packages(colcon_meta) check parameters
[0.293s] Level 1:colcon.colcon_core.package_discovery:discover_packages(recursive) check parameters
[0.293s] Level 1:colcon.colcon_core.package_discovery:discover_packages(ignore) check parameters
[0.293s] Level 1:colcon.colcon_core.package_discovery:discover_packages(path) check parameters
[0.293s] Level 1:colcon.colcon_core.package_discovery:discover_packages(colcon_meta) discover
[0.293s] Level 1:colcon.colcon_core.package_discovery:discover_packages(recursive) discover
[0.294s] INFO:colcon.colcon_core.package_discovery:Crawling recursively for packages in '/home/josh_ym_lee/RBE4540FinalProjectGroup1/project_ws'
[0.294s] Level 1:colcon.colcon_core.package_identification:_identify(.) by extensions ['ignore', 'ignore_ament_install']
[0.294s] Level 1:colcon.colcon_core.package_identification:_identify(.) by extension 'ignore'
[0.294s] Level 1:colcon.colcon_core.package_identification:_identify(.) by extension 'ignore_ament_install'
[0.294s] Level 1:colcon.colcon_core.package_identification:_identify(.) by extensions ['colcon_pkg']
[0.294s] Level 1:colcon.colcon_core.package_identification:_identify(.) by extension 'colcon_pkg'
[0.294s] Level 1:colcon.colcon_core.package_identification:_identify(.) by extensions ['colcon_meta']
[0.294s] Level 1:colcon.colcon_core.package_identification:_identify(.) by extension 'colcon_meta'
[0.294s] Level 1:colcon.colcon_core.package_identification:_identify(.) by extensions ['ros']
[0.294s] Level 1:colcon.colcon_core.package_identification:_identify(.) by extension 'ros'
[0.302s] Level 1:colcon.colcon_core.package_identification:_identify(.) by extensions ['cmake', 'python']
[0.302s] Level 1:colcon.colcon_core.package_identification:_identify(.) by extension 'cmake'
[0.302s] Level 1:colcon.colcon_core.package_identification:_identify(.) by extension 'python'
[0.302s] Level 1:colcon.colcon_core.package_identification:_identify(.) by extensions ['python_setup_py']
[0.302s] Level 1:colcon.colcon_core.package_identification:_identify(.) by extension 'python_setup_py'
[0.302s] Level 1:colcon.colcon_core.package_identification:_identify(build) by extensions ['ignore', 'ignore_ament_install']
[0.302s] Level 1:colcon.colcon_core.package_identification:_identify(build) by extension 'ignore'
[0.302s] Level 1:colcon.colcon_core.package_identification:_identify(build) ignored
[0.302s] Level 1:colcon.colcon_core.package_identification:_identify(install) by extensions ['ignore', 'ignore_ament_install']
[0.302s] Level 1:colcon.colcon_core.package_identification:_identify(install) by extension 'ignore'
[0.302s] Level 1:colcon.colcon_core.package_identification:_identify(install) ignored
[0.302s] Level 1:colcon.colcon_core.package_identification:_identify(log) by extensions ['ignore', 'ignore_ament_install']
[0.302s] Level 1:colcon.colcon_core.package_identification:_identify(log) by extension 'ignore'
[0.302s] Level 1:colcon.colcon_core.package_identification:_identify(log) ignored
[0.302s] Level 1:colcon.colcon_core.package_identification:_identify(src) by extensions ['ignore', 'ignore_ament_install']
[0.302s] Level 1:colcon.colcon_core.package_identification:_identify(src) by extension 'ignore'
[0.302s] Level 1:colcon.colcon_core.package_identification:_identify(src) by extension 'ignore_ament_install'
[0.302s] Level 1:colcon.colcon_core.package_identification:_identify(src) by extensions ['colcon_pkg']
[0.302s] Level 1:colcon.colcon_core.package_identification:_identify(src) by extension 'colcon_pkg'
[0.302s] Level 1:colcon.colcon_core.package_identification:_identify(src) by extensions ['colcon_meta']
[0.302s] Level 1:colcon.colcon_core.package_identification:_identify(src) by extension 'colcon_meta'
[0.302s] Level 1:colcon.colcon_core.package_identification:_identify(src) by extensions ['ros']
[0.302s] Level 1:colcon.colcon_core.package_identification:_identify(src) by extension 'ros'
[0.303s] Level 1:colcon.colcon_core.package_identification:_identify(src) by extensions ['cmake', 'python']
[0.303s] Level 1:colcon.colcon_core.package_identification:_identify(src) by extension 'cmake'
[0.303s] Level 1:colcon.colcon_core.package_identification:_identify(src) by extension 'python'
[0.303s] Level 1:colcon.colcon_core.package_identification:_identify(src) by extensions ['python_setup_py']
[0.303s] Level 1:colcon.colcon_core.package_identification:_identify(src) by extension 'python_setup_py'
[0.303s] Level 1:colcon.colcon_core.package_identification:_identify(src/pcl) by extensions ['ignore', 'ignore_ament_install']
[0.303s] Level 1:colcon.colcon_core.package_identification:_identify(src/pcl) by extension 'ignore'
[0.303s] Level 1:colcon.colcon_core.package_identification:_identify(src/pcl) by extension 'ignore_ament_install'
[0.303s] Level 1:colcon.colcon_core.package_identification:_identify(src/pcl) by extensions ['colcon_pkg']
[0.303s] Level 1:colcon.colcon_core.package_identification:_identify(src/pcl) by extension 'colcon_pkg'
[0.303s] Level 1:colcon.colcon_core.package_identification:_identify(src/pcl) by extensions ['colcon_meta']
[0.303s] Level 1:colcon.colcon_core.package_identification:_identify(src/pcl) by extension 'colcon_meta'
[0.303s] Level 1:colcon.colcon_core.package_identification:_identify(src/pcl) by extensions ['ros']
[0.303s] Level 1:colcon.colcon_core.package_identification:_identify(src/pcl) by extension 'ros'
[0.305s] DEBUG:colcon.colcon_core.package_identification:Package 'src/pcl' with type 'ros.ament_cmake' and name 'pcl'
[0.305s] Level 1:colcon.colcon_core.package_identification:_identify(src/vbm_project_env) by extensions ['ignore', 'ignore_ament_install']
[0.305s] Level 1:colcon.colcon_core.package_identification:_identify(src/vbm_project_env) by extension 'ignore'
[0.305s] Level 1:colcon.colcon_core.package_identification:_identify(src/vbm_project_env) by extension 'ignore_ament_install'
[0.305s] Level 1:colcon.colcon_core.package_identification:_identify(src/vbm_project_env) by extensions ['colcon_pkg']
[0.305s] Level 1:colcon.colcon_core.package_identification:_identify(src/vbm_project_env) by extension 'colcon_pkg'
[0.305s] Level 1:colcon.colcon_core.package_identification:_identify(src/vbm_project_env) by extensions ['colcon_meta']
[0.305s] Level 1:colcon.colcon_core.package_identification:_identify(src/vbm_project_env) by extension 'colcon_meta'
[0.305s] Level 1:colcon.colcon_core.package_identification:_identify(src/vbm_project_env) by extensions ['ros']
[0.305s] Level 1:colcon.colcon_core.package_identification:_identify(src/vbm_project_env) by extension 'ros'
[0.306s] DEBUG:colcon.colcon_core.package_identification:Package 'src/vbm_project_env' with type 'ros.ament_cmake' and name 'vbm_project_env'
[0.306s] Level 1:colcon.colcon_core.package_discovery:discover_packages(recursive) using defaults
[0.306s] Level 1:colcon.colcon_core.package_discovery:discover_packages(ignore) discover
[0.306s] Level 1:colcon.colcon_core.package_discovery:discover_packages(ignore) using defaults
[0.306s] Level 1:colcon.colcon_core.package_discovery:discover_packages(path) discover
[0.306s] Level 1:colcon.colcon_core.package_discovery:discover_packages(path) using defaults
[0.341s] Level 1:colcon.colcon_core.package_discovery:discover_packages(prefix_path) check parameters
[0.342s] Level 1:colcon.colcon_core.package_discovery:discover_packages(prefix_path) discover
[0.345s] DEBUG:colcon.colcon_installed_package_information.package_discovery:Found 2 installed packages in /home/josh_ym_lee/install
[0.346s] DEBUG:colcon.colcon_installed_package_information.package_discovery:Found 28 installed packages in /home/josh_ym_lee/ros2_ws/install
[0.346s] DEBUG:colcon.colcon_installed_package_information.package_discovery:Found 1 installed packages in /home/josh_ym_lee/rbe4540-ros/install
[0.348s] DEBUG:colcon.colcon_installed_package_information.package_discovery:Found 338 installed packages in /opt/ros/humble
[0.349s] Level 1:colcon.colcon_core.package_discovery:discover_packages(prefix_path) using defaults
[0.383s] Level 5:colcon.colcon_core.verb:set package 'pcl' build argument 'cmake_args' from command line to 'None'
[0.383s] Level 5:colcon.colcon_core.verb:set package 'pcl' build argument 'cmake_target' from command line to 'None'
[0.383s] Level 5:colcon.colcon_core.verb:set package 'pcl' build argument 'cmake_target_skip_unavailable' from command line to 'False'
[0.383s] Level 5:colcon.colcon_core.verb:set package 'pcl' build argument 'cmake_clean_cache' from command line to 'False'
[0.383s] Level 5:colcon.colcon_core.verb:set package 'pcl' build argument 'cmake_clean_first' from command line to 'False'
[0.383s] Level 5:colcon.colcon_core.verb:set package 'pcl' build argument 'cmake_force_configure' from command line to 'False'
[0.383s] Level 5:colcon.colcon_core.verb:set package 'pcl' build argument 'ament_cmake_args' from command line to 'None'
[0.383s] Level 5:colcon.colcon_core.verb:set package 'pcl' build argument 'catkin_cmake_args' from command line to 'None'
[0.383s] Level 5:colcon.colcon_core.verb:set package 'pcl' build argument 'catkin_skip_building_tests' from command line to 'False'
[0.383s] DEBUG:colcon.colcon_core.verb:Building package 'pcl' with the following arguments: {'ament_cmake_args': None, 'build_base': '/home/josh_ym_lee/RBE4540FinalProjectGroup1/project_ws/build/pcl', 'catkin_cmake_args': None, 'catkin_skip_building_tests': False, 'cmake_args': None, 'cmake_clean_cache': False, 'cmake_clean_first': False, 'cmake_force_configure': False, 'cmake_target': None, 'cmake_target_skip_unavailable': False, 'install_base': '/home/josh_ym_lee/RBE4540FinalProjectGroup1/project_ws/install/pcl', 'merge_install': False, 'path': '/home/josh_ym_lee/RBE4540FinalProjectGroup1/project_ws/src/pcl', 'symlink_install': False, 'test_result_base': None}
[0.384s] Level 5:colcon.colcon_core.verb:set package 'vbm_project_env' build argument 'cmake_args' from command line to 'None'
[0.384s] Level 5:colcon.colcon_core.verb:set package 'vbm_project_env' build argument 'cmake_target' from command line to 'None'
[0.384s] Level 5:colcon.colcon_core.verb:set package 'vbm_project_env' build argument 'cmake_target_skip_unavailable' from command line to 'False'
[0.384s] Level 5:colcon.colcon_core.verb:set package 'vbm_project_env' build argument 'cmake_clean_cache' from command line to 'False'
[0.384s] Level 5:colcon.colcon_core.verb:set package 'vbm_project_env' build argument 'cmake_clean_first' from command line to 'False'
[0.384s] Level 5:colcon.colcon_core.verb:set package 'vbm_project_env' build argument 'cmake_force_configure' from command line to 'False'
[0.384s] Level 5:colcon.colcon_core.verb:set package 'vbm_project_env' build argument 'ament_cmake_args' from command line to 'None'
[0.384s] Level 5:colcon.colcon_core.verb:set package 'vbm_project_env' build argument 'catkin_cmake_args' from command line to 'None'
[0.384s] Level 5:colcon.colcon_core.verb:set package 'vbm_project_env' build argument 'catkin_skip_building_tests' from command line to 'False'
[0.384s] DEBUG:colcon.colcon_core.verb:Building package 'vbm_project_env' with the following arguments: {'ament_cmake_args': None, 'build_base': '/home/josh_ym_lee/RBE4540FinalProjectGroup1/project_ws/build/vbm_project_env', 'catkin_cmake_args': None, 'catkin_skip_building_tests': False, 'cmake_args': None, 'cmake_clean_cache': False, 'cmake_clean_first': False, 'cmake_force_configure': False, 'cmake_target': None, 'cmake_target_skip_unavailable': False, 'install_base': '/home/josh_ym_lee/RBE4540FinalProjectGroup1/project_ws/install/vbm_project_env', 'merge_install': False, 'path': '/home/josh_ym_lee/RBE4540FinalProjectGroup1/project_ws/src/vbm_project_env', 'symlink_install': False, 'test_result_base': None}
[0.384s] INFO:colcon.colcon_core.executor:Executing jobs using 'parallel' executor
[0.385s] DEBUG:colcon.colcon_parallel_executor.executor.parallel:run_until_complete
[0.385s] INFO:colcon.colcon_ros.task.ament_cmake.build:Building ROS package in '/home/josh_ym_lee/RBE4540FinalProjectGroup1/project_ws/src/pcl' with build type 'ament_cmake'
[0.385s] INFO:colcon.colcon_cmake.task.cmake.build:Building CMake package in '/home/josh_ym_lee/RBE4540FinalProjectGroup1/project_ws/src/pcl'
[0.387s] INFO:colcon.colcon_core.plugin_system:Skipping extension 'colcon_core.shell.bat': Not used on non-Windows systems
[0.387s] INFO:colcon.colcon_core.shell:Skip shell extension 'powershell' for command environment: Not usable outside of PowerShell
[0.387s] DEBUG:colcon.colcon_core.shell:Skip shell extension 'dsv' for command environment
[0.390s] DEBUG:colcon.colcon_core.shell:Ignoring prefix path '/home/josh_ym_lee/catkin_ws/devel'
[0.392s] INFO:colcon.colcon_ros.task.ament_cmake.build:Building ROS package in '/home/josh_ym_lee/RBE4540FinalProjectGroup1/project_ws/src/vbm_project_env' with build type 'ament_cmake'
[0.392s] INFO:colcon.colcon_cmake.task.cmake.build:Building CMake package in '/home/josh_ym_lee/RBE4540FinalProjectGroup1/project_ws/src/vbm_project_env'
[0.392s] INFO:colcon.colcon_core.shell:Skip shell extension 'powershell' for command environment: Not usable outside of PowerShell
[0.392s] DEBUG:colcon.colcon_core.shell:Skip shell extension 'dsv' for command environment
[0.396s] DEBUG:colcon.colcon_core.shell:Ignoring prefix path '/home/josh_ym_lee/catkin_ws/devel'
[0.401s] DEBUG:colcon.colcon_core.event_handler.log_command:Invoking command in '/home/josh_ym_lee/RBE4540FinalProjectGroup1/project_ws/build/pcl': CMAKE_PREFIX_PATH=/home/josh_ym_lee/ros2_ws/install/rrbot_gazebo:/home/josh_ym_lee/ros2_ws/install/rrbot_description:/home/josh_ym_lee/ros2_ws/install/gazebo_msgs:/home/josh_ym_lee/ros2_ws/install/gazebo_dev:/home/josh_ym_lee/ros2_ws/install/examples_rclcpp_wait_set:/home/josh_ym_lee/ros2_ws/install/examples_rclcpp_multithreaded_executor:/home/josh_ym_lee/ros2_ws/install/examples_rclcpp_minimal_timer:/home/josh_ym_lee/ros2_ws/install/examples_rclcpp_minimal_subscriber:/home/josh_ym_lee/ros2_ws/install/examples_rclcpp_minimal_service:/home/josh_ym_lee/ros2_ws/install/examples_rclcpp_minimal_publisher:/home/josh_ym_lee/ros2_ws/install/examples_rclcpp_minimal_composition:/home/josh_ym_lee/ros2_ws/install/examples_rclcpp_minimal_client:/home/josh_ym_lee/ros2_ws/install/examples_rclcpp_minimal_action_server:/home/josh_ym_lee/ros2_ws/install/examples_rclcpp_minimal_action_client:/home/josh_ym_lee/ros2_ws/install/examples_rclcpp_cbg_executor:/home/josh_ym_lee/ros2_ws/install/examples_rclcpp_async_client:/home/josh_ym_lee/ros2_ws/install/opencv_test_py:/home/josh_ym_lee/ros2_ws/install/launch_testing_examples:/home/josh_ym_lee/ros2_ws/install/examples_rclpy_pointcloud_publisher:/home/josh_ym_lee/ros2_ws/install/examples_rclpy_minimal_subscriber:/home/josh_ym_lee/ros2_ws/install/examples_rclpy_minimal_service:/home/josh_ym_lee/ros2_ws/install/examples_rclpy_minimal_publisher:/home/josh_ym_lee/ros2_ws/install/examples_rclpy_minimal_client:/home/josh_ym_lee/ros2_ws/install/examples_rclpy_minimal_action_server:/home/josh_ym_lee/ros2_ws/install/examples_rclpy_minimal_action_client:/home/josh_ym_lee/ros2_ws/install/examples_rclpy_guard_conditions:/home/josh_ym_lee/ros2_ws/install/examples_rclpy_executors:/home/josh_ym_lee/rbe4540-ros/install/josh_rbe_package:/opt/ros/humble:/home/josh_ym_lee/catkin_ws/devel /usr/bin/cmake --build /home/josh_ym_lee/RBE4540FinalProjectGroup1/project_ws/build/pcl -- -j8 -l8
[0.409s] DEBUG:colcon.colcon_core.event_handler.log_command:Invoking command in '/home/josh_ym_lee/RBE4540FinalProjectGroup1/project_ws/build/vbm_project_env': CMAKE_PREFIX_PATH=/home/josh_ym_lee/ros2_ws/install/rrbot_gazebo:/home/josh_ym_lee/ros2_ws/install/rrbot_description:/home/josh_ym_lee/ros2_ws/install/gazebo_msgs:/home/josh_ym_lee/ros2_ws/install/gazebo_dev:/home/josh_ym_lee/ros2_ws/install/examples_rclcpp_wait_set:/home/josh_ym_lee/ros2_ws/install/examples_rclcpp_multithreaded_executor:/home/josh_ym_lee/ros2_ws/install/examples_rclcpp_minimal_timer:/home/josh_ym_lee/ros2_ws/install/examples_rclcpp_minimal_subscriber:/home/josh_ym_lee/ros2_ws/install/examples_rclcpp_minimal_service:/home/josh_ym_lee/ros2_ws/install/examples_rclcpp_minimal_publisher:/home/josh_ym_lee/ros2_ws/install/examples_rclcpp_minimal_composition:/home/josh_ym_lee/ros2_ws/install/examples_rclcpp_minimal_client:/home/josh_ym_lee/ros2_ws/install/examples_rclcpp_minimal_action_server:/home/josh_ym_lee/ros2_ws/install/examples_rclcpp_minimal_action_client:/home/josh_ym_lee/ros2_ws/install/examples_rclcpp_cbg_executor:/home/josh_ym_lee/ros2_ws/install/examples_rclcpp_async_client:/home/josh_ym_lee/ros2_ws/install/opencv_test_py:/home/josh_ym_lee/ros2_ws/install/launch_testing_examples:/home/josh_ym_lee/ros2_ws/install/examples_rclpy_pointcloud_publisher:/home/josh_ym_lee/ros2_ws/install/examples_rclpy_minimal_subscriber:/home/josh_ym_lee/ros2_ws/install/examples_rclpy_minimal_service:/home/josh_ym_lee/ros2_ws/install/examples_rclpy_minimal_publisher:/home/josh_ym_lee/ros2_ws/install/examples_rclpy_minimal_client:/home/josh_ym_lee/ros2_ws/install/examples_rclpy_minimal_action_server:/home/josh_ym_lee/ros2_ws/install/examples_rclpy_minimal_action_client:/home/josh_ym_lee/ros2_ws/install/examples_rclpy_guard_conditions:/home/josh_ym_lee/ros2_ws/install/examples_rclpy_executors:/home/josh_ym_lee/rbe4540-ros/install/josh_rbe_package:/opt/ros/humble:/home/josh_ym_lee/catkin_ws/devel /usr/bin/cmake --build /home/josh_ym_lee/RBE4540FinalProjectGroup1/project_ws/build/vbm_project_env -- -j8 -l8
[0.429s] DEBUG:colcon.colcon_core.event_handler.log_command:Invoked command in '/home/josh_ym_lee/RBE4540FinalProjectGroup1/project_ws/build/vbm_project_env' returned '2': CMAKE_PREFIX_PATH=/home/josh_ym_lee/ros2_ws/install/rrbot_gazebo:/home/josh_ym_lee/ros2_ws/install/rrbot_description:/home/josh_ym_lee/ros2_ws/install/gazebo_msgs:/home/josh_ym_lee/ros2_ws/install/gazebo_dev:/home/josh_ym_lee/ros2_ws/install/examples_rclcpp_wait_set:/home/josh_ym_lee/ros2_ws/install/examples_rclcpp_multithreaded_executor:/home/josh_ym_lee/ros2_ws/install/examples_rclcpp_minimal_timer:/home/josh_ym_lee/ros2_ws/install/examples_rclcpp_minimal_subscriber:/home/josh_ym_lee/ros2_ws/install/examples_rclcpp_minimal_service:/home/josh_ym_lee/ros2_ws/install/examples_rclcpp_minimal_publisher:/home/josh_ym_lee/ros2_ws/install/examples_rclcpp_minimal_composition:/home/josh_ym_lee/ros2_ws/install/examples_rclcpp_minimal_client:/home/josh_ym_lee/ros2_ws/install/examples_rclcpp_minimal_action_server:/home/josh_ym_lee/ros2_ws/install/examples_rclcpp_minimal_action_client:/home/josh_ym_lee/ros2_ws/install/examples_rclcpp_cbg_executor:/home/josh_ym_lee/ros2_ws/install/examples_rclcpp_async_client:/home/josh_ym_lee/ros2_ws/install/opencv_test_py:/home/josh_ym_lee/ros2_ws/install/launch_testing_examples:/home/josh_ym_lee/ros2_ws/install/examples_rclpy_pointcloud_publisher:/home/josh_ym_lee/ros2_ws/install/examples_rclpy_minimal_subscriber:/home/josh_ym_lee/ros2_ws/install/examples_rclpy_minimal_service:/home/josh_ym_lee/ros2_ws/install/examples_rclpy_minimal_publisher:/home/josh_ym_lee/ros2_ws/install/examples_rclpy_minimal_client:/home/josh_ym_lee/ros2_ws/install/examples_rclpy_minimal_action_server:/home/josh_ym_lee/ros2_ws/install/examples_rclpy_minimal_action_client:/home/josh_ym_lee/ros2_ws/install/examples_rclpy_guard_conditions:/home/josh_ym_lee/ros2_ws/install/examples_rclpy_executors:/home/josh_ym_lee/rbe4540-ros/install/josh_rbe_package:/opt/ros/humble:/home/josh_ym_lee/catkin_ws/devel /usr/bin/cmake --build /home/josh_ym_lee/RBE4540FinalProjectGroup1/project_ws/build/vbm_project_env -- -j8 -l8
[0.430s] Level 1:colcon.colcon_core.environment:create_environment_scripts_only(vbm_project_env)
[0.433s] Level 1:colcon.colcon_core.environment:checking '/home/josh_ym_lee/RBE4540FinalProjectGroup1/project_ws/install/vbm_project_env' for CMake module files
[0.433s] Level 1:colcon.colcon_core.environment:checking '/home/josh_ym_lee/RBE4540FinalProjectGroup1/project_ws/install/vbm_project_env' for CMake config files
[0.434s] Level 1:colcon.colcon_core.shell:create_environment_hook('vbm_project_env', 'cmake_prefix_path')
[0.434s] INFO:colcon.colcon_core.shell:Creating environment hook '/home/josh_ym_lee/RBE4540FinalProjectGroup1/project_ws/install/vbm_project_env/share/vbm_project_env/hook/cmake_prefix_path.ps1'
[0.434s] INFO:colcon.colcon_core.shell:Creating environment descriptor '/home/josh_ym_lee/RBE4540FinalProjectGroup1/project_ws/install/vbm_project_env/share/vbm_project_env/hook/cmake_prefix_path.dsv'
[0.435s] INFO:colcon.colcon_core.shell:Creating environment hook '/home/josh_ym_lee/RBE4540FinalProjectGroup1/project_ws/install/vbm_project_env/share/vbm_project_env/hook/cmake_prefix_path.sh'
[0.436s] Level 1:colcon.colcon_core.environment:checking '/home/josh_ym_lee/RBE4540FinalProjectGroup1/project_ws/install/vbm_project_env/bin'
[0.436s] Level 1:colcon.colcon_core.environment:checking '/home/josh_ym_lee/RBE4540FinalProjectGroup1/project_ws/install/vbm_project_env/lib/pkgconfig/vbm_project_env.pc'
[0.436s] Level 1:colcon.colcon_core.environment:checking '/home/josh_ym_lee/RBE4540FinalProjectGroup1/project_ws/install/vbm_project_env/lib/python3.10/site-packages'
[0.436s] Level 1:colcon.colcon_core.environment:checking '/home/josh_ym_lee/RBE4540FinalProjectGroup1/project_ws/install/vbm_project_env/bin'
[0.436s] INFO:colcon.colcon_core.shell:Creating package script '/home/josh_ym_lee/RBE4540FinalProjectGroup1/project_ws/install/vbm_project_env/share/vbm_project_env/package.ps1'
[0.437s] INFO:colcon.colcon_core.shell:Creating package descriptor '/home/josh_ym_lee/RBE4540FinalProjectGroup1/project_ws/install/vbm_project_env/share/vbm_project_env/package.dsv'
[0.437s] INFO:colcon.colcon_core.shell:Creating package script '/home/josh_ym_lee/RBE4540FinalProjectGroup1/project_ws/install/vbm_project_env/share/vbm_project_env/package.sh'
[0.438s] INFO:colcon.colcon_core.shell:Creating package script '/home/josh_ym_lee/RBE4540FinalProjectGroup1/project_ws/install/vbm_project_env/share/vbm_project_env/package.bash'
[0.438s] INFO:colcon.colcon_core.shell:Creating package script '/home/josh_ym_lee/RBE4540FinalProjectGroup1/project_ws/install/vbm_project_env/share/vbm_project_env/package.zsh'
[0.439s] Level 1:colcon.colcon_core.environment:create_file_with_runtime_dependencies(/home/josh_ym_lee/RBE4540FinalProjectGroup1/project_ws/install/vbm_project_env/share/colcon-core/packages/vbm_project_env)
[0.451s] DEBUG:colcon.colcon_parallel_executor.executor.parallel:closing loop
[0.451s] DEBUG:colcon.colcon_parallel_executor.executor.parallel:loop closed
[0.451s] DEBUG:colcon.colcon_parallel_executor.executor.parallel:run_until_complete finished with '2'
[0.451s] DEBUG:colcon.colcon_core.event_reactor:joining thread
[0.460s] INFO:colcon.colcon_core.plugin_system:Skipping extension 'colcon_notification.desktop_notification.terminal_notifier': Not used on non-Darwin systems
[0.460s] INFO:colcon.colcon_core.plugin_system:Skipping extension 'colcon_notification.desktop_notification.win32': Not used on non-Windows systems
[0.460s] INFO:colcon.colcon_notification.desktop_notification:Sending desktop notification using 'notify2'
[0.480s] DEBUG:colcon.colcon_core.event_reactor:joined thread
[0.481s] INFO:colcon.colcon_core.shell:Creating prefix script '/home/josh_ym_lee/RBE4540FinalProjectGroup1/project_ws/install/local_setup.ps1'
[0.481s] INFO:colcon.colcon_core.shell:Creating prefix util module '/home/josh_ym_lee/RBE4540FinalProjectGroup1/project_ws/install/_local_setup_util_ps1.py'
[0.483s] INFO:colcon.colcon_core.shell:Creating prefix chain script '/home/josh_ym_lee/RBE4540FinalProjectGroup1/project_ws/install/setup.ps1'
[0.484s] INFO:colcon.colcon_core.shell:Creating prefix script '/home/josh_ym_lee/RBE4540FinalProjectGroup1/project_ws/install/local_setup.sh'
[0.485s] INFO:colcon.colcon_core.shell:Creating prefix util module '/home/josh_ym_lee/RBE4540FinalProjectGroup1/project_ws/install/_local_setup_util_sh.py'
[0.486s] INFO:colcon.colcon_core.shell:Creating prefix chain script '/home/josh_ym_lee/RBE4540FinalProjectGroup1/project_ws/install/setup.sh'
[0.488s] INFO:colcon.colcon_core.shell:Creating prefix script '/home/josh_ym_lee/RBE4540FinalProjectGroup1/project_ws/install/local_setup.bash'
[0.489s] INFO:colcon.colcon_core.shell:Creating prefix chain script '/home/josh_ym_lee/RBE4540FinalProjectGroup1/project_ws/install/setup.bash'
[0.490s] INFO:colcon.colcon_core.shell:Creating prefix script '/home/josh_ym_lee/RBE4540FinalProjectGroup1/project_ws/install/local_setup.zsh'
[0.492s] INFO:colcon.colcon_core.shell:Creating prefix chain script '/home/josh_ym_lee/RBE4540FinalProjectGroup1/project_ws/install/setup.zsh'
