[0.010s] Invoking command in '/home/cloliveira/Final_Project/RBE4540FinalProjectGroup1/project_ws/build/vbm_project_env': CMAKE_PREFIX_PATH=/home/cloliveira/HW4/gazebotest_ws/install/rrbot_gazebo:/home/cloliveira/HW4/gazebotest_ws/install/rrbot_description:/home/cloliveira/HW4/gazebotest_ws/install/opencv_test_py:/home/cloliveira/rbe450x-ros/install/my_package:/opt/ros/humble /usr/bin/cmake --build /home/cloliveira/Final_Project/RBE4540FinalProjectGroup1/project_ws/build/vbm_project_env -- -j20 -l20
[0.050s] Invoked command in '/home/cloliveira/Final_Project/RBE4540FinalProjectGroup1/project_ws/build/vbm_project_env' returned '0': CMAKE_PREFIX_PATH=/home/cloliveira/HW4/gazebotest_ws/install/rrbot_gazebo:/home/cloliveira/HW4/gazebotest_ws/install/rrbot_description:/home/cloliveira/HW4/gazebotest_ws/install/opencv_test_py:/home/cloliveira/rbe450x-ros/install/my_package:/opt/ros/humble /usr/bin/cmake --build /home/cloliveira/Final_Project/RBE4540FinalProjectGroup1/project_ws/build/vbm_project_env -- -j20 -l20
[0.058s] Invoking command in '/home/cloliveira/Final_Project/RBE4540FinalProjectGroup1/project_ws/build/vbm_project_env': CMAKE_PREFIX_PATH=/home/cloliveira/HW4/gazebotest_ws/install/rrbot_gazebo:/home/cloliveira/HW4/gazebotest_ws/install/rrbot_description:/home/cloliveira/HW4/gazebotest_ws/install/opencv_test_py:/home/cloliveira/rbe450x-ros/install/my_package:/opt/ros/humble /usr/bin/cmake --install /home/cloliveira/Final_Project/RBE4540FinalProjectGroup1/project_ws/build/vbm_project_env
[0.064s] -- Install configuration: ""
[0.064s] -- Up-to-date: /home/cloliveira/Final_Project/RBE4540FinalProjectGroup1/project_ws/install/vbm_project_env/share/vbm_project_env/launch
[0.064s] -- Up-to-date: /home/cloliveira/Final_Project/RBE4540FinalProjectGroup1/project_ws/install/vbm_project_env/share/vbm_project_env/launch/simulation.launch.py
[0.064s] -- Up-to-date: /home/cloliveira/Final_Project/RBE4540FinalProjectGroup1/project_ws/install/vbm_project_env/share/vbm_project_env/worlds
[0.064s] -- Up-to-date: /home/cloliveira/Final_Project/RBE4540FinalProjectGroup1/project_ws/install/vbm_project_env/share/vbm_project_env/worlds/simulation.world
[0.064s] -- Up-to-date: /home/cloliveira/Final_Project/RBE4540FinalProjectGroup1/project_ws/install/vbm_project_env/share/vbm_project_env/urdf
[0.064s] -- Up-to-date: /home/cloliveira/Final_Project/RBE4540FinalProjectGroup1/project_ws/install/vbm_project_env/share/vbm_project_env/urdf/camera.urdf
[0.064s] -- Up-to-date: /home/cloliveira/Final_Project/RBE4540FinalProjectGroup1/project_ws/install/vbm_project_env/share/ament_index/resource_index/package_run_dependencies/vbm_project_env
[0.065s] -- Up-to-date: /home/cloliveira/Final_Project/RBE4540FinalProjectGroup1/project_ws/install/vbm_project_env/share/ament_index/resource_index/parent_prefix_path/vbm_project_env
[0.065s] -- Up-to-date: /home/cloliveira/Final_Project/RBE4540FinalProjectGroup1/project_ws/install/vbm_project_env/share/vbm_project_env/environment/ament_prefix_path.sh
[0.065s] -- Up-to-date: /home/cloliveira/Final_Project/RBE4540FinalProjectGroup1/project_ws/install/vbm_project_env/share/vbm_project_env/environment/ament_prefix_path.dsv
[0.065s] -- Up-to-date: /home/cloliveira/Final_Project/RBE4540FinalProjectGroup1/project_ws/install/vbm_project_env/share/vbm_project_env/environment/path.sh
[0.065s] -- Up-to-date: /home/cloliveira/Final_Project/RBE4540FinalProjectGroup1/project_ws/install/vbm_project_env/share/vbm_project_env/environment/path.dsv
[0.065s] -- Up-to-date: /home/cloliveira/Final_Project/RBE4540FinalProjectGroup1/project_ws/install/vbm_project_env/share/vbm_project_env/local_setup.bash
[0.065s] -- Up-to-date: /home/cloliveira/Final_Project/RBE4540FinalProjectGroup1/project_ws/install/vbm_project_env/share/vbm_project_env/local_setup.sh
[0.065s] -- Up-to-date: /home/cloliveira/Final_Project/RBE4540FinalProjectGroup1/project_ws/install/vbm_project_env/share/vbm_project_env/local_setup.zsh
[0.065s] -- Up-to-date: /home/cloliveira/Final_Project/RBE4540FinalProjectGroup1/project_ws/install/vbm_project_env/share/vbm_project_env/local_setup.dsv
[0.065s] -- Up-to-date: /home/cloliveira/Final_Project/RBE4540FinalProjectGroup1/project_ws/install/vbm_project_env/share/vbm_project_env/package.dsv
[0.065s] -- Up-to-date: /home/cloliveira/Final_Project/RBE4540FinalProjectGroup1/project_ws/install/vbm_project_env/share/ament_index/resource_index/packages/vbm_project_env
[0.065s] -- Up-to-date: /home/cloliveira/Final_Project/RBE4540FinalProjectGroup1/project_ws/install/vbm_project_env/share/vbm_project_env/cmake/vbm_project_envConfig.cmake
[0.065s] -- Up-to-date: /home/cloliveira/Final_Project/RBE4540FinalProjectGroup1/project_ws/install/vbm_project_env/share/vbm_project_env/cmake/vbm_project_envConfig-version.cmake
[0.065s] -- Up-to-date: /home/cloliveira/Final_Project/RBE4540FinalProjectGroup1/project_ws/install/vbm_project_env/share/vbm_project_env/package.xml
[0.066s] Invoked command in '/home/cloliveira/Final_Project/RBE4540FinalProjectGroup1/project_ws/build/vbm_project_env' returned '0': CMAKE_PREFIX_PATH=/home/cloliveira/HW4/gazebotest_ws/install/rrbot_gazebo:/home/cloliveira/HW4/gazebotest_ws/install/rrbot_description:/home/cloliveira/HW4/gazebotest_ws/install/opencv_test_py:/home/cloliveira/rbe450x-ros/install/my_package:/opt/ros/humble /usr/bin/cmake --install /home/cloliveira/Final_Project/RBE4540FinalProjectGroup1/project_ws/build/vbm_project_env
