[0.078s] DEBUG:colcon:Command line arguments: ['/usr/bin/colcon', 'build']
[0.078s] DEBUG:colcon:Parsed command line arguments: Namespace(log_base=None, log_level=None, verb_name='build', build_base='build', install_base='install', merge_install=False, symlink_install=False, test_result_base=None, continue_on_error=False, executor='parallel', parallel_workers=20, event_handlers=None, ignore_user_meta=False, metas=['./colcon.meta'], base_paths=['.'], packages_ignore=None, packages_ignore_regex=None, paths=None, packages_up_to=None, packages_up_to_regex=None, packages_above=None, packages_above_and_dependencies=None, packages_above_depth=None, packages_select_by_dep=None, packages_skip_by_dep=None, packages_skip_up_to=None, packages_select_build_failed=False, packages_skip_build_finished=False, packages_select_test_failures=False, packages_skip_test_passed=False, packages_select=None, packages_skip=None, packages_select_regex=None, packages_skip_regex=None, packages_start=None, packages_end=None, allow_overriding=[], cmake_args=None, cmake_target=None, cmake_target_skip_unavailable=False, cmake_clean_cache=False, cmake_clean_first=False, cmake_force_configure=False, ament_cmake_args=None, catkin_cmake_args=None, catkin_skip_building_tests=False, mixin_files=None, mixin=None, verb_parser=<colcon_mixin.mixin.mixin_argument.MixinArgumentDecorator object at 0x7ad865752530>, verb_extension=<colcon_core.verb.build.BuildVerb object at 0x7ad8658d7d30>, main=<bound method BuildVerb.main of <colcon_core.verb.build.BuildVerb object at 0x7ad8658d7d30>>, mixin_verb=('build',))
[0.178s] Level 1:colcon.colcon_core.package_discovery:discover_packages(colcon_meta) check parameters
[0.178s] Level 1:colcon.colcon_core.package_discovery:discover_packages(recursive) check parameters
[0.178s] Level 1:colcon.colcon_core.package_discovery:discover_packages(ignore) check parameters
[0.178s] Level 1:colcon.colcon_core.package_discovery:discover_packages(path) check parameters
[0.178s] Level 1:colcon.colcon_core.package_discovery:discover_packages(colcon_meta) discover
[0.178s] Level 1:colcon.colcon_core.package_discovery:discover_packages(recursive) discover
[0.178s] INFO:colcon.colcon_core.package_discovery:Crawling recursively for packages in '/home/cloliveira/Final_Project/RBE4540FinalProjectGroup1/project_ws'
[0.178s] Level 1:colcon.colcon_core.package_identification:_identify(.) by extensions ['ignore', 'ignore_ament_install']
[0.178s] Level 1:colcon.colcon_core.package_identification:_identify(.) by extension 'ignore'
[0.178s] Level 1:colcon.colcon_core.package_identification:_identify(.) by extension 'ignore_ament_install'
[0.178s] Level 1:colcon.colcon_core.package_identification:_identify(.) by extensions ['colcon_pkg']
[0.178s] Level 1:colcon.colcon_core.package_identification:_identify(.) by extension 'colcon_pkg'
[0.178s] Level 1:colcon.colcon_core.package_identification:_identify(.) by extensions ['colcon_meta']
[0.178s] Level 1:colcon.colcon_core.package_identification:_identify(.) by extension 'colcon_meta'
[0.178s] Level 1:colcon.colcon_core.package_identification:_identify(.) by extensions ['ros']
[0.178s] Level 1:colcon.colcon_core.package_identification:_identify(.) by extension 'ros'
[0.186s] Level 1:colcon.colcon_core.package_identification:_identify(.) by extensions ['cmake', 'python']
[0.186s] Level 1:colcon.colcon_core.package_identification:_identify(.) by extension 'cmake'
[0.186s] Level 1:colcon.colcon_core.package_identification:_identify(.) by extension 'python'
[0.186s] Level 1:colcon.colcon_core.package_identification:_identify(.) by extensions ['python_setup_py']
[0.186s] Level 1:colcon.colcon_core.package_identification:_identify(.) by extension 'python_setup_py'
[0.186s] Level 1:colcon.colcon_core.package_identification:_identify(build) by extensions ['ignore', 'ignore_ament_install']
[0.186s] Level 1:colcon.colcon_core.package_identification:_identify(build) by extension 'ignore'
[0.186s] Level 1:colcon.colcon_core.package_identification:_identify(build) ignored
[0.186s] Level 1:colcon.colcon_core.package_identification:_identify(install) by extensions ['ignore', 'ignore_ament_install']
[0.186s] Level 1:colcon.colcon_core.package_identification:_identify(install) by extension 'ignore'
[0.186s] Level 1:colcon.colcon_core.package_identification:_identify(install) ignored
[0.186s] Level 1:colcon.colcon_core.package_identification:_identify(log) by extensions ['ignore', 'ignore_ament_install']
[0.187s] Level 1:colcon.colcon_core.package_identification:_identify(log) by extension 'ignore'
[0.187s] Level 1:colcon.colcon_core.package_identification:_identify(log) ignored
[0.187s] Level 1:colcon.colcon_core.package_identification:_identify(src) by extensions ['ignore', 'ignore_ament_install']
[0.187s] Level 1:colcon.colcon_core.package_identification:_identify(src) by extension 'ignore'
[0.187s] Level 1:colcon.colcon_core.package_identification:_identify(src) by extension 'ignore_ament_install'
[0.187s] Level 1:colcon.colcon_core.package_identification:_identify(src) by extensions ['colcon_pkg']
[0.187s] Level 1:colcon.colcon_core.package_identification:_identify(src) by extension 'colcon_pkg'
[0.187s] Level 1:colcon.colcon_core.package_identification:_identify(src) by extensions ['colcon_meta']
[0.187s] Level 1:colcon.colcon_core.package_identification:_identify(src) by extension 'colcon_meta'
[0.187s] Level 1:colcon.colcon_core.package_identification:_identify(src) by extensions ['ros']
[0.187s] Level 1:colcon.colcon_core.package_identification:_identify(src) by extension 'ros'
[0.187s] Level 1:colcon.colcon_core.package_identification:_identify(src) by extensions ['cmake', 'python']
[0.187s] Level 1:colcon.colcon_core.package_identification:_identify(src) by extension 'cmake'
[0.187s] Level 1:colcon.colcon_core.package_identification:_identify(src) by extension 'python'
[0.187s] Level 1:colcon.colcon_core.package_identification:_identify(src) by extensions ['python_setup_py']
[0.187s] Level 1:colcon.colcon_core.package_identification:_identify(src) by extension 'python_setup_py'
[0.187s] Level 1:colcon.colcon_core.package_identification:_identify(src/pcl) by extensions ['ignore', 'ignore_ament_install']
[0.187s] Level 1:colcon.colcon_core.package_identification:_identify(src/pcl) by extension 'ignore'
[0.187s] Level 1:colcon.colcon_core.package_identification:_identify(src/pcl) by extension 'ignore_ament_install'
[0.187s] Level 1:colcon.colcon_core.package_identification:_identify(src/pcl) by extensions ['colcon_pkg']
[0.187s] Level 1:colcon.colcon_core.package_identification:_identify(src/pcl) by extension 'colcon_pkg'
[0.187s] Level 1:colcon.colcon_core.package_identification:_identify(src/pcl) by extensions ['colcon_meta']
[0.187s] Level 1:colcon.colcon_core.package_identification:_identify(src/pcl) by extension 'colcon_meta'
[0.187s] Level 1:colcon.colcon_core.package_identification:_identify(src/pcl) by extensions ['ros']
[0.187s] Level 1:colcon.colcon_core.package_identification:_identify(src/pcl) by extension 'ros'
[0.189s] DEBUG:colcon.colcon_core.package_identification:Package 'src/pcl' with type 'ros.ament_cmake' and name 'pcl'
[0.189s] Level 1:colcon.colcon_core.package_identification:_identify(src/vbm_project_env) by extensions ['ignore', 'ignore_ament_install']
[0.189s] Level 1:colcon.colcon_core.package_identification:_identify(src/vbm_project_env) by extension 'ignore'
[0.189s] Level 1:colcon.colcon_core.package_identification:_identify(src/vbm_project_env) by extension 'ignore_ament_install'
[0.189s] Level 1:colcon.colcon_core.package_identification:_identify(src/vbm_project_env) by extensions ['colcon_pkg']
[0.189s] Level 1:colcon.colcon_core.package_identification:_identify(src/vbm_project_env) by extension 'colcon_pkg'
[0.189s] Level 1:colcon.colcon_core.package_identification:_identify(src/vbm_project_env) by extensions ['colcon_meta']
[0.189s] Level 1:colcon.colcon_core.package_identification:_identify(src/vbm_project_env) by extension 'colcon_meta'
[0.189s] Level 1:colcon.colcon_core.package_identification:_identify(src/vbm_project_env) by extensions ['ros']
[0.189s] Level 1:colcon.colcon_core.package_identification:_identify(src/vbm_project_env) by extension 'ros'
[0.190s] DEBUG:colcon.colcon_core.package_identification:Package 'src/vbm_project_env' with type 'ros.ament_cmake' and name 'vbm_project_env'
[0.190s] Level 1:colcon.colcon_core.package_discovery:discover_packages(recursive) using defaults
[0.190s] Level 1:colcon.colcon_core.package_discovery:discover_packages(ignore) discover
[0.190s] Level 1:colcon.colcon_core.package_discovery:discover_packages(ignore) using defaults
[0.190s] Level 1:colcon.colcon_core.package_discovery:discover_packages(path) discover
[0.190s] Level 1:colcon.colcon_core.package_discovery:discover_packages(path) using defaults
[0.213s] Level 1:colcon.colcon_core.package_discovery:discover_packages(prefix_path) check parameters
[0.213s] Level 1:colcon.colcon_core.package_discovery:discover_packages(prefix_path) discover
[0.214s] DEBUG:colcon.colcon_installed_package_information.package_discovery:Found 1 installed packages in /home/cloliveira/Final_Project/RBE4540FinalProjectGroup1/project_ws/install
[0.215s] DEBUG:colcon.colcon_installed_package_information.package_discovery:Found 1 installed packages in /home/cloliveira/rbe450x-ros/install
[0.215s] DEBUG:colcon.colcon_installed_package_information.package_discovery:Found 3 installed packages in /home/cloliveira/HW4/gazebotest_ws/install
[0.216s] DEBUG:colcon.colcon_installed_package_information.package_discovery:Found 343 installed packages in /opt/ros/humble
[0.217s] Level 1:colcon.colcon_core.package_discovery:discover_packages(prefix_path) using defaults
[0.251s] Level 5:colcon.colcon_core.verb:set package 'pcl' build argument 'cmake_args' from command line to 'None'
[0.251s] Level 5:colcon.colcon_core.verb:set package 'pcl' build argument 'cmake_target' from command line to 'None'
[0.251s] Level 5:colcon.colcon_core.verb:set package 'pcl' build argument 'cmake_target_skip_unavailable' from command line to 'False'
[0.251s] Level 5:colcon.colcon_core.verb:set package 'pcl' build argument 'cmake_clean_cache' from command line to 'False'
[0.251s] Level 5:colcon.colcon_core.verb:set package 'pcl' build argument 'cmake_clean_first' from command line to 'False'
[0.251s] Level 5:colcon.colcon_core.verb:set package 'pcl' build argument 'cmake_force_configure' from command line to 'False'
[0.251s] Level 5:colcon.colcon_core.verb:set package 'pcl' build argument 'ament_cmake_args' from command line to 'None'
[0.251s] Level 5:colcon.colcon_core.verb:set package 'pcl' build argument 'catkin_cmake_args' from command line to 'None'
[0.251s] Level 5:colcon.colcon_core.verb:set package 'pcl' build argument 'catkin_skip_building_tests' from command line to 'False'
[0.251s] DEBUG:colcon.colcon_core.verb:Building package 'pcl' with the following arguments: {'ament_cmake_args': None, 'build_base': '/home/cloliveira/Final_Project/RBE4540FinalProjectGroup1/project_ws/build/pcl', 'catkin_cmake_args': None, 'catkin_skip_building_tests': False, 'cmake_args': None, 'cmake_clean_cache': False, 'cmake_clean_first': False, 'cmake_force_configure': False, 'cmake_target': None, 'cmake_target_skip_unavailable': False, 'install_base': '/home/cloliveira/Final_Project/RBE4540FinalProjectGroup1/project_ws/install/pcl', 'merge_install': False, 'path': '/home/cloliveira/Final_Project/RBE4540FinalProjectGroup1/project_ws/src/pcl', 'symlink_install': False, 'test_result_base': None}
[0.251s] Level 5:colcon.colcon_core.verb:set package 'vbm_project_env' build argument 'cmake_args' from command line to 'None'
[0.251s] Level 5:colcon.colcon_core.verb:set package 'vbm_project_env' build argument 'cmake_target' from command line to 'None'
[0.251s] Level 5:colcon.colcon_core.verb:set package 'vbm_project_env' build argument 'cmake_target_skip_unavailable' from command line to 'False'
[0.251s] Level 5:colcon.colcon_core.verb:set package 'vbm_project_env' build argument 'cmake_clean_cache' from command line to 'False'
[0.251s] Level 5:colcon.colcon_core.verb:set package 'vbm_project_env' build argument 'cmake_clean_first' from command line to 'False'
[0.251s] Level 5:colcon.colcon_core.verb:set package 'vbm_project_env' build argument 'cmake_force_configure' from command line to 'False'
[0.251s] Level 5:colcon.colcon_core.verb:set package 'vbm_project_env' build argument 'ament_cmake_args' from command line to 'None'
[0.251s] Level 5:colcon.colcon_core.verb:set package 'vbm_project_env' build argument 'catkin_cmake_args' from command line to 'None'
[0.251s] Level 5:colcon.colcon_core.verb:set package 'vbm_project_env' build argument 'catkin_skip_building_tests' from command line to 'False'
[0.251s] DEBUG:colcon.colcon_core.verb:Building package 'vbm_project_env' with the following arguments: {'ament_cmake_args': None, 'build_base': '/home/cloliveira/Final_Project/RBE4540FinalProjectGroup1/project_ws/build/vbm_project_env', 'catkin_cmake_args': None, 'catkin_skip_building_tests': False, 'cmake_args': None, 'cmake_clean_cache': False, 'cmake_clean_first': False, 'cmake_force_configure': False, 'cmake_target': None, 'cmake_target_skip_unavailable': False, 'install_base': '/home/cloliveira/Final_Project/RBE4540FinalProjectGroup1/project_ws/install/vbm_project_env', 'merge_install': False, 'path': '/home/cloliveira/Final_Project/RBE4540FinalProjectGroup1/project_ws/src/vbm_project_env', 'symlink_install': False, 'test_result_base': None}
[0.251s] INFO:colcon.colcon_core.executor:Executing jobs using 'parallel' executor
[0.252s] DEBUG:colcon.colcon_parallel_executor.executor.parallel:run_until_complete
[0.253s] INFO:colcon.colcon_ros.task.ament_cmake.build:Building ROS package in '/home/cloliveira/Final_Project/RBE4540FinalProjectGroup1/project_ws/src/pcl' with build type 'ament_cmake'
[0.253s] INFO:colcon.colcon_cmake.task.cmake.build:Building CMake package in '/home/cloliveira/Final_Project/RBE4540FinalProjectGroup1/project_ws/src/pcl'
[0.254s] INFO:colcon.colcon_core.plugin_system:Skipping extension 'colcon_core.shell.bat': Not used on non-Windows systems
[0.254s] INFO:colcon.colcon_core.shell:Skip shell extension 'powershell' for command environment: Not usable outside of PowerShell
[0.254s] DEBUG:colcon.colcon_core.shell:Skip shell extension 'dsv' for command environment
[0.257s] INFO:colcon.colcon_ros.task.ament_cmake.build:Building ROS package in '/home/cloliveira/Final_Project/RBE4540FinalProjectGroup1/project_ws/src/vbm_project_env' with build type 'ament_cmake'
[0.257s] INFO:colcon.colcon_cmake.task.cmake.build:Building CMake package in '/home/cloliveira/Final_Project/RBE4540FinalProjectGroup1/project_ws/src/vbm_project_env'
[0.257s] INFO:colcon.colcon_core.shell:Skip shell extension 'powershell' for command environment: Not usable outside of PowerShell
[0.257s] DEBUG:colcon.colcon_core.shell:Skip shell extension 'dsv' for command environment
[0.263s] DEBUG:colcon.colcon_core.event_handler.log_command:Invoking command in '/home/cloliveira/Final_Project/RBE4540FinalProjectGroup1/project_ws/build/pcl': CMAKE_PREFIX_PATH=${CMAKE_PREFIX_PATH}:/home/cloliveira/HW4/gazebotest_ws/install/rrbot_gazebo:/home/cloliveira/HW4/gazebotest_ws/install/rrbot_description:/home/cloliveira/HW4/gazebotest_ws/install/opencv_test_py:/home/cloliveira/rbe450x-ros/install/my_package:/opt/ros/humble /usr/bin/cmake /home/cloliveira/Final_Project/RBE4540FinalProjectGroup1/project_ws/src/pcl -DCMAKE_INSTALL_PREFIX=/home/cloliveira/Final_Project/RBE4540FinalProjectGroup1/project_ws/install/pcl
[0.267s] DEBUG:colcon.colcon_core.event_handler.log_command:Invoking command in '/home/cloliveira/Final_Project/RBE4540FinalProjectGroup1/project_ws/build/vbm_project_env': CMAKE_PREFIX_PATH=${CMAKE_PREFIX_PATH}:/home/cloliveira/HW4/gazebotest_ws/install/rrbot_gazebo:/home/cloliveira/HW4/gazebotest_ws/install/rrbot_description:/home/cloliveira/HW4/gazebotest_ws/install/opencv_test_py:/home/cloliveira/rbe450x-ros/install/my_package:/opt/ros/humble /usr/bin/cmake --build /home/cloliveira/Final_Project/RBE4540FinalProjectGroup1/project_ws/build/vbm_project_env -- -j20 -l20
[0.302s] DEBUG:colcon.colcon_core.event_handler.log_command:Invoked command in '/home/cloliveira/Final_Project/RBE4540FinalProjectGroup1/project_ws/build/vbm_project_env' returned '0': CMAKE_PREFIX_PATH=${CMAKE_PREFIX_PATH}:/home/cloliveira/HW4/gazebotest_ws/install/rrbot_gazebo:/home/cloliveira/HW4/gazebotest_ws/install/rrbot_description:/home/cloliveira/HW4/gazebotest_ws/install/opencv_test_py:/home/cloliveira/rbe450x-ros/install/my_package:/opt/ros/humble /usr/bin/cmake --build /home/cloliveira/Final_Project/RBE4540FinalProjectGroup1/project_ws/build/vbm_project_env -- -j20 -l20
[0.311s] DEBUG:colcon.colcon_core.event_handler.log_command:Invoking command in '/home/cloliveira/Final_Project/RBE4540FinalProjectGroup1/project_ws/build/vbm_project_env': CMAKE_PREFIX_PATH=${CMAKE_PREFIX_PATH}:/home/cloliveira/HW4/gazebotest_ws/install/rrbot_gazebo:/home/cloliveira/HW4/gazebotest_ws/install/rrbot_description:/home/cloliveira/HW4/gazebotest_ws/install/opencv_test_py:/home/cloliveira/rbe450x-ros/install/my_package:/opt/ros/humble /usr/bin/cmake --install /home/cloliveira/Final_Project/RBE4540FinalProjectGroup1/project_ws/build/vbm_project_env
[0.319s] Level 1:colcon.colcon_core.environment:create_environment_scripts_only(vbm_project_env)
[0.319s] DEBUG:colcon.colcon_core.event_handler.log_command:Invoked command in '/home/cloliveira/Final_Project/RBE4540FinalProjectGroup1/project_ws/build/vbm_project_env' returned '0': CMAKE_PREFIX_PATH=${CMAKE_PREFIX_PATH}:/home/cloliveira/HW4/gazebotest_ws/install/rrbot_gazebo:/home/cloliveira/HW4/gazebotest_ws/install/rrbot_description:/home/cloliveira/HW4/gazebotest_ws/install/opencv_test_py:/home/cloliveira/rbe450x-ros/install/my_package:/opt/ros/humble /usr/bin/cmake --install /home/cloliveira/Final_Project/RBE4540FinalProjectGroup1/project_ws/build/vbm_project_env
[0.320s] Level 1:colcon.colcon_core.environment:checking '/home/cloliveira/Final_Project/RBE4540FinalProjectGroup1/project_ws/install/vbm_project_env' for CMake module files
[0.321s] Level 1:colcon.colcon_core.environment:checking '/home/cloliveira/Final_Project/RBE4540FinalProjectGroup1/project_ws/install/vbm_project_env' for CMake config files
[0.321s] Level 1:colcon.colcon_core.shell:create_environment_hook('vbm_project_env', 'cmake_prefix_path')
[0.321s] INFO:colcon.colcon_core.shell:Creating environment hook '/home/cloliveira/Final_Project/RBE4540FinalProjectGroup1/project_ws/install/vbm_project_env/share/vbm_project_env/hook/cmake_prefix_path.ps1'
[0.321s] INFO:colcon.colcon_core.shell:Creating environment descriptor '/home/cloliveira/Final_Project/RBE4540FinalProjectGroup1/project_ws/install/vbm_project_env/share/vbm_project_env/hook/cmake_prefix_path.dsv'
[0.322s] INFO:colcon.colcon_core.shell:Creating environment hook '/home/cloliveira/Final_Project/RBE4540FinalProjectGroup1/project_ws/install/vbm_project_env/share/vbm_project_env/hook/cmake_prefix_path.sh'
[0.322s] Level 1:colcon.colcon_core.environment:checking '/home/cloliveira/Final_Project/RBE4540FinalProjectGroup1/project_ws/install/vbm_project_env/bin'
[0.322s] Level 1:colcon.colcon_core.environment:checking '/home/cloliveira/Final_Project/RBE4540FinalProjectGroup1/project_ws/install/vbm_project_env/lib/pkgconfig/vbm_project_env.pc'
[0.322s] Level 1:colcon.colcon_core.environment:checking '/home/cloliveira/Final_Project/RBE4540FinalProjectGroup1/project_ws/install/vbm_project_env/lib/python3.10/site-packages'
[0.323s] Level 1:colcon.colcon_core.environment:checking '/home/cloliveira/Final_Project/RBE4540FinalProjectGroup1/project_ws/install/vbm_project_env/bin'
[0.323s] INFO:colcon.colcon_core.shell:Creating package script '/home/cloliveira/Final_Project/RBE4540FinalProjectGroup1/project_ws/install/vbm_project_env/share/vbm_project_env/package.ps1'
[0.323s] INFO:colcon.colcon_core.shell:Creating package descriptor '/home/cloliveira/Final_Project/RBE4540FinalProjectGroup1/project_ws/install/vbm_project_env/share/vbm_project_env/package.dsv'
[0.324s] INFO:colcon.colcon_core.shell:Creating package script '/home/cloliveira/Final_Project/RBE4540FinalProjectGroup1/project_ws/install/vbm_project_env/share/vbm_project_env/package.sh'
[0.324s] INFO:colcon.colcon_core.shell:Creating package script '/home/cloliveira/Final_Project/RBE4540FinalProjectGroup1/project_ws/install/vbm_project_env/share/vbm_project_env/package.bash'
[0.324s] INFO:colcon.colcon_core.shell:Creating package script '/home/cloliveira/Final_Project/RBE4540FinalProjectGroup1/project_ws/install/vbm_project_env/share/vbm_project_env/package.zsh'
[0.325s] Level 1:colcon.colcon_core.environment:create_file_with_runtime_dependencies(/home/cloliveira/Final_Project/RBE4540FinalProjectGroup1/project_ws/install/vbm_project_env/share/colcon-core/packages/vbm_project_env)
[0.325s] Level 1:colcon.colcon_core.environment:create_environment_scripts_only(vbm_project_env)
[0.325s] Level 1:colcon.colcon_core.environment:checking '/home/cloliveira/Final_Project/RBE4540FinalProjectGroup1/project_ws/install/vbm_project_env' for CMake module files
[0.325s] Level 1:colcon.colcon_core.environment:checking '/home/cloliveira/Final_Project/RBE4540FinalProjectGroup1/project_ws/install/vbm_project_env' for CMake config files
[0.326s] Level 1:colcon.colcon_core.shell:create_environment_hook('vbm_project_env', 'cmake_prefix_path')
[0.326s] INFO:colcon.colcon_core.shell:Creating environment hook '/home/cloliveira/Final_Project/RBE4540FinalProjectGroup1/project_ws/install/vbm_project_env/share/vbm_project_env/hook/cmake_prefix_path.ps1'
[0.326s] INFO:colcon.colcon_core.shell:Creating environment descriptor '/home/cloliveira/Final_Project/RBE4540FinalProjectGroup1/project_ws/install/vbm_project_env/share/vbm_project_env/hook/cmake_prefix_path.dsv'
[0.326s] INFO:colcon.colcon_core.shell:Creating environment hook '/home/cloliveira/Final_Project/RBE4540FinalProjectGroup1/project_ws/install/vbm_project_env/share/vbm_project_env/hook/cmake_prefix_path.sh'
[0.327s] Level 1:colcon.colcon_core.environment:checking '/home/cloliveira/Final_Project/RBE4540FinalProjectGroup1/project_ws/install/vbm_project_env/bin'
[0.327s] Level 1:colcon.colcon_core.environment:checking '/home/cloliveira/Final_Project/RBE4540FinalProjectGroup1/project_ws/install/vbm_project_env/lib/pkgconfig/vbm_project_env.pc'
[0.327s] Level 1:colcon.colcon_core.environment:checking '/home/cloliveira/Final_Project/RBE4540FinalProjectGroup1/project_ws/install/vbm_project_env/lib/python3.10/site-packages'
[0.327s] Level 1:colcon.colcon_core.environment:checking '/home/cloliveira/Final_Project/RBE4540FinalProjectGroup1/project_ws/install/vbm_project_env/bin'
[0.327s] INFO:colcon.colcon_core.shell:Creating package script '/home/cloliveira/Final_Project/RBE4540FinalProjectGroup1/project_ws/install/vbm_project_env/share/vbm_project_env/package.ps1'
[0.327s] INFO:colcon.colcon_core.shell:Creating package descriptor '/home/cloliveira/Final_Project/RBE4540FinalProjectGroup1/project_ws/install/vbm_project_env/share/vbm_project_env/package.dsv'
[0.328s] INFO:colcon.colcon_core.shell:Creating package script '/home/cloliveira/Final_Project/RBE4540FinalProjectGroup1/project_ws/install/vbm_project_env/share/vbm_project_env/package.sh'
[0.328s] INFO:colcon.colcon_core.shell:Creating package script '/home/cloliveira/Final_Project/RBE4540FinalProjectGroup1/project_ws/install/vbm_project_env/share/vbm_project_env/package.bash'
[0.328s] INFO:colcon.colcon_core.shell:Creating package script '/home/cloliveira/Final_Project/RBE4540FinalProjectGroup1/project_ws/install/vbm_project_env/share/vbm_project_env/package.zsh'
[0.328s] Level 1:colcon.colcon_core.environment:create_file_with_runtime_dependencies(/home/cloliveira/Final_Project/RBE4540FinalProjectGroup1/project_ws/install/vbm_project_env/share/colcon-core/packages/vbm_project_env)
[3.213s] DEBUG:colcon.colcon_core.event_handler.log_command:Invoked command in '/home/cloliveira/Final_Project/RBE4540FinalProjectGroup1/project_ws/build/pcl' returned '0': CMAKE_PREFIX_PATH=${CMAKE_PREFIX_PATH}:/home/cloliveira/HW4/gazebotest_ws/install/rrbot_gazebo:/home/cloliveira/HW4/gazebotest_ws/install/rrbot_description:/home/cloliveira/HW4/gazebotest_ws/install/opencv_test_py:/home/cloliveira/rbe450x-ros/install/my_package:/opt/ros/humble /usr/bin/cmake /home/cloliveira/Final_Project/RBE4540FinalProjectGroup1/project_ws/src/pcl -DCMAKE_INSTALL_PREFIX=/home/cloliveira/Final_Project/RBE4540FinalProjectGroup1/project_ws/install/pcl
[3.215s] DEBUG:colcon.colcon_core.event_handler.log_command:Invoking command in '/home/cloliveira/Final_Project/RBE4540FinalProjectGroup1/project_ws/build/pcl': CMAKE_PREFIX_PATH=${CMAKE_PREFIX_PATH}:/home/cloliveira/HW4/gazebotest_ws/install/rrbot_gazebo:/home/cloliveira/HW4/gazebotest_ws/install/rrbot_description:/home/cloliveira/HW4/gazebotest_ws/install/opencv_test_py:/home/cloliveira/rbe450x-ros/install/my_package:/opt/ros/humble /usr/bin/cmake --build /home/cloliveira/Final_Project/RBE4540FinalProjectGroup1/project_ws/build/pcl -- -j20 -l20
[14.461s] DEBUG:colcon.colcon_core.event_handler.log_command:Invoked command in '/home/cloliveira/Final_Project/RBE4540FinalProjectGroup1/project_ws/build/pcl' returned '0': CMAKE_PREFIX_PATH=${CMAKE_PREFIX_PATH}:/home/cloliveira/HW4/gazebotest_ws/install/rrbot_gazebo:/home/cloliveira/HW4/gazebotest_ws/install/rrbot_description:/home/cloliveira/HW4/gazebotest_ws/install/opencv_test_py:/home/cloliveira/rbe450x-ros/install/my_package:/opt/ros/humble /usr/bin/cmake --build /home/cloliveira/Final_Project/RBE4540FinalProjectGroup1/project_ws/build/pcl -- -j20 -l20
[14.463s] DEBUG:colcon.colcon_core.event_handler.log_command:Invoking command in '/home/cloliveira/Final_Project/RBE4540FinalProjectGroup1/project_ws/build/pcl': CMAKE_PREFIX_PATH=${CMAKE_PREFIX_PATH}:/home/cloliveira/HW4/gazebotest_ws/install/rrbot_gazebo:/home/cloliveira/HW4/gazebotest_ws/install/rrbot_description:/home/cloliveira/HW4/gazebotest_ws/install/opencv_test_py:/home/cloliveira/rbe450x-ros/install/my_package:/opt/ros/humble /usr/bin/cmake --install /home/cloliveira/Final_Project/RBE4540FinalProjectGroup1/project_ws/build/pcl
[14.504s] Level 1:colcon.colcon_core.environment:create_environment_scripts_only(pcl)
[14.504s] Level 1:colcon.colcon_core.environment:checking '/home/cloliveira/Final_Project/RBE4540FinalProjectGroup1/project_ws/install/pcl' for CMake module files
[14.505s] DEBUG:colcon.colcon_core.event_handler.log_command:Invoked command in '/home/cloliveira/Final_Project/RBE4540FinalProjectGroup1/project_ws/build/pcl' returned '0': CMAKE_PREFIX_PATH=${CMAKE_PREFIX_PATH}:/home/cloliveira/HW4/gazebotest_ws/install/rrbot_gazebo:/home/cloliveira/HW4/gazebotest_ws/install/rrbot_description:/home/cloliveira/HW4/gazebotest_ws/install/opencv_test_py:/home/cloliveira/rbe450x-ros/install/my_package:/opt/ros/humble /usr/bin/cmake --install /home/cloliveira/Final_Project/RBE4540FinalProjectGroup1/project_ws/build/pcl
[14.505s] Level 1:colcon.colcon_core.environment:checking '/home/cloliveira/Final_Project/RBE4540FinalProjectGroup1/project_ws/install/pcl' for CMake config files
[14.506s] Level 1:colcon.colcon_core.shell:create_environment_hook('pcl', 'cmake_prefix_path')
[14.506s] INFO:colcon.colcon_core.shell:Creating environment hook '/home/cloliveira/Final_Project/RBE4540FinalProjectGroup1/project_ws/install/pcl/share/pcl/hook/cmake_prefix_path.ps1'
[14.507s] INFO:colcon.colcon_core.shell:Creating environment descriptor '/home/cloliveira/Final_Project/RBE4540FinalProjectGroup1/project_ws/install/pcl/share/pcl/hook/cmake_prefix_path.dsv'
[14.507s] INFO:colcon.colcon_core.shell:Creating environment hook '/home/cloliveira/Final_Project/RBE4540FinalProjectGroup1/project_ws/install/pcl/share/pcl/hook/cmake_prefix_path.sh'
[14.507s] Level 1:colcon.colcon_core.environment:checking '/home/cloliveira/Final_Project/RBE4540FinalProjectGroup1/project_ws/install/pcl/lib'
[14.507s] Level 1:colcon.colcon_core.environment:checking '/home/cloliveira/Final_Project/RBE4540FinalProjectGroup1/project_ws/install/pcl/bin'
[14.507s] Level 1:colcon.colcon_core.environment:checking '/home/cloliveira/Final_Project/RBE4540FinalProjectGroup1/project_ws/install/pcl/lib/pkgconfig/pcl.pc'
[14.508s] Level 1:colcon.colcon_core.environment:checking '/home/cloliveira/Final_Project/RBE4540FinalProjectGroup1/project_ws/install/pcl/lib/python3.10/site-packages'
[14.508s] Level 1:colcon.colcon_core.environment:checking '/home/cloliveira/Final_Project/RBE4540FinalProjectGroup1/project_ws/install/pcl/bin'
[14.508s] INFO:colcon.colcon_core.shell:Creating package script '/home/cloliveira/Final_Project/RBE4540FinalProjectGroup1/project_ws/install/pcl/share/pcl/package.ps1'
[14.508s] INFO:colcon.colcon_core.shell:Creating package descriptor '/home/cloliveira/Final_Project/RBE4540FinalProjectGroup1/project_ws/install/pcl/share/pcl/package.dsv'
[14.508s] INFO:colcon.colcon_core.shell:Creating package script '/home/cloliveira/Final_Project/RBE4540FinalProjectGroup1/project_ws/install/pcl/share/pcl/package.sh'
[14.509s] INFO:colcon.colcon_core.shell:Creating package script '/home/cloliveira/Final_Project/RBE4540FinalProjectGroup1/project_ws/install/pcl/share/pcl/package.bash'
[14.509s] INFO:colcon.colcon_core.shell:Creating package script '/home/cloliveira/Final_Project/RBE4540FinalProjectGroup1/project_ws/install/pcl/share/pcl/package.zsh'
[14.509s] Level 1:colcon.colcon_core.environment:create_file_with_runtime_dependencies(/home/cloliveira/Final_Project/RBE4540FinalProjectGroup1/project_ws/install/pcl/share/colcon-core/packages/pcl)
[14.509s] Level 1:colcon.colcon_core.environment:create_environment_scripts_only(pcl)
[14.509s] Level 1:colcon.colcon_core.environment:checking '/home/cloliveira/Final_Project/RBE4540FinalProjectGroup1/project_ws/install/pcl' for CMake module files
[14.510s] Level 1:colcon.colcon_core.environment:checking '/home/cloliveira/Final_Project/RBE4540FinalProjectGroup1/project_ws/install/pcl' for CMake config files
[14.510s] Level 1:colcon.colcon_core.shell:create_environment_hook('pcl', 'cmake_prefix_path')
[14.510s] INFO:colcon.colcon_core.shell:Creating environment hook '/home/cloliveira/Final_Project/RBE4540FinalProjectGroup1/project_ws/install/pcl/share/pcl/hook/cmake_prefix_path.ps1'
[14.510s] INFO:colcon.colcon_core.shell:Creating environment descriptor '/home/cloliveira/Final_Project/RBE4540FinalProjectGroup1/project_ws/install/pcl/share/pcl/hook/cmake_prefix_path.dsv'
[14.510s] INFO:colcon.colcon_core.shell:Creating environment hook '/home/cloliveira/Final_Project/RBE4540FinalProjectGroup1/project_ws/install/pcl/share/pcl/hook/cmake_prefix_path.sh'
[14.511s] Level 1:colcon.colcon_core.environment:checking '/home/cloliveira/Final_Project/RBE4540FinalProjectGroup1/project_ws/install/pcl/lib'
[14.511s] Level 1:colcon.colcon_core.environment:checking '/home/cloliveira/Final_Project/RBE4540FinalProjectGroup1/project_ws/install/pcl/bin'
[14.511s] Level 1:colcon.colcon_core.environment:checking '/home/cloliveira/Final_Project/RBE4540FinalProjectGroup1/project_ws/install/pcl/lib/pkgconfig/pcl.pc'
[14.511s] Level 1:colcon.colcon_core.environment:checking '/home/cloliveira/Final_Project/RBE4540FinalProjectGroup1/project_ws/install/pcl/lib/python3.10/site-packages'
[14.511s] Level 1:colcon.colcon_core.environment:checking '/home/cloliveira/Final_Project/RBE4540FinalProjectGroup1/project_ws/install/pcl/bin'
[14.511s] INFO:colcon.colcon_core.shell:Creating package script '/home/cloliveira/Final_Project/RBE4540FinalProjectGroup1/project_ws/install/pcl/share/pcl/package.ps1'
[14.511s] INFO:colcon.colcon_core.shell:Creating package descriptor '/home/cloliveira/Final_Project/RBE4540FinalProjectGroup1/project_ws/install/pcl/share/pcl/package.dsv'
[14.512s] INFO:colcon.colcon_core.shell:Creating package script '/home/cloliveira/Final_Project/RBE4540FinalProjectGroup1/project_ws/install/pcl/share/pcl/package.sh'
[14.512s] INFO:colcon.colcon_core.shell:Creating package script '/home/cloliveira/Final_Project/RBE4540FinalProjectGroup1/project_ws/install/pcl/share/pcl/package.bash'
[14.512s] INFO:colcon.colcon_core.shell:Creating package script '/home/cloliveira/Final_Project/RBE4540FinalProjectGroup1/project_ws/install/pcl/share/pcl/package.zsh'
[14.513s] Level 1:colcon.colcon_core.environment:create_file_with_runtime_dependencies(/home/cloliveira/Final_Project/RBE4540FinalProjectGroup1/project_ws/install/pcl/share/colcon-core/packages/pcl)
[14.513s] DEBUG:colcon.colcon_parallel_executor.executor.parallel:closing loop
[14.513s] DEBUG:colcon.colcon_parallel_executor.executor.parallel:loop closed
[14.513s] DEBUG:colcon.colcon_parallel_executor.executor.parallel:run_until_complete finished with '0'
[14.513s] DEBUG:colcon.colcon_core.event_reactor:joining thread
[14.517s] INFO:colcon.colcon_core.plugin_system:Skipping extension 'colcon_notification.desktop_notification.terminal_notifier': Not used on non-Darwin systems
[14.517s] INFO:colcon.colcon_core.plugin_system:Skipping extension 'colcon_notification.desktop_notification.win32': Not used on non-Windows systems
[14.517s] INFO:colcon.colcon_notification.desktop_notification:Sending desktop notification using 'notify2'
[14.527s] DEBUG:colcon.colcon_core.event_reactor:joined thread
[14.528s] INFO:colcon.colcon_core.shell:Creating prefix script '/home/cloliveira/Final_Project/RBE4540FinalProjectGroup1/project_ws/install/local_setup.ps1'
[14.529s] INFO:colcon.colcon_core.shell:Creating prefix util module '/home/cloliveira/Final_Project/RBE4540FinalProjectGroup1/project_ws/install/_local_setup_util_ps1.py'
[14.530s] INFO:colcon.colcon_core.shell:Creating prefix chain script '/home/cloliveira/Final_Project/RBE4540FinalProjectGroup1/project_ws/install/setup.ps1'
[14.530s] INFO:colcon.colcon_core.shell:Creating prefix script '/home/cloliveira/Final_Project/RBE4540FinalProjectGroup1/project_ws/install/local_setup.sh'
[14.531s] INFO:colcon.colcon_core.shell:Creating prefix util module '/home/cloliveira/Final_Project/RBE4540FinalProjectGroup1/project_ws/install/_local_setup_util_sh.py'
[14.531s] INFO:colcon.colcon_core.shell:Creating prefix chain script '/home/cloliveira/Final_Project/RBE4540FinalProjectGroup1/project_ws/install/setup.sh'
[14.532s] INFO:colcon.colcon_core.shell:Creating prefix script '/home/cloliveira/Final_Project/RBE4540FinalProjectGroup1/project_ws/install/local_setup.bash'
[14.532s] INFO:colcon.colcon_core.shell:Creating prefix chain script '/home/cloliveira/Final_Project/RBE4540FinalProjectGroup1/project_ws/install/setup.bash'
[14.533s] INFO:colcon.colcon_core.shell:Creating prefix script '/home/cloliveira/Final_Project/RBE4540FinalProjectGroup1/project_ws/install/local_setup.zsh'
[14.533s] INFO:colcon.colcon_core.shell:Creating prefix chain script '/home/cloliveira/Final_Project/RBE4540FinalProjectGroup1/project_ws/install/setup.zsh'
